2025-07-22 16:42:18,777 - INFO - HTTP Request: GET https://translate.googleapis.com/translate_a/single?client=gtx&sl=auto&tl=zh-tw&hl=zh-tw&dt=at&dt=bd&dt=ex&dt=ld&dt=md&dt=qca&dt=rw&dt=rm&dt=ss&dt=t&ie=UTF-8&oe=UTF-8&otf=1&ssel=0&tsel=0&tk=xxxx&q=%E5%88%86%E6%AF%8D%E7%9B%B8%E5%90%8C%E5%97%8E%EF%BC%9F "HTTP/2 200 OK"
2025-07-22 16:50:46,822 - INFO - HTTP Request: GET https://translate.googleapis.com/translate_a/single?client=gtx&sl=auto&tl=zh-tw&hl=zh-tw&dt=at&dt=bd&dt=ex&dt=ld&dt=md&dt=qca&dt=rw&dt=rm&dt=ss&dt=t&ie=UTF-8&oe=UTF-8&otf=1&ssel=0&tsel=0&tk=xxxx&q=%E5%88%86%E6%AF%8D%E7%9B%B8%E5%90%8C%E5%97%8E%EF%BC%9F "HTTP/2 200 OK"
2025-07-22 16:51:01,431 - INFO - HTTP Request: GET https://translate.googleapis.com/translate_a/single?client=gtx&sl=auto&tl=zh-tw&hl=zh-tw&dt=at&dt=bd&dt=ex&dt=ld&dt=md&dt=qca&dt=rw&dt=rm&dt=ss&dt=t&ie=UTF-8&oe=UTF-8&otf=1&ssel=0&tsel=0&tk=xxxx&q=%E5%88%86%E6%AF%8D%E7%9B%B8%E5%90%8C%E5%97%8E%EF%BC%9F "HTTP/2 200 OK"
2025-07-22 16:52:05,637 - INFO - HTTP Request: GET https://translate.googleapis.com/translate_a/single?client=gtx&sl=auto&tl=zh-tw&hl=zh-tw&dt=at&dt=bd&dt=ex&dt=ld&dt=md&dt=qca&dt=rw&dt=rm&dt=ss&dt=t&ie=UTF-8&oe=UTF-8&otf=1&ssel=0&tsel=0&tk=xxxx&q=%E5%88%86%E6%AF%8D%E7%9B%B8%E5%90%8C%E5%97%8E%EF%BC%9F "HTTP/2 200 OK"
2025-07-22 17:02:30,188 - INFO - HTTP Request: GET https://translate.googleapis.com/translate_a/single?client=gtx&sl=auto&tl=zh-tw&hl=zh-tw&dt=at&dt=bd&dt=ex&dt=ld&dt=md&dt=qca&dt=rw&dt=rm&dt=ss&dt=t&ie=UTF-8&oe=UTF-8&otf=1&ssel=0&tsel=0&tk=xxxx&q=%E5%88%86%E6%AF%8D%E7%9B%B8%E5%90%8C%E5%97%8E%EF%BC%9F "HTTP/2 200 OK"
2025-07-22 17:04:21,957 - INFO - HTTP Request: GET https://translate.googleapis.com/translate_a/single?client=gtx&sl=auto&tl=zh-tw&hl=zh-tw&dt=at&dt=bd&dt=ex&dt=ld&dt=md&dt=qca&dt=rw&dt=rm&dt=ss&dt=t&ie=UTF-8&oe=UTF-8&otf=1&ssel=0&tsel=0&tk=xxxx&q=%E5%88%86%E6%AF%8D%E7%9B%B8%E5%90%8C%E5%97%8E%EF%BC%9F "HTTP/2 200 OK"
2025-07-22 17:54:54,044 - INFO - HTTP Request: GET https://translate.googleapis.com/translate_a/single?client=gtx&sl=auto&tl=zh-tw&hl=zh-tw&dt=at&dt=bd&dt=ex&dt=ld&dt=md&dt=qca&dt=rw&dt=rm&dt=ss&dt=t&ie=UTF-8&oe=UTF-8&otf=1&ssel=0&tsel=0&tk=xxxx&q=%E5%88%86%E6%AF%8D%E7%9B%B8%E5%90%8C%E5%97%8E%EF%BC%9F "HTTP/2 200 OK"
2025-07-22 17:57:40,339 - INFO - HTTP Request: GET https://translate.googleapis.com/translate_a/single?client=gtx&sl=auto&tl=zh-tw&hl=zh-tw&dt=at&dt=bd&dt=ex&dt=ld&dt=md&dt=qca&dt=rw&dt=rm&dt=ss&dt=t&ie=UTF-8&oe=UTF-8&otf=1&ssel=0&tsel=0&tk=xxxx&q=%E5%88%86%E6%AF%8D%E7%9B%B8%E5%90%8C%E5%97%8E%EF%BC%9F "HTTP/2 200 OK"
2025-07-22 18:02:24,559 - INFO - HTTP Request: GET https://translate.googleapis.com/translate_a/single?client=gtx&sl=auto&tl=zh-tw&hl=zh-tw&dt=at&dt=bd&dt=ex&dt=ld&dt=md&dt=qca&dt=rw&dt=rm&dt=ss&dt=t&ie=UTF-8&oe=UTF-8&otf=1&ssel=0&tsel=0&tk=xxxx&q=%E5%88%86%E6%AF%8D%E7%9B%B8%E5%90%8C%E5%97%8E%EF%BC%9F "HTTP/2 200 OK"
2025-07-22 18:04:40,155 - INFO - HTTP Request: GET https://translate.googleapis.com/translate_a/single?client=gtx&sl=auto&tl=zh-tw&hl=zh-tw&dt=at&dt=bd&dt=ex&dt=ld&dt=md&dt=qca&dt=rw&dt=rm&dt=ss&dt=t&ie=UTF-8&oe=UTF-8&otf=1&ssel=0&tsel=0&tk=xxxx&q=%E5%88%86%E6%AF%8D%E7%9B%B8%E5%90%8C%E5%97%8E%EF%BC%9F "HTTP/2 200 OK"
2025-07-23 16:05:23,258 - INFO - HTTP Request: GET https://translate.googleapis.com/translate_a/single?client=gtx&sl=auto&tl=zh-tw&hl=zh-tw&dt=at&dt=bd&dt=ex&dt=ld&dt=md&dt=qca&dt=rw&dt=rm&dt=ss&dt=t&ie=UTF-8&oe=UTF-8&otf=1&ssel=0&tsel=0&tk=xxxx&q=%E5%88%86%E6%AF%8D%E7%9B%B8%E5%90%8C%E5%97%8E%EF%BC%9F "HTTP/2 200 OK"
2025-07-23 16:07:46,509 - INFO - HTTP Request: GET https://translate.googleapis.com/translate_a/single?client=gtx&sl=auto&tl=zh-tw&hl=zh-tw&dt=at&dt=bd&dt=ex&dt=ld&dt=md&dt=qca&dt=rw&dt=rm&dt=ss&dt=t&ie=UTF-8&oe=UTF-8&otf=1&ssel=0&tsel=0&tk=xxxx&q=%E5%88%86%E6%AF%8D%E7%9B%B8%E5%90%8C%E5%97%8E%EF%BC%9F "HTTP/2 200 OK"
2025-07-23 16:11:45,142 - INFO - HTTP Request: GET https://translate.googleapis.com/translate_a/single?client=gtx&sl=auto&tl=zh-tw&hl=zh-tw&dt=at&dt=bd&dt=ex&dt=ld&dt=md&dt=qca&dt=rw&dt=rm&dt=ss&dt=t&ie=UTF-8&oe=UTF-8&otf=1&ssel=0&tsel=0&tk=xxxx&q=%E5%88%86%E6%AF%8D%E7%9B%B8%E5%90%8C%E5%97%8E%EF%BC%9F "HTTP/2 200 OK"
2025-07-24 19:00:54,620 - INFO - HTTP Request: POST http://127.0.0.1:11434/api/chat "HTTP/1.1 200 OK"
2025-07-24 19:00:54,781 - WARNING - findfont: Font family 'Arial Unicode MS' not found.
2025-07-24 19:00:54,781 - WARNING - findfont: Font family 'Arial Unicode MS' not found.
2025-07-24 19:00:54,796 - WARNING - findfont: Font family 'Arial Unicode MS' not found.
2025-07-24 19:00:54,812 - WARNING - findfont: Font family 'Arial Unicode MS' not found.
2025-07-24 19:00:54,812 - WARNING - findfont: Font family 'Arial Unicode MS' not found.
2025-07-24 19:00:54,851 - WARNING - findfont: Font family 'Arial Unicode MS' not found.
2025-07-24 19:00:54,852 - WARNING - findfont: Font family 'Arial Unicode MS' not found.
2025-07-24 19:00:54,853 - WARNING - findfont: Font family 'Arial Unicode MS' not found.
2025-07-24 19:00:54,857 - WARNING - findfont: Font family 'Arial Unicode MS' not found.
2025-07-24 19:00:54,858 - WARNING - findfont: Font family 'Arial Unicode MS' not found.
2025-07-24 19:00:54,860 - WARNING - findfont: Font family 'Arial Unicode MS' not found.
2025-07-24 19:00:54,866 - WARNING - findfont: Font family 'Arial Unicode MS' not found.
2025-07-24 19:00:54,866 - WARNING - findfont: Font family 'Arial Unicode MS' not found.
2025-07-24 19:00:54,942 - WARNING - findfont: Font family 'Arial Unicode MS' not found.
2025-07-24 19:00:54,942 - WARNING - findfont: Font family 'Arial Unicode MS' not found.
2025-07-24 19:00:54,942 - WARNING - findfont: Font family 'Arial Unicode MS' not found.
2025-07-24 19:00:54,947 - WARNING - findfont: Font family 'Arial Unicode MS' not found.
2025-07-24 19:00:54,947 - WARNING - findfont: Font family 'Arial Unicode MS' not found.
2025-07-24 19:00:54,947 - WARNING - findfont: Font family 'Arial Unicode MS' not found.
2025-07-24 19:00:54,968 - WARNING - findfont: Font family 'Arial Unicode MS' not found.
2025-07-24 19:00:54,983 - WARNING - findfont: Font family 'Arial Unicode MS' not found.
2025-07-24 19:00:54,983 - WARNING - findfont: Font family 'Arial Unicode MS' not found.
2025-07-24 19:00:54,983 - WARNING - findfont: Font family 'Arial Unicode MS' not found.
2025-07-24 19:00:54,983 - WARNING - findfont: Font family 'Arial Unicode MS' not found.
2025-07-24 19:00:54,989 - WARNING - findfont: Font family 'Arial Unicode MS' not found.
2025-07-24 19:00:54,990 - WARNING - findfont: Font family 'Arial Unicode MS' not found.
2025-07-24 19:00:54,991 - WARNING - findfont: Font family 'Arial Unicode MS' not found.
2025-07-24 19:00:54,992 - WARNING - findfont: Font family 'Arial Unicode MS' not found.
2025-07-24 19:00:54,994 - WARNING - findfont: Font family 'Arial Unicode MS' not found.
2025-07-24 19:00:55,070 - WARNING - findfont: Font family 'Arial Unicode MS' not found.
2025-07-24 19:00:55,071 - WARNING - findfont: Font family 'Arial Unicode MS' not found.
2025-07-24 19:00:55,075 - WARNING - findfont: Font family 'Arial Unicode MS' not found.
2025-07-24 19:00:55,077 - WARNING - findfont: Font family 'Arial Unicode MS' not found.
2025-07-24 19:00:55,078 - WARNING - findfont: Font family 'Arial Unicode MS' not found.
2025-07-24 19:00:55,112 - WARNING - findfont: Font family 'Arial Unicode MS' not found.
2025-07-24 19:00:55,113 - WARNING - findfont: Font family 'Arial Unicode MS' not found.
2025-07-24 19:00:55,114 - WARNING - findfont: Font family 'Arial Unicode MS' not found.
2025-07-24 19:00:55,119 - WARNING - findfont: Font family 'Arial Unicode MS' not found.
2025-07-24 19:00:55,119 - WARNING - findfont: Font family 'Arial Unicode MS' not found.
2025-07-24 19:00:55,122 - WARNING - findfont: Font family 'Arial Unicode MS' not found.
2025-07-24 19:00:55,129 - WARNING - findfont: Font family 'Arial Unicode MS' not found.
2025-07-24 19:00:55,129 - WARNING - findfont: Font family 'Arial Unicode MS' not found.
2025-07-24 19:00:55,202 - WARNING - findfont: Font family 'Arial Unicode MS' not found.
2025-07-24 19:00:55,203 - WARNING - findfont: Font family 'Arial Unicode MS' not found.
2025-07-24 19:00:55,204 - WARNING - findfont: Font family 'Arial Unicode MS' not found.
2025-07-24 19:00:55,209 - WARNING - findfont: Font family 'Arial Unicode MS' not found.
2025-07-24 19:00:55,210 - WARNING - findfont: Font family 'Arial Unicode MS' not found.
2025-07-24 19:00:55,211 - WARNING - findfont: Font family 'Arial Unicode MS' not found.
2025-07-24 19:00:55,232 - WARNING - findfont: Font family 'Arial Unicode MS' not found.
2025-07-24 19:00:55,233 - WARNING - findfont: Font family 'Arial Unicode MS' not found.
2025-07-24 19:00:55,234 - WARNING - findfont: Font family 'Arial Unicode MS' not found.
2025-07-24 19:00:55,237 - WARNING - findfont: Font family 'Arial Unicode MS' not found.
2025-07-24 19:00:55,238 - WARNING - findfont: Font family 'Arial Unicode MS' not found.
2025-07-24 19:00:55,239 - WARNING - findfont: Font family 'Arial Unicode MS' not found.
2025-07-24 19:00:55,240 - WARNING - findfont: Font family 'Arial Unicode MS' not found.
2025-07-24 19:00:55,240 - WARNING - findfont: Font family 'Arial Unicode MS' not found.
2025-07-24 19:00:55,240 - WARNING - findfont: Font family 'Arial Unicode MS' not found.
2025-07-24 19:00:55,243 - WARNING - findfont: Font family 'Arial Unicode MS' not found.
2025-07-24 19:00:55,320 - WARNING - findfont: Font family 'Arial Unicode MS' not found.
2025-07-24 19:00:55,322 - WARNING - findfont: Font family 'Arial Unicode MS' not found.
2025-07-24 19:00:55,325 - WARNING - findfont: Font family 'Arial Unicode MS' not found.
2025-07-24 19:00:55,327 - WARNING - findfont: Font family 'Arial Unicode MS' not found.
2025-07-24 19:00:55,328 - WARNING - findfont: Font family 'Arial Unicode MS' not found.
2025-07-24 19:00:55,363 - WARNING - findfont: Font family 'Arial Unicode MS' not found.
2025-07-24 19:00:55,365 - WARNING - findfont: Font family 'Arial Unicode MS' not found.
2025-07-24 19:00:55,366 - WARNING - findfont: Font family 'Arial Unicode MS' not found.
2025-07-24 19:00:55,370 - WARNING - findfont: Font family 'Arial Unicode MS' not found.
2025-07-24 19:00:55,370 - WARNING - findfont: Font family 'Arial Unicode MS' not found.
2025-07-24 19:00:55,373 - WARNING - findfont: Font family 'Arial Unicode MS' not found.
2025-07-24 19:00:55,384 - WARNING - findfont: Font family 'Arial Unicode MS' not found.
2025-07-24 19:00:55,386 - WARNING - findfont: Font family 'Arial Unicode MS' not found.
2025-07-24 19:00:55,455 - WARNING - findfont: Font family 'Arial Unicode MS' not found.
2025-07-24 19:00:55,456 - WARNING - findfont: Font family 'Arial Unicode MS' not found.
2025-07-24 19:00:55,457 - WARNING - findfont: Font family 'Arial Unicode MS' not found.
2025-07-24 19:00:55,462 - WARNING - findfont: Font family 'Arial Unicode MS' not found.
2025-07-24 19:00:55,462 - WARNING - findfont: Font family 'Arial Unicode MS' not found.
2025-07-24 19:00:55,464 - WARNING - findfont: Font family 'Arial Unicode MS' not found.
2025-07-24 19:00:55,486 - WARNING - findfont: Font family 'Arial Unicode MS' not found.
2025-07-24 19:00:55,486 - WARNING - findfont: Font family 'Arial Unicode MS' not found.
2025-07-24 19:00:55,487 - WARNING - findfont: Font family 'Arial Unicode MS' not found.
2025-07-24 19:00:55,491 - WARNING - findfont: Font family 'Arial Unicode MS' not found.
2025-07-24 19:00:55,492 - WARNING - findfont: Font family 'Arial Unicode MS' not found.
2025-07-24 19:00:55,493 - WARNING - findfont: Font family 'Arial Unicode MS' not found.
2025-07-24 19:00:55,494 - WARNING - findfont: Font family 'Arial Unicode MS' not found.
2025-07-24 19:00:55,495 - WARNING - findfont: Font family 'Arial Unicode MS' not found.
2025-07-24 19:00:55,496 - WARNING - findfont: Font family 'Arial Unicode MS' not found.
2025-07-24 19:00:55,497 - WARNING - findfont: Font family 'Arial Unicode MS' not found.
2025-07-24 19:08:52,472 - INFO - HTTP Request: POST http://127.0.0.1:11434/api/chat "HTTP/1.1 200 OK"
2025-07-24 19:08:52,503 - WARNING - findfont: Font family 'Arial Unicode MS' not found.
2025-07-24 19:08:52,517 - WARNING - findfont: Font family 'Arial Unicode MS' not found.
2025-07-24 19:08:52,519 - WARNING - findfont: Font family 'Arial Unicode MS' not found.
2025-07-24 19:08:52,521 - WARNING - findfont: Font family 'Arial Unicode MS' not found.
2025-07-24 19:08:52,522 - WARNING - findfont: Font family 'Arial Unicode MS' not found.
2025-07-24 19:08:52,555 - WARNING - findfont: Font family 'Arial Unicode MS' not found.
2025-07-24 19:08:52,556 - WARNING - findfont: Font family 'Arial Unicode MS' not found.
2025-07-24 19:08:52,557 - WARNING - findfont: Font family 'Arial Unicode MS' not found.
2025-07-24 19:08:52,561 - WARNING - findfont: Font family 'Arial Unicode MS' not found.
2025-07-24 19:08:52,561 - WARNING - findfont: Font family 'Arial Unicode MS' not found.
2025-07-24 19:08:52,564 - WARNING - findfont: Font family 'Arial Unicode MS' not found.
2025-07-24 19:08:52,574 - WARNING - findfont: Font family 'Arial Unicode MS' not found.
2025-07-24 19:08:52,576 - WARNING - findfont: Font family 'Arial Unicode MS' not found.
2025-07-24 19:08:52,644 - WARNING - findfont: Font family 'Arial Unicode MS' not found.
2025-07-24 19:08:52,645 - WARNING - findfont: Font family 'Arial Unicode MS' not found.
2025-07-24 19:08:52,646 - WARNING - findfont: Font family 'Arial Unicode MS' not found.
2025-07-24 19:08:52,651 - WARNING - findfont: Font family 'Arial Unicode MS' not found.
2025-07-24 19:08:52,653 - WARNING - findfont: Font family 'Arial Unicode MS' not found.
2025-07-24 19:08:52,654 - WARNING - findfont: Font family 'Arial Unicode MS' not found.
2025-07-24 19:08:52,675 - WARNING - findfont: Font family 'Arial Unicode MS' not found.
2025-07-24 19:08:52,677 - WARNING - findfont: Font family 'Arial Unicode MS' not found.
2025-07-24 19:08:52,678 - WARNING - findfont: Font family 'Arial Unicode MS' not found.
2025-07-24 19:08:52,682 - WARNING - findfont: Font family 'Arial Unicode MS' not found.
2025-07-24 19:08:52,682 - WARNING - findfont: Font family 'Arial Unicode MS' not found.
2025-07-24 19:08:52,683 - WARNING - findfont: Font family 'Arial Unicode MS' not found.
2025-07-24 19:08:52,684 - WARNING - findfont: Font family 'Arial Unicode MS' not found.
2025-07-24 19:08:52,685 - WARNING - findfont: Font family 'Arial Unicode MS' not found.
2025-07-24 19:08:52,686 - WARNING - findfont: Font family 'Arial Unicode MS' not found.
2025-07-24 19:08:52,687 - WARNING - findfont: Font family 'Arial Unicode MS' not found.
2025-07-24 19:08:52,757 - WARNING - findfont: Font family 'Arial Unicode MS' not found.
2025-07-24 19:08:52,765 - WARNING - findfont: Font family 'Arial Unicode MS' not found.
2025-07-24 19:08:52,768 - WARNING - findfont: Font family 'Arial Unicode MS' not found.
2025-07-24 19:08:52,771 - WARNING - findfont: Font family 'Arial Unicode MS' not found.
2025-07-24 19:08:52,771 - WARNING - findfont: Font family 'Arial Unicode MS' not found.
2025-07-24 19:08:52,808 - WARNING - findfont: Font family 'Arial Unicode MS' not found.
2025-07-24 19:08:52,809 - WARNING - findfont: Font family 'Arial Unicode MS' not found.
2025-07-24 19:08:52,811 - WARNING - findfont: Font family 'Arial Unicode MS' not found.
2025-07-24 19:08:52,814 - WARNING - findfont: Font family 'Arial Unicode MS' not found.
2025-07-24 19:08:52,815 - WARNING - findfont: Font family 'Arial Unicode MS' not found.
2025-07-24 19:08:52,817 - WARNING - findfont: Font family 'Arial Unicode MS' not found.
2025-07-24 19:08:52,828 - WARNING - findfont: Font family 'Arial Unicode MS' not found.
2025-07-24 19:08:52,830 - WARNING - findfont: Font family 'Arial Unicode MS' not found.
2025-07-24 19:08:52,899 - WARNING - findfont: Font family 'Arial Unicode MS' not found.
2025-07-24 19:08:52,900 - WARNING - findfont: Font family 'Arial Unicode MS' not found.
2025-07-24 19:08:52,901 - WARNING - findfont: Font family 'Arial Unicode MS' not found.
2025-07-24 19:08:52,906 - WARNING - findfont: Font family 'Arial Unicode MS' not found.
2025-07-24 19:08:52,906 - WARNING - findfont: Font family 'Arial Unicode MS' not found.
2025-07-24 19:08:52,908 - WARNING - findfont: Font family 'Arial Unicode MS' not found.
2025-07-24 19:08:52,928 - WARNING - findfont: Font family 'Arial Unicode MS' not found.
2025-07-24 19:08:52,929 - WARNING - findfont: Font family 'Arial Unicode MS' not found.
2025-07-24 19:08:52,930 - WARNING - findfont: Font family 'Arial Unicode MS' not found.
2025-07-24 19:08:52,934 - WARNING - findfont: Font family 'Arial Unicode MS' not found.
2025-07-24 19:08:52,934 - WARNING - findfont: Font family 'Arial Unicode MS' not found.
2025-07-24 19:08:52,935 - WARNING - findfont: Font family 'Arial Unicode MS' not found.
2025-07-24 19:08:52,936 - WARNING - findfont: Font family 'Arial Unicode MS' not found.
2025-07-24 19:08:52,937 - WARNING - findfont: Font family 'Arial Unicode MS' not found.
2025-07-24 19:08:52,938 - WARNING - findfont: Font family 'Arial Unicode MS' not found.
2025-07-24 19:08:52,940 - WARNING - findfont: Font family 'Arial Unicode MS' not found.
2025-07-24 19:08:53,016 - WARNING - findfont: Font family 'Arial Unicode MS' not found.
2025-07-24 19:08:53,018 - WARNING - findfont: Font family 'Arial Unicode MS' not found.
2025-07-24 19:08:53,020 - WARNING - findfont: Font family 'Arial Unicode MS' not found.
2025-07-24 19:08:53,023 - WARNING - findfont: Font family 'Arial Unicode MS' not found.
2025-07-24 19:08:53,023 - WARNING - findfont: Font family 'Arial Unicode MS' not found.
2025-07-24 19:08:53,060 - WARNING - findfont: Font family 'Arial Unicode MS' not found.
2025-07-24 19:08:53,061 - WARNING - findfont: Font family 'Arial Unicode MS' not found.
2025-07-24 19:08:53,062 - WARNING - findfont: Font family 'Arial Unicode MS' not found.
2025-07-24 19:08:53,065 - WARNING - findfont: Font family 'Arial Unicode MS' not found.
2025-07-24 19:08:53,066 - WARNING - findfont: Font family 'Arial Unicode MS' not found.
2025-07-24 19:08:53,069 - WARNING - findfont: Font family 'Arial Unicode MS' not found.
2025-07-24 19:08:53,080 - WARNING - findfont: Font family 'Arial Unicode MS' not found.
2025-07-24 19:08:53,081 - WARNING - findfont: Font family 'Arial Unicode MS' not found.
2025-07-24 19:08:53,148 - WARNING - findfont: Font family 'Arial Unicode MS' not found.
2025-07-24 19:08:53,150 - WARNING - findfont: Font family 'Arial Unicode MS' not found.
2025-07-24 19:08:53,151 - WARNING - findfont: Font family 'Arial Unicode MS' not found.
2025-07-24 19:08:53,155 - WARNING - findfont: Font family 'Arial Unicode MS' not found.
2025-07-24 19:08:53,156 - WARNING - findfont: Font family 'Arial Unicode MS' not found.
2025-07-24 19:08:53,157 - WARNING - findfont: Font family 'Arial Unicode MS' not found.
2025-07-24 19:08:53,178 - WARNING - findfont: Font family 'Arial Unicode MS' not found.
2025-07-24 19:08:53,179 - WARNING - findfont: Font family 'Arial Unicode MS' not found.
2025-07-24 19:08:53,180 - WARNING - findfont: Font family 'Arial Unicode MS' not found.
2025-07-24 19:08:53,183 - WARNING - findfont: Font family 'Arial Unicode MS' not found.
2025-07-24 19:08:53,184 - WARNING - findfont: Font family 'Arial Unicode MS' not found.
2025-07-24 19:08:53,185 - WARNING - findfont: Font family 'Arial Unicode MS' not found.
2025-07-24 19:08:53,186 - WARNING - findfont: Font family 'Arial Unicode MS' not found.
2025-07-24 19:08:53,187 - WARNING - findfont: Font family 'Arial Unicode MS' not found.
2025-07-24 19:08:53,188 - WARNING - findfont: Font family 'Arial Unicode MS' not found.
2025-07-24 19:08:53,189 - WARNING - findfont: Font family 'Arial Unicode MS' not found.
2025-07-24 19:13:33,785 - INFO - HTTP Request: POST http://127.0.0.1:11434/api/chat "HTTP/1.1 200 OK"
2025-07-24 19:13:33,820 - WARNING - findfont: Font family 'Arial Unicode MS' not found.
2025-07-24 19:13:33,830 - WARNING - findfont: Font family 'Arial Unicode MS' not found.
2025-07-24 19:13:33,833 - WARNING - findfont: Font family 'Arial Unicode MS' not found.
2025-07-24 19:13:33,835 - WARNING - findfont: Font family 'Arial Unicode MS' not found.
2025-07-24 19:13:33,836 - WARNING - findfont: Font family 'Arial Unicode MS' not found.
2025-07-24 19:13:33,871 - WARNING - findfont: Font family 'Arial Unicode MS' not found.
2025-07-24 19:13:33,871 - WARNING - findfont: Font family 'Arial Unicode MS' not found.
2025-07-24 19:13:33,871 - WARNING - findfont: Font family 'Arial Unicode MS' not found.
2025-07-24 19:13:33,876 - WARNING - findfont: Font family 'Arial Unicode MS' not found.
2025-07-24 19:13:33,876 - WARNING - findfont: Font family 'Arial Unicode MS' not found.
2025-07-24 19:13:33,879 - WARNING - findfont: Font family 'Arial Unicode MS' not found.
2025-07-24 19:13:33,890 - WARNING - findfont: Font family 'Arial Unicode MS' not found.
2025-07-24 19:13:33,892 - WARNING - findfont: Font family 'Arial Unicode MS' not found.
2025-07-24 19:13:33,959 - WARNING - findfont: Font family 'Arial Unicode MS' not found.
2025-07-24 19:13:33,974 - WARNING - findfont: Font family 'Arial Unicode MS' not found.
2025-07-24 19:13:33,980 - WARNING - findfont: Font family 'Arial Unicode MS' not found.
2025-07-24 19:13:33,982 - WARNING - findfont: Font family 'Arial Unicode MS' not found.
2025-07-24 19:13:33,983 - WARNING - findfont: Font family 'Arial Unicode MS' not found.
2025-07-24 19:13:34,019 - WARNING - findfont: Font family 'Arial Unicode MS' not found.
2025-07-24 19:13:34,020 - WARNING - findfont: Font family 'Arial Unicode MS' not found.
2025-07-24 19:13:34,021 - WARNING - findfont: Font family 'Arial Unicode MS' not found.
2025-07-24 19:13:34,025 - WARNING - findfont: Font family 'Arial Unicode MS' not found.
2025-07-24 19:13:34,025 - WARNING - findfont: Font family 'Arial Unicode MS' not found.
2025-07-24 19:13:34,027 - WARNING - findfont: Font family 'Arial Unicode MS' not found.
2025-07-24 19:13:34,038 - WARNING - findfont: Font family 'Arial Unicode MS' not found.
2025-07-24 19:13:34,039 - WARNING - findfont: Font family 'Arial Unicode MS' not found.
2025-07-24 19:13:34,106 - WARNING - findfont: Font family 'Arial Unicode MS' not found.
2025-07-24 19:13:34,107 - WARNING - findfont: Font family 'Arial Unicode MS' not found.
2025-07-24 19:13:34,109 - WARNING - findfont: Font family 'Arial Unicode MS' not found.
2025-07-24 19:13:34,113 - WARNING - findfont: Font family 'Arial Unicode MS' not found.
2025-07-24 19:13:34,115 - WARNING - findfont: Font family 'Arial Unicode MS' not found.
2025-07-24 19:13:34,116 - WARNING - findfont: Font family 'Arial Unicode MS' not found.
2025-07-24 19:13:34,138 - WARNING - findfont: Font family 'Arial Unicode MS' not found.
2025-07-24 19:13:34,139 - WARNING - findfont: Font family 'Arial Unicode MS' not found.
2025-07-24 19:13:34,140 - WARNING - findfont: Font family 'Arial Unicode MS' not found.
2025-07-24 19:13:34,144 - WARNING - findfont: Font family 'Arial Unicode MS' not found.
2025-07-24 19:13:34,144 - WARNING - findfont: Font family 'Arial Unicode MS' not found.
2025-07-24 19:13:34,145 - WARNING - findfont: Font family 'Arial Unicode MS' not found.
2025-07-24 19:13:34,146 - WARNING - findfont: Font family 'Arial Unicode MS' not found.
2025-07-24 19:13:34,147 - WARNING - findfont: Font family 'Arial Unicode MS' not found.
2025-07-24 19:13:34,148 - WARNING - findfont: Font family 'Arial Unicode MS' not found.
2025-07-24 19:13:34,150 - WARNING - findfont: Font family 'Arial Unicode MS' not found.
2025-07-24 19:13:34,226 - WARNING - findfont: Font family 'Arial Unicode MS' not found.
2025-07-24 19:13:34,228 - WARNING - findfont: Font family 'Arial Unicode MS' not found.
2025-07-24 19:13:34,231 - WARNING - findfont: Font family 'Arial Unicode MS' not found.
2025-07-24 19:13:34,233 - WARNING - findfont: Font family 'Arial Unicode MS' not found.
2025-07-24 19:13:34,234 - WARNING - findfont: Font family 'Arial Unicode MS' not found.
2025-07-24 19:13:34,269 - WARNING - findfont: Font family 'Arial Unicode MS' not found.
2025-07-24 19:13:34,271 - WARNING - findfont: Font family 'Arial Unicode MS' not found.
2025-07-24 19:13:34,272 - WARNING - findfont: Font family 'Arial Unicode MS' not found.
2025-07-24 19:13:34,276 - WARNING - findfont: Font family 'Arial Unicode MS' not found.
2025-07-24 19:13:34,276 - WARNING - findfont: Font family 'Arial Unicode MS' not found.
2025-07-24 19:13:34,278 - WARNING - findfont: Font family 'Arial Unicode MS' not found.
2025-07-24 19:13:34,289 - WARNING - findfont: Font family 'Arial Unicode MS' not found.
2025-07-24 19:13:34,290 - WARNING - findfont: Font family 'Arial Unicode MS' not found.
2025-07-24 19:13:34,346 - WARNING - findfont: Font family 'Arial Unicode MS' not found.
2025-07-24 19:13:34,360 - WARNING - findfont: Font family 'Arial Unicode MS' not found.
2025-07-24 19:13:34,361 - WARNING - findfont: Font family 'Arial Unicode MS' not found.
2025-07-24 19:13:34,365 - WARNING - findfont: Font family 'Arial Unicode MS' not found.
2025-07-24 19:13:34,366 - WARNING - findfont: Font family 'Arial Unicode MS' not found.
2025-07-24 19:13:34,369 - WARNING - findfont: Font family 'Arial Unicode MS' not found.
2025-07-24 19:13:34,391 - WARNING - findfont: Font family 'Arial Unicode MS' not found.
2025-07-24 19:13:34,392 - WARNING - findfont: Font family 'Arial Unicode MS' not found.
2025-07-24 19:13:34,393 - WARNING - findfont: Font family 'Arial Unicode MS' not found.
2025-07-24 19:13:34,397 - WARNING - findfont: Font family 'Arial Unicode MS' not found.
2025-07-24 19:13:34,397 - WARNING - findfont: Font family 'Arial Unicode MS' not found.
2025-07-24 19:13:34,399 - WARNING - findfont: Font family 'Arial Unicode MS' not found.
2025-07-24 19:13:34,401 - WARNING - findfont: Font family 'Arial Unicode MS' not found.
2025-07-24 19:13:34,402 - WARNING - findfont: Font family 'Arial Unicode MS' not found.
2025-07-24 19:13:34,403 - WARNING - findfont: Font family 'Arial Unicode MS' not found.
2025-07-24 19:13:34,404 - WARNING - findfont: Font family 'Arial Unicode MS' not found.
2025-07-24 19:18:07,845 - INFO - HTTP Request: POST http://127.0.0.1:11434/api/chat "HTTP/1.1 200 OK"
2025-07-24 19:18:07,886 - WARNING - findfont: Font family 'Arial Unicode MS' not found.
2025-07-24 19:18:07,890 - WARNING - findfont: Font family 'Arial Unicode MS' not found.
2025-07-24 19:18:07,893 - WARNING - findfont: Font family 'Arial Unicode MS' not found.
2025-07-24 19:18:07,895 - WARNING - findfont: Font family 'Arial Unicode MS' not found.
2025-07-24 19:18:07,896 - WARNING - findfont: Font family 'Arial Unicode MS' not found.
2025-07-24 19:18:07,928 - WARNING - findfont: Font family 'Arial Unicode MS' not found.
2025-07-24 19:18:07,929 - WARNING - findfont: Font family 'Arial Unicode MS' not found.
2025-07-24 19:18:07,930 - WARNING - findfont: Font family 'Arial Unicode MS' not found.
2025-07-24 19:18:07,933 - WARNING - findfont: Font family 'Arial Unicode MS' not found.
2025-07-24 19:18:07,934 - WARNING - findfont: Font family 'Arial Unicode MS' not found.
2025-07-24 19:18:07,936 - WARNING - findfont: Font family 'Arial Unicode MS' not found.
2025-07-24 19:18:07,947 - WARNING - findfont: Font family 'Arial Unicode MS' not found.
2025-07-24 19:18:07,948 - WARNING - findfont: Font family 'Arial Unicode MS' not found.
2025-07-24 19:18:08,015 - WARNING - findfont: Font family 'Arial Unicode MS' not found.
2025-07-24 19:18:08,017 - WARNING - findfont: Font family 'Arial Unicode MS' not found.
2025-07-24 19:18:08,018 - WARNING - findfont: Font family 'Arial Unicode MS' not found.
2025-07-24 19:18:08,022 - WARNING - findfont: Font family 'Arial Unicode MS' not found.
2025-07-24 19:18:08,024 - WARNING - findfont: Font family 'Arial Unicode MS' not found.
2025-07-24 19:18:08,025 - WARNING - findfont: Font family 'Arial Unicode MS' not found.
2025-07-24 19:18:08,047 - WARNING - findfont: Font family 'Arial Unicode MS' not found.
2025-07-24 19:18:08,048 - WARNING - findfont: Font family 'Arial Unicode MS' not found.
2025-07-24 19:18:08,049 - WARNING - findfont: Font family 'Arial Unicode MS' not found.
2025-07-24 19:18:08,052 - WARNING - findfont: Font family 'Arial Unicode MS' not found.
2025-07-24 19:18:08,053 - WARNING - findfont: Font family 'Arial Unicode MS' not found.
2025-07-24 19:18:08,054 - WARNING - findfont: Font family 'Arial Unicode MS' not found.
2025-07-24 19:18:08,054 - WARNING - findfont: Font family 'Arial Unicode MS' not found.
2025-07-24 19:18:08,055 - WARNING - findfont: Font family 'Arial Unicode MS' not found.
2025-07-24 19:18:08,056 - WARNING - findfont: Font family 'Arial Unicode MS' not found.
2025-07-24 19:18:08,058 - WARNING - findfont: Font family 'Arial Unicode MS' not found.
2025-07-24 19:18:08,133 - WARNING - findfont: Font family 'Arial Unicode MS' not found.
2025-07-24 19:18:08,134 - WARNING - findfont: Font family 'Arial Unicode MS' not found.
2025-07-24 19:18:08,137 - WARNING - findfont: Font family 'Arial Unicode MS' not found.
2025-07-24 19:18:08,140 - WARNING - findfont: Font family 'Arial Unicode MS' not found.
2025-07-24 19:18:08,140 - WARNING - findfont: Font family 'Arial Unicode MS' not found.
2025-07-24 19:18:08,178 - WARNING - findfont: Font family 'Arial Unicode MS' not found.
2025-07-24 19:18:08,179 - WARNING - findfont: Font family 'Arial Unicode MS' not found.
2025-07-24 19:18:08,180 - WARNING - findfont: Font family 'Arial Unicode MS' not found.
2025-07-24 19:18:08,183 - WARNING - findfont: Font family 'Arial Unicode MS' not found.
2025-07-24 19:18:08,184 - WARNING - findfont: Font family 'Arial Unicode MS' not found.
2025-07-24 19:18:08,186 - WARNING - findfont: Font family 'Arial Unicode MS' not found.
2025-07-24 19:18:08,197 - WARNING - findfont: Font family 'Arial Unicode MS' not found.
2025-07-24 19:18:08,198 - WARNING - findfont: Font family 'Arial Unicode MS' not found.
2025-07-24 19:18:08,267 - WARNING - findfont: Font family 'Arial Unicode MS' not found.
2025-07-24 19:18:08,268 - WARNING - findfont: Font family 'Arial Unicode MS' not found.
2025-07-24 19:18:08,269 - WARNING - findfont: Font family 'Arial Unicode MS' not found.
2025-07-24 19:18:08,273 - WARNING - findfont: Font family 'Arial Unicode MS' not found.
2025-07-24 19:18:08,274 - WARNING - findfont: Font family 'Arial Unicode MS' not found.
2025-07-24 19:18:08,276 - WARNING - findfont: Font family 'Arial Unicode MS' not found.
2025-07-24 19:18:08,296 - WARNING - findfont: Font family 'Arial Unicode MS' not found.
2025-07-24 19:18:08,297 - WARNING - findfont: Font family 'Arial Unicode MS' not found.
2025-07-24 19:18:08,299 - WARNING - findfont: Font family 'Arial Unicode MS' not found.
2025-07-24 19:18:08,302 - WARNING - findfont: Font family 'Arial Unicode MS' not found.
2025-07-24 19:18:08,303 - WARNING - findfont: Font family 'Arial Unicode MS' not found.
2025-07-24 19:18:08,304 - WARNING - findfont: Font family 'Arial Unicode MS' not found.
2025-07-24 19:18:08,305 - WARNING - findfont: Font family 'Arial Unicode MS' not found.
2025-07-24 19:18:08,306 - WARNING - findfont: Font family 'Arial Unicode MS' not found.
2025-07-24 19:18:08,307 - WARNING - findfont: Font family 'Arial Unicode MS' not found.
2025-07-24 19:18:08,308 - WARNING - findfont: Font family 'Arial Unicode MS' not found.
2025-07-24 19:18:08,382 - WARNING - findfont: Font family 'Arial Unicode MS' not found.
2025-07-24 19:18:08,386 - WARNING - findfont: Font family 'Arial Unicode MS' not found.
2025-07-24 19:18:08,388 - WARNING - findfont: Font family 'Arial Unicode MS' not found.
2025-07-24 19:18:08,391 - WARNING - findfont: Font family 'Arial Unicode MS' not found.
2025-07-24 19:18:08,391 - WARNING - findfont: Font family 'Arial Unicode MS' not found.
2025-07-24 19:18:08,427 - WARNING - findfont: Font family 'Arial Unicode MS' not found.
2025-07-24 19:18:08,428 - WARNING - findfont: Font family 'Arial Unicode MS' not found.
2025-07-24 19:18:08,429 - WARNING - findfont: Font family 'Arial Unicode MS' not found.
2025-07-24 19:18:08,433 - WARNING - findfont: Font family 'Arial Unicode MS' not found.
2025-07-24 19:18:08,433 - WARNING - findfont: Font family 'Arial Unicode MS' not found.
2025-07-24 19:18:08,436 - WARNING - findfont: Font family 'Arial Unicode MS' not found.
2025-07-24 19:18:08,447 - WARNING - findfont: Font family 'Arial Unicode MS' not found.
2025-07-24 19:18:08,448 - WARNING - findfont: Font family 'Arial Unicode MS' not found.
2025-07-24 19:18:08,516 - WARNING - findfont: Font family 'Arial Unicode MS' not found.
2025-07-24 19:18:08,517 - WARNING - findfont: Font family 'Arial Unicode MS' not found.
2025-07-24 19:18:08,518 - WARNING - findfont: Font family 'Arial Unicode MS' not found.
2025-07-24 19:18:08,522 - WARNING - findfont: Font family 'Arial Unicode MS' not found.
2025-07-24 19:18:08,523 - WARNING - findfont: Font family 'Arial Unicode MS' not found.
2025-07-24 19:18:08,526 - WARNING - findfont: Font family 'Arial Unicode MS' not found.
2025-07-24 19:18:08,546 - WARNING - findfont: Font family 'Arial Unicode MS' not found.
2025-07-24 19:18:08,548 - WARNING - findfont: Font family 'Arial Unicode MS' not found.
2025-07-24 19:18:08,549 - WARNING - findfont: Font family 'Arial Unicode MS' not found.
2025-07-24 19:18:08,552 - WARNING - findfont: Font family 'Arial Unicode MS' not found.
2025-07-24 19:18:08,553 - WARNING - findfont: Font family 'Arial Unicode MS' not found.
2025-07-24 19:18:08,555 - WARNING - findfont: Font family 'Arial Unicode MS' not found.
2025-07-24 19:18:08,557 - WARNING - findfont: Font family 'Arial Unicode MS' not found.
2025-07-24 19:18:08,557 - WARNING - findfont: Font family 'Arial Unicode MS' not found.
2025-07-24 19:18:08,559 - WARNING - findfont: Font family 'Arial Unicode MS' not found.
2025-07-24 19:18:08,560 - WARNING - findfont: Font family 'Arial Unicode MS' not found.
2025-07-24 19:21:39,925 - INFO - HTTP Request: POST http://127.0.0.1:11434/api/chat "HTTP/1.1 200 OK"
2025-07-24 19:21:39,967 - WARNING - findfont: Font family 'Arial Unicode MS' not found.
2025-07-24 19:21:39,970 - WARNING - findfont: Font family 'Arial Unicode MS' not found.
2025-07-24 19:21:39,972 - WARNING - findfont: Font family 'Arial Unicode MS' not found.
2025-07-24 19:21:39,975 - WARNING - findfont: Font family 'Arial Unicode MS' not found.
2025-07-24 19:21:39,976 - WARNING - findfont: Font family 'Arial Unicode MS' not found.
2025-07-24 19:21:40,009 - WARNING - findfont: Font family 'Arial Unicode MS' not found.
2025-07-24 19:21:40,010 - WARNING - findfont: Font family 'Arial Unicode MS' not found.
2025-07-24 19:21:40,011 - WARNING - findfont: Font family 'Arial Unicode MS' not found.
2025-07-24 19:21:40,015 - WARNING - findfont: Font family 'Arial Unicode MS' not found.
2025-07-24 19:21:40,015 - WARNING - findfont: Font family 'Arial Unicode MS' not found.
2025-07-24 19:21:40,018 - WARNING - findfont: Font family 'Arial Unicode MS' not found.
2025-07-24 19:21:40,028 - WARNING - findfont: Font family 'Arial Unicode MS' not found.
2025-07-24 19:21:40,030 - WARNING - findfont: Font family 'Arial Unicode MS' not found.
2025-07-24 19:21:40,094 - WARNING - findfont: Font family 'Arial Unicode MS' not found.
2025-07-24 19:21:40,099 - WARNING - findfont: Font family 'Arial Unicode MS' not found.
2025-07-24 19:21:40,100 - WARNING - findfont: Font family 'Arial Unicode MS' not found.
2025-07-24 19:21:40,104 - WARNING - findfont: Font family 'Arial Unicode MS' not found.
2025-07-24 19:21:40,106 - WARNING - findfont: Font family 'Arial Unicode MS' not found.
2025-07-24 19:21:40,109 - WARNING - findfont: Font family 'Arial Unicode MS' not found.
2025-07-24 19:21:40,129 - WARNING - findfont: Font family 'Arial Unicode MS' not found.
2025-07-24 19:21:40,131 - WARNING - findfont: Font family 'Arial Unicode MS' not found.
2025-07-24 19:21:40,132 - WARNING - findfont: Font family 'Arial Unicode MS' not found.
2025-07-24 19:21:40,136 - WARNING - findfont: Font family 'Arial Unicode MS' not found.
2025-07-24 19:21:40,136 - WARNING - findfont: Font family 'Arial Unicode MS' not found.
2025-07-24 19:21:40,138 - WARNING - findfont: Font family 'Arial Unicode MS' not found.
2025-07-24 19:21:40,140 - WARNING - findfont: Font family 'Arial Unicode MS' not found.
2025-07-24 19:21:40,141 - WARNING - findfont: Font family 'Arial Unicode MS' not found.
2025-07-24 19:21:40,142 - WARNING - findfont: Font family 'Arial Unicode MS' not found.
2025-07-24 19:21:40,144 - WARNING - findfont: Font family 'Arial Unicode MS' not found.
2025-07-24 19:21:40,220 - WARNING - findfont: Font family 'Arial Unicode MS' not found.
2025-07-24 19:21:40,222 - WARNING - findfont: Font family 'Arial Unicode MS' not found.
2025-07-24 19:21:40,225 - WARNING - findfont: Font family 'Arial Unicode MS' not found.
2025-07-24 19:21:40,228 - WARNING - findfont: Font family 'Arial Unicode MS' not found.
2025-07-24 19:21:40,228 - WARNING - findfont: Font family 'Arial Unicode MS' not found.
2025-07-24 19:21:40,265 - WARNING - findfont: Font family 'Arial Unicode MS' not found.
2025-07-24 19:21:40,267 - WARNING - findfont: Font family 'Arial Unicode MS' not found.
2025-07-24 19:21:40,268 - WARNING - findfont: Font family 'Arial Unicode MS' not found.
2025-07-24 19:21:40,272 - WARNING - findfont: Font family 'Arial Unicode MS' not found.
2025-07-24 19:21:40,273 - WARNING - findfont: Font family 'Arial Unicode MS' not found.
2025-07-24 19:21:40,275 - WARNING - findfont: Font family 'Arial Unicode MS' not found.
2025-07-24 19:21:40,286 - WARNING - findfont: Font family 'Arial Unicode MS' not found.
2025-07-24 19:21:40,287 - WARNING - findfont: Font family 'Arial Unicode MS' not found.
2025-07-24 19:21:40,355 - WARNING - findfont: Font family 'Arial Unicode MS' not found.
2025-07-24 19:21:40,357 - WARNING - findfont: Font family 'Arial Unicode MS' not found.
2025-07-24 19:21:40,358 - WARNING - findfont: Font family 'Arial Unicode MS' not found.
2025-07-24 19:21:40,362 - WARNING - findfont: Font family 'Arial Unicode MS' not found.
2025-07-24 19:21:40,363 - WARNING - findfont: Font family 'Arial Unicode MS' not found.
2025-07-24 19:21:40,365 - WARNING - findfont: Font family 'Arial Unicode MS' not found.
2025-07-24 19:21:40,386 - WARNING - findfont: Font family 'Arial Unicode MS' not found.
2025-07-24 19:21:40,387 - WARNING - findfont: Font family 'Arial Unicode MS' not found.
2025-07-24 19:21:40,389 - WARNING - findfont: Font family 'Arial Unicode MS' not found.
2025-07-24 19:21:40,392 - WARNING - findfont: Font family 'Arial Unicode MS' not found.
2025-07-24 19:21:40,393 - WARNING - findfont: Font family 'Arial Unicode MS' not found.
2025-07-24 19:21:40,393 - WARNING - findfont: Font family 'Arial Unicode MS' not found.
2025-07-24 19:21:40,394 - WARNING - findfont: Font family 'Arial Unicode MS' not found.
2025-07-24 19:21:40,395 - WARNING - findfont: Font family 'Arial Unicode MS' not found.
2025-07-24 19:21:40,397 - WARNING - findfont: Font family 'Arial Unicode MS' not found.
2025-07-24 19:21:40,399 - WARNING - findfont: Font family 'Arial Unicode MS' not found.
2025-07-24 19:21:40,462 - WARNING - findfont: Font family 'Arial Unicode MS' not found.
2025-07-24 19:21:40,476 - WARNING - findfont: Font family 'Arial Unicode MS' not found.
2025-07-24 19:21:40,478 - WARNING - findfont: Font family 'Arial Unicode MS' not found.
2025-07-24 19:21:40,481 - WARNING - findfont: Font family 'Arial Unicode MS' not found.
2025-07-24 19:21:40,481 - WARNING - findfont: Font family 'Arial Unicode MS' not found.
2025-07-24 19:21:40,517 - WARNING - findfont: Font family 'Arial Unicode MS' not found.
2025-07-24 19:21:40,519 - WARNING - findfont: Font family 'Arial Unicode MS' not found.
2025-07-24 19:21:40,520 - WARNING - findfont: Font family 'Arial Unicode MS' not found.
2025-07-24 19:21:40,524 - WARNING - findfont: Font family 'Arial Unicode MS' not found.
2025-07-24 19:21:40,525 - WARNING - findfont: Font family 'Arial Unicode MS' not found.
2025-07-24 19:21:40,527 - WARNING - findfont: Font family 'Arial Unicode MS' not found.
2025-07-24 19:21:40,538 - WARNING - findfont: Font family 'Arial Unicode MS' not found.
2025-07-24 19:21:40,540 - WARNING - findfont: Font family 'Arial Unicode MS' not found.
2025-07-24 19:21:40,607 - WARNING - findfont: Font family 'Arial Unicode MS' not found.
2025-07-24 19:21:40,608 - WARNING - findfont: Font family 'Arial Unicode MS' not found.
2025-07-24 19:21:40,609 - WARNING - findfont: Font family 'Arial Unicode MS' not found.
2025-07-24 19:21:40,613 - WARNING - findfont: Font family 'Arial Unicode MS' not found.
2025-07-24 19:21:40,614 - WARNING - findfont: Font family 'Arial Unicode MS' not found.
2025-07-24 19:21:40,617 - WARNING - findfont: Font family 'Arial Unicode MS' not found.
2025-07-24 19:21:40,639 - WARNING - findfont: Font family 'Arial Unicode MS' not found.
2025-07-24 19:21:40,640 - WARNING - findfont: Font family 'Arial Unicode MS' not found.
2025-07-24 19:21:40,641 - WARNING - findfont: Font family 'Arial Unicode MS' not found.
2025-07-24 19:21:40,644 - WARNING - findfont: Font family 'Arial Unicode MS' not found.
2025-07-24 19:21:40,645 - WARNING - findfont: Font family 'Arial Unicode MS' not found.
2025-07-24 19:21:40,647 - WARNING - findfont: Font family 'Arial Unicode MS' not found.
2025-07-24 19:21:40,649 - WARNING - findfont: Font family 'Arial Unicode MS' not found.
2025-07-24 19:21:40,650 - WARNING - findfont: Font family 'Arial Unicode MS' not found.
2025-07-24 19:21:40,651 - WARNING - findfont: Font family 'Arial Unicode MS' not found.
2025-07-24 19:21:40,652 - WARNING - findfont: Font family 'Arial Unicode MS' not found.
2025-07-24 19:24:01,799 - INFO - HTTP Request: POST http://127.0.0.1:11434/api/chat "HTTP/1.1 200 OK"
2025-07-24 19:24:01,841 - WARNING - findfont: Font family 'Arial Unicode MS' not found.
2025-07-24 19:24:01,843 - WARNING - findfont: Font family 'Arial Unicode MS' not found.
2025-07-24 19:24:01,846 - WARNING - findfont: Font family 'Arial Unicode MS' not found.
2025-07-24 19:24:01,849 - WARNING - findfont: Font family 'Arial Unicode MS' not found.
2025-07-24 19:24:01,849 - WARNING - findfont: Font family 'Arial Unicode MS' not found.
2025-07-24 19:24:01,882 - WARNING - findfont: Font family 'Arial Unicode MS' not found.
2025-07-24 19:24:01,882 - WARNING - findfont: Font family 'Arial Unicode MS' not found.
2025-07-24 19:24:01,884 - WARNING - findfont: Font family 'Arial Unicode MS' not found.
2025-07-24 19:24:01,887 - WARNING - findfont: Font family 'Arial Unicode MS' not found.
2025-07-24 19:24:01,888 - WARNING - findfont: Font family 'Arial Unicode MS' not found.
2025-07-24 19:24:01,890 - WARNING - findfont: Font family 'Arial Unicode MS' not found.
2025-07-24 19:24:01,900 - WARNING - findfont: Font family 'Arial Unicode MS' not found.
2025-07-24 19:24:01,902 - WARNING - findfont: Font family 'Arial Unicode MS' not found.
2025-07-24 19:24:01,967 - WARNING - findfont: Font family 'Arial Unicode MS' not found.
2025-07-24 19:24:01,970 - WARNING - findfont: Font family 'Arial Unicode MS' not found.
2025-07-24 19:24:01,971 - WARNING - findfont: Font family 'Arial Unicode MS' not found.
2025-07-24 19:24:01,975 - WARNING - findfont: Font family 'Arial Unicode MS' not found.
2025-07-24 19:24:01,977 - WARNING - findfont: Font family 'Arial Unicode MS' not found.
2025-07-24 19:24:01,979 - WARNING - findfont: Font family 'Arial Unicode MS' not found.
2025-07-24 19:24:02,002 - WARNING - findfont: Font family 'Arial Unicode MS' not found.
2025-07-24 19:24:02,002 - WARNING - findfont: Font family 'Arial Unicode MS' not found.
2025-07-24 19:24:02,003 - WARNING - findfont: Font family 'Arial Unicode MS' not found.
2025-07-24 19:24:02,006 - WARNING - findfont: Font family 'Arial Unicode MS' not found.
2025-07-24 19:24:02,007 - WARNING - findfont: Font family 'Arial Unicode MS' not found.
2025-07-24 19:24:02,008 - WARNING - findfont: Font family 'Arial Unicode MS' not found.
2025-07-24 19:24:02,009 - WARNING - findfont: Font family 'Arial Unicode MS' not found.
2025-07-24 19:24:02,010 - WARNING - findfont: Font family 'Arial Unicode MS' not found.
2025-07-24 19:24:02,011 - WARNING - findfont: Font family 'Arial Unicode MS' not found.
2025-07-24 19:24:02,012 - WARNING - findfont: Font family 'Arial Unicode MS' not found.
2025-07-24 19:24:02,081 - WARNING - findfont: Font family 'Arial Unicode MS' not found.
2025-07-24 19:24:02,091 - WARNING - findfont: Font family 'Arial Unicode MS' not found.
2025-07-24 19:24:02,096 - WARNING - findfont: Font family 'Arial Unicode MS' not found.
2025-07-24 19:24:02,099 - WARNING - findfont: Font family 'Arial Unicode MS' not found.
2025-07-24 19:24:02,099 - WARNING - findfont: Font family 'Arial Unicode MS' not found.
2025-07-24 19:24:02,135 - WARNING - findfont: Font family 'Arial Unicode MS' not found.
2025-07-24 19:24:02,136 - WARNING - findfont: Font family 'Arial Unicode MS' not found.
2025-07-24 19:24:02,137 - WARNING - findfont: Font family 'Arial Unicode MS' not found.
2025-07-24 19:24:02,140 - WARNING - findfont: Font family 'Arial Unicode MS' not found.
2025-07-24 19:24:02,141 - WARNING - findfont: Font family 'Arial Unicode MS' not found.
2025-07-24 19:24:02,144 - WARNING - findfont: Font family 'Arial Unicode MS' not found.
2025-07-24 19:24:02,154 - WARNING - findfont: Font family 'Arial Unicode MS' not found.
2025-07-24 19:24:02,156 - WARNING - findfont: Font family 'Arial Unicode MS' not found.
2025-07-24 19:24:02,223 - WARNING - findfont: Font family 'Arial Unicode MS' not found.
2025-07-24 19:24:02,224 - WARNING - findfont: Font family 'Arial Unicode MS' not found.
2025-07-24 19:24:02,226 - WARNING - findfont: Font family 'Arial Unicode MS' not found.
2025-07-24 19:24:02,230 - WARNING - findfont: Font family 'Arial Unicode MS' not found.
2025-07-24 19:24:02,231 - WARNING - findfont: Font family 'Arial Unicode MS' not found.
2025-07-24 19:24:02,234 - WARNING - findfont: Font family 'Arial Unicode MS' not found.
2025-07-24 19:24:02,256 - WARNING - findfont: Font family 'Arial Unicode MS' not found.
2025-07-24 19:24:02,257 - WARNING - findfont: Font family 'Arial Unicode MS' not found.
2025-07-24 19:24:02,258 - WARNING - findfont: Font family 'Arial Unicode MS' not found.
2025-07-24 19:24:02,261 - WARNING - findfont: Font family 'Arial Unicode MS' not found.
2025-07-24 19:24:02,262 - WARNING - findfont: Font family 'Arial Unicode MS' not found.
2025-07-24 19:24:02,263 - WARNING - findfont: Font family 'Arial Unicode MS' not found.
2025-07-24 19:24:02,265 - WARNING - findfont: Font family 'Arial Unicode MS' not found.
2025-07-24 19:24:02,266 - WARNING - findfont: Font family 'Arial Unicode MS' not found.
2025-07-24 19:24:02,267 - WARNING - findfont: Font family 'Arial Unicode MS' not found.
2025-07-24 19:24:02,269 - WARNING - findfont: Font family 'Arial Unicode MS' not found.
2025-07-24 19:24:02,345 - WARNING - findfont: Font family 'Arial Unicode MS' not found.
2025-07-24 19:24:02,346 - WARNING - findfont: Font family 'Arial Unicode MS' not found.
2025-07-24 19:24:02,349 - WARNING - findfont: Font family 'Arial Unicode MS' not found.
2025-07-24 19:24:02,351 - WARNING - findfont: Font family 'Arial Unicode MS' not found.
2025-07-24 19:24:02,352 - WARNING - findfont: Font family 'Arial Unicode MS' not found.
2025-07-24 19:24:02,387 - WARNING - findfont: Font family 'Arial Unicode MS' not found.
2025-07-24 19:24:02,388 - WARNING - findfont: Font family 'Arial Unicode MS' not found.
2025-07-24 19:24:02,390 - WARNING - findfont: Font family 'Arial Unicode MS' not found.
2025-07-24 19:24:02,393 - WARNING - findfont: Font family 'Arial Unicode MS' not found.
2025-07-24 19:24:02,394 - WARNING - findfont: Font family 'Arial Unicode MS' not found.
2025-07-24 19:24:02,396 - WARNING - findfont: Font family 'Arial Unicode MS' not found.
2025-07-24 19:24:02,407 - WARNING - findfont: Font family 'Arial Unicode MS' not found.
2025-07-24 19:24:02,408 - WARNING - findfont: Font family 'Arial Unicode MS' not found.
2025-07-24 19:24:02,477 - WARNING - findfont: Font family 'Arial Unicode MS' not found.
2025-07-24 19:24:02,478 - WARNING - findfont: Font family 'Arial Unicode MS' not found.
2025-07-24 19:24:02,479 - WARNING - findfont: Font family 'Arial Unicode MS' not found.
2025-07-24 19:24:02,484 - WARNING - findfont: Font family 'Arial Unicode MS' not found.
2025-07-24 19:24:02,484 - WARNING - findfont: Font family 'Arial Unicode MS' not found.
2025-07-24 19:24:02,484 - WARNING - findfont: Font family 'Arial Unicode MS' not found.
2025-07-24 19:24:02,506 - WARNING - findfont: Font family 'Arial Unicode MS' not found.
2025-07-24 19:24:02,507 - WARNING - findfont: Font family 'Arial Unicode MS' not found.
2025-07-24 19:24:02,508 - WARNING - findfont: Font family 'Arial Unicode MS' not found.
2025-07-24 19:24:02,511 - WARNING - findfont: Font family 'Arial Unicode MS' not found.
2025-07-24 19:24:02,512 - WARNING - findfont: Font family 'Arial Unicode MS' not found.
2025-07-24 19:24:02,513 - WARNING - findfont: Font family 'Arial Unicode MS' not found.
2025-07-24 19:24:02,513 - WARNING - findfont: Font family 'Arial Unicode MS' not found.
2025-07-24 19:24:02,514 - WARNING - findfont: Font family 'Arial Unicode MS' not found.
2025-07-24 19:24:02,515 - WARNING - findfont: Font family 'Arial Unicode MS' not found.
2025-07-24 19:24:02,517 - WARNING - findfont: Font family 'Arial Unicode MS' not found.
2025-07-24 19:30:09,324 - INFO - HTTP Request: POST http://127.0.0.1:11434/api/chat "HTTP/1.1 200 OK"
2025-07-24 19:30:09,367 - WARNING - findfont: Font family 'Arial Unicode MS' not found.
2025-07-24 19:30:09,369 - WARNING - findfont: Font family 'Arial Unicode MS' not found.
2025-07-24 19:30:09,372 - WARNING - findfont: Font family 'Arial Unicode MS' not found.
2025-07-24 19:30:09,374 - WARNING - findfont: Font family 'Arial Unicode MS' not found.
2025-07-24 19:30:09,375 - WARNING - findfont: Font family 'Arial Unicode MS' not found.
2025-07-24 19:30:09,405 - WARNING - findfont: Font family 'Arial Unicode MS' not found.
2025-07-24 19:30:09,405 - WARNING - findfont: Font family 'Arial Unicode MS' not found.
2025-07-24 19:30:09,410 - WARNING - findfont: Font family 'Arial Unicode MS' not found.
2025-07-24 19:30:09,414 - WARNING - findfont: Font family 'Arial Unicode MS' not found.
2025-07-24 19:30:09,414 - WARNING - findfont: Font family 'Arial Unicode MS' not found.
2025-07-24 19:30:09,416 - WARNING - findfont: Font family 'Arial Unicode MS' not found.
2025-07-24 19:30:09,427 - WARNING - findfont: Font family 'Arial Unicode MS' not found.
2025-07-24 19:30:09,429 - WARNING - findfont: Font family 'Arial Unicode MS' not found.
2025-07-24 19:30:09,488 - WARNING - findfont: Font family 'Arial Unicode MS' not found.
2025-07-24 19:30:09,498 - WARNING - findfont: Font family 'Arial Unicode MS' not found.
2025-07-24 19:30:09,499 - WARNING - findfont: Font family 'Arial Unicode MS' not found.
2025-07-24 19:30:09,503 - WARNING - findfont: Font family 'Arial Unicode MS' not found.
2025-07-24 19:30:09,505 - WARNING - findfont: Font family 'Arial Unicode MS' not found.
2025-07-24 19:30:09,506 - WARNING - findfont: Font family 'Arial Unicode MS' not found.
2025-07-24 19:30:09,527 - WARNING - findfont: Font family 'Arial Unicode MS' not found.
2025-07-24 19:30:09,528 - WARNING - findfont: Font family 'Arial Unicode MS' not found.
2025-07-24 19:30:09,530 - WARNING - findfont: Font family 'Arial Unicode MS' not found.
2025-07-24 19:30:09,533 - WARNING - findfont: Font family 'Arial Unicode MS' not found.
2025-07-24 19:30:09,534 - WARNING - findfont: Font family 'Arial Unicode MS' not found.
2025-07-24 19:30:09,534 - WARNING - findfont: Font family 'Arial Unicode MS' not found.
2025-07-24 19:30:09,535 - WARNING - findfont: Font family 'Arial Unicode MS' not found.
2025-07-24 19:30:09,536 - WARNING - findfont: Font family 'Arial Unicode MS' not found.
2025-07-24 19:30:09,537 - WARNING - findfont: Font family 'Arial Unicode MS' not found.
2025-07-24 19:30:09,538 - WARNING - findfont: Font family 'Arial Unicode MS' not found.
2025-07-24 19:30:09,616 - WARNING - findfont: Font family 'Arial Unicode MS' not found.
2025-07-24 19:30:09,617 - WARNING - findfont: Font family 'Arial Unicode MS' not found.
2025-07-24 19:30:09,620 - WARNING - findfont: Font family 'Arial Unicode MS' not found.
2025-07-24 19:30:09,623 - WARNING - findfont: Font family 'Arial Unicode MS' not found.
2025-07-24 19:30:09,623 - WARNING - findfont: Font family 'Arial Unicode MS' not found.
2025-07-24 19:30:09,659 - WARNING - findfont: Font family 'Arial Unicode MS' not found.
2025-07-24 19:30:09,660 - WARNING - findfont: Font family 'Arial Unicode MS' not found.
2025-07-24 19:30:09,662 - WARNING - findfont: Font family 'Arial Unicode MS' not found.
2025-07-24 19:30:09,665 - WARNING - findfont: Font family 'Arial Unicode MS' not found.
2025-07-24 19:30:09,666 - WARNING - findfont: Font family 'Arial Unicode MS' not found.
2025-07-24 19:30:09,668 - WARNING - findfont: Font family 'Arial Unicode MS' not found.
2025-07-24 19:30:09,678 - WARNING - findfont: Font family 'Arial Unicode MS' not found.
2025-07-24 19:30:09,680 - WARNING - findfont: Font family 'Arial Unicode MS' not found.
2025-07-24 19:30:09,748 - WARNING - findfont: Font family 'Arial Unicode MS' not found.
2025-07-24 19:30:09,749 - WARNING - findfont: Font family 'Arial Unicode MS' not found.
2025-07-24 19:30:09,750 - WARNING - findfont: Font family 'Arial Unicode MS' not found.
2025-07-24 19:30:09,754 - WARNING - findfont: Font family 'Arial Unicode MS' not found.
2025-07-24 19:30:09,755 - WARNING - findfont: Font family 'Arial Unicode MS' not found.
2025-07-24 19:30:09,757 - WARNING - findfont: Font family 'Arial Unicode MS' not found.
2025-07-24 19:30:09,778 - WARNING - findfont: Font family 'Arial Unicode MS' not found.
2025-07-24 19:30:09,779 - WARNING - findfont: Font family 'Arial Unicode MS' not found.
2025-07-24 19:30:09,780 - WARNING - findfont: Font family 'Arial Unicode MS' not found.
2025-07-24 19:30:09,784 - WARNING - findfont: Font family 'Arial Unicode MS' not found.
2025-07-24 19:30:09,784 - WARNING - findfont: Font family 'Arial Unicode MS' not found.
2025-07-24 19:30:09,786 - WARNING - findfont: Font family 'Arial Unicode MS' not found.
2025-07-24 19:30:09,787 - WARNING - findfont: Font family 'Arial Unicode MS' not found.
2025-07-24 19:30:09,788 - WARNING - findfont: Font family 'Arial Unicode MS' not found.
2025-07-24 19:30:09,789 - WARNING - findfont: Font family 'Arial Unicode MS' not found.
2025-07-24 19:30:09,790 - WARNING - findfont: Font family 'Arial Unicode MS' not found.
2025-07-24 19:30:09,867 - WARNING - findfont: Font family 'Arial Unicode MS' not found.
2025-07-24 19:30:09,869 - WARNING - findfont: Font family 'Arial Unicode MS' not found.
2025-07-24 19:30:09,873 - WARNING - findfont: Font family 'Arial Unicode MS' not found.
2025-07-24 19:30:09,876 - WARNING - findfont: Font family 'Arial Unicode MS' not found.
2025-07-24 19:30:09,876 - WARNING - findfont: Font family 'Arial Unicode MS' not found.
2025-07-24 19:30:09,912 - WARNING - findfont: Font family 'Arial Unicode MS' not found.
2025-07-24 19:30:09,914 - WARNING - findfont: Font family 'Arial Unicode MS' not found.
2025-07-24 19:30:09,915 - WARNING - findfont: Font family 'Arial Unicode MS' not found.
2025-07-24 19:30:09,918 - WARNING - findfont: Font family 'Arial Unicode MS' not found.
2025-07-24 19:30:09,919 - WARNING - findfont: Font family 'Arial Unicode MS' not found.
2025-07-24 19:30:09,921 - WARNING - findfont: Font family 'Arial Unicode MS' not found.
2025-07-24 19:30:09,933 - WARNING - findfont: Font family 'Arial Unicode MS' not found.
2025-07-24 19:30:09,934 - WARNING - findfont: Font family 'Arial Unicode MS' not found.
2025-07-24 19:30:10,002 - WARNING - findfont: Font family 'Arial Unicode MS' not found.
2025-07-24 19:30:10,003 - WARNING - findfont: Font family 'Arial Unicode MS' not found.
2025-07-24 19:30:10,004 - WARNING - findfont: Font family 'Arial Unicode MS' not found.
2025-07-24 19:30:10,009 - WARNING - findfont: Font family 'Arial Unicode MS' not found.
2025-07-24 19:30:10,009 - WARNING - findfont: Font family 'Arial Unicode MS' not found.
2025-07-24 19:30:10,013 - WARNING - findfont: Font family 'Arial Unicode MS' not found.
2025-07-24 19:30:10,033 - WARNING - findfont: Font family 'Arial Unicode MS' not found.
2025-07-24 19:30:10,034 - WARNING - findfont: Font family 'Arial Unicode MS' not found.
2025-07-24 19:30:10,036 - WARNING - findfont: Font family 'Arial Unicode MS' not found.
2025-07-24 19:30:10,039 - WARNING - findfont: Font family 'Arial Unicode MS' not found.
2025-07-24 19:30:10,040 - WARNING - findfont: Font family 'Arial Unicode MS' not found.
2025-07-24 19:30:10,041 - WARNING - findfont: Font family 'Arial Unicode MS' not found.
2025-07-24 19:30:10,043 - WARNING - findfont: Font family 'Arial Unicode MS' not found.
2025-07-24 19:30:10,044 - WARNING - findfont: Font family 'Arial Unicode MS' not found.
2025-07-24 19:30:10,045 - WARNING - findfont: Font family 'Arial Unicode MS' not found.
2025-07-24 19:30:10,047 - WARNING - findfont: Font family 'Arial Unicode MS' not found.
2025-07-24 19:33:36,402 - INFO - HTTP Request: POST http://127.0.0.1:11434/api/chat "HTTP/1.1 200 OK"
2025-07-24 19:33:36,444 - WARNING - findfont: Font family 'Arial Unicode MS' not found.
2025-07-24 19:33:36,447 - WARNING - findfont: Font family 'Arial Unicode MS' not found.
2025-07-24 19:33:36,450 - WARNING - findfont: Font family 'Arial Unicode MS' not found.
2025-07-24 19:33:36,452 - WARNING - findfont: Font family 'Arial Unicode MS' not found.
2025-07-24 19:33:36,453 - WARNING - findfont: Font family 'Arial Unicode MS' not found.
2025-07-24 19:33:36,487 - WARNING - findfont: Font family 'Arial Unicode MS' not found.
2025-07-24 19:33:36,488 - WARNING - findfont: Font family 'Arial Unicode MS' not found.
2025-07-24 19:33:36,489 - WARNING - findfont: Font family 'Arial Unicode MS' not found.
2025-07-24 19:33:36,492 - WARNING - findfont: Font family 'Arial Unicode MS' not found.
2025-07-24 19:33:36,493 - WARNING - findfont: Font family 'Arial Unicode MS' not found.
2025-07-24 19:33:36,495 - WARNING - findfont: Font family 'Arial Unicode MS' not found.
2025-07-24 19:33:36,506 - WARNING - findfont: Font family 'Arial Unicode MS' not found.
2025-07-24 19:33:36,507 - WARNING - findfont: Font family 'Arial Unicode MS' not found.
2025-07-24 19:33:36,575 - WARNING - findfont: Font family 'Arial Unicode MS' not found.
2025-07-24 19:33:36,577 - WARNING - findfont: Font family 'Arial Unicode MS' not found.
2025-07-24 19:33:36,578 - WARNING - findfont: Font family 'Arial Unicode MS' not found.
2025-07-24 19:33:36,583 - WARNING - findfont: Font family 'Arial Unicode MS' not found.
2025-07-24 19:33:36,585 - WARNING - findfont: Font family 'Arial Unicode MS' not found.
2025-07-24 19:33:36,586 - WARNING - findfont: Font family 'Arial Unicode MS' not found.
2025-07-24 19:33:36,607 - WARNING - findfont: Font family 'Arial Unicode MS' not found.
2025-07-24 19:33:36,609 - WARNING - findfont: Font family 'Arial Unicode MS' not found.
2025-07-24 19:33:36,610 - WARNING - findfont: Font family 'Arial Unicode MS' not found.
2025-07-24 19:33:36,613 - WARNING - findfont: Font family 'Arial Unicode MS' not found.
2025-07-24 19:33:36,614 - WARNING - findfont: Font family 'Arial Unicode MS' not found.
2025-07-24 19:33:36,615 - WARNING - findfont: Font family 'Arial Unicode MS' not found.
2025-07-24 19:33:36,616 - WARNING - findfont: Font family 'Arial Unicode MS' not found.
2025-07-24 19:33:36,617 - WARNING - findfont: Font family 'Arial Unicode MS' not found.
2025-07-24 19:33:36,618 - WARNING - findfont: Font family 'Arial Unicode MS' not found.
2025-07-24 19:33:36,619 - WARNING - findfont: Font family 'Arial Unicode MS' not found.
2025-07-24 19:33:36,697 - WARNING - findfont: Font family 'Arial Unicode MS' not found.
2025-07-24 19:33:36,698 - WARNING - findfont: Font family 'Arial Unicode MS' not found.
2025-07-24 19:33:36,701 - WARNING - findfont: Font family 'Arial Unicode MS' not found.
2025-07-24 19:33:36,704 - WARNING - findfont: Font family 'Arial Unicode MS' not found.
2025-07-24 19:33:36,704 - WARNING - findfont: Font family 'Arial Unicode MS' not found.
2025-07-24 19:33:36,740 - WARNING - findfont: Font family 'Arial Unicode MS' not found.
2025-07-24 19:33:36,741 - WARNING - findfont: Font family 'Arial Unicode MS' not found.
2025-07-24 19:33:36,743 - WARNING - findfont: Font family 'Arial Unicode MS' not found.
2025-07-24 19:33:36,746 - WARNING - findfont: Font family 'Arial Unicode MS' not found.
2025-07-24 19:33:36,747 - WARNING - findfont: Font family 'Arial Unicode MS' not found.
2025-07-24 19:33:36,749 - WARNING - findfont: Font family 'Arial Unicode MS' not found.
2025-07-24 19:33:36,759 - WARNING - findfont: Font family 'Arial Unicode MS' not found.
2025-07-24 19:33:36,761 - WARNING - findfont: Font family 'Arial Unicode MS' not found.
2025-07-24 19:33:36,829 - WARNING - findfont: Font family 'Arial Unicode MS' not found.
2025-07-24 19:33:36,830 - WARNING - findfont: Font family 'Arial Unicode MS' not found.
2025-07-24 19:33:36,831 - WARNING - findfont: Font family 'Arial Unicode MS' not found.
2025-07-24 19:33:36,836 - WARNING - findfont: Font family 'Arial Unicode MS' not found.
2025-07-24 19:33:36,836 - WARNING - findfont: Font family 'Arial Unicode MS' not found.
2025-07-24 19:33:36,838 - WARNING - findfont: Font family 'Arial Unicode MS' not found.
2025-07-24 19:33:36,858 - WARNING - findfont: Font family 'Arial Unicode MS' not found.
2025-07-24 19:33:36,860 - WARNING - findfont: Font family 'Arial Unicode MS' not found.
2025-07-24 19:33:36,861 - WARNING - findfont: Font family 'Arial Unicode MS' not found.
2025-07-24 19:33:36,864 - WARNING - findfont: Font family 'Arial Unicode MS' not found.
2025-07-24 19:33:36,865 - WARNING - findfont: Font family 'Arial Unicode MS' not found.
2025-07-24 19:33:36,866 - WARNING - findfont: Font family 'Arial Unicode MS' not found.
2025-07-24 19:33:36,868 - WARNING - findfont: Font family 'Arial Unicode MS' not found.
2025-07-24 19:33:36,868 - WARNING - findfont: Font family 'Arial Unicode MS' not found.
2025-07-24 19:33:36,870 - WARNING - findfont: Font family 'Arial Unicode MS' not found.
2025-07-24 19:33:36,871 - WARNING - findfont: Font family 'Arial Unicode MS' not found.
2025-07-24 19:33:36,945 - WARNING - findfont: Font family 'Arial Unicode MS' not found.
2025-07-24 19:33:36,949 - WARNING - findfont: Font family 'Arial Unicode MS' not found.
2025-07-24 19:33:36,952 - WARNING - findfont: Font family 'Arial Unicode MS' not found.
2025-07-24 19:33:36,954 - WARNING - findfont: Font family 'Arial Unicode MS' not found.
2025-07-24 19:33:36,955 - WARNING - findfont: Font family 'Arial Unicode MS' not found.
2025-07-24 19:33:36,990 - WARNING - findfont: Font family 'Arial Unicode MS' not found.
2025-07-24 19:33:36,991 - WARNING - findfont: Font family 'Arial Unicode MS' not found.
2025-07-24 19:33:36,993 - WARNING - findfont: Font family 'Arial Unicode MS' not found.
2025-07-24 19:33:36,995 - WARNING - findfont: Font family 'Arial Unicode MS' not found.
2025-07-24 19:33:36,996 - WARNING - findfont: Font family 'Arial Unicode MS' not found.
2025-07-24 19:33:36,999 - WARNING - findfont: Font family 'Arial Unicode MS' not found.
2025-07-24 19:33:37,010 - WARNING - findfont: Font family 'Arial Unicode MS' not found.
2025-07-24 19:33:37,011 - WARNING - findfont: Font family 'Arial Unicode MS' not found.
2025-07-24 19:33:37,072 - WARNING - findfont: Font family 'Arial Unicode MS' not found.
2025-07-24 19:33:37,080 - WARNING - findfont: Font family 'Arial Unicode MS' not found.
2025-07-24 19:33:37,081 - WARNING - findfont: Font family 'Arial Unicode MS' not found.
2025-07-24 19:33:37,085 - WARNING - findfont: Font family 'Arial Unicode MS' not found.
2025-07-24 19:33:37,086 - WARNING - findfont: Font family 'Arial Unicode MS' not found.
2025-07-24 19:33:37,089 - WARNING - findfont: Font family 'Arial Unicode MS' not found.
2025-07-24 19:33:37,111 - WARNING - findfont: Font family 'Arial Unicode MS' not found.
2025-07-24 19:33:37,112 - WARNING - findfont: Font family 'Arial Unicode MS' not found.
2025-07-24 19:33:37,113 - WARNING - findfont: Font family 'Arial Unicode MS' not found.
2025-07-24 19:33:37,116 - WARNING - findfont: Font family 'Arial Unicode MS' not found.
2025-07-24 19:33:37,117 - WARNING - findfont: Font family 'Arial Unicode MS' not found.
2025-07-24 19:33:37,119 - WARNING - findfont: Font family 'Arial Unicode MS' not found.
2025-07-24 19:33:37,121 - WARNING - findfont: Font family 'Arial Unicode MS' not found.
2025-07-24 19:33:37,122 - WARNING - findfont: Font family 'Arial Unicode MS' not found.
2025-07-24 19:33:37,123 - WARNING - findfont: Font family 'Arial Unicode MS' not found.
2025-07-24 19:33:37,124 - WARNING - findfont: Font family 'Arial Unicode MS' not found.
2025-07-24 19:39:10,300 - INFO - HTTP Request: POST http://127.0.0.1:11434/api/chat "HTTP/1.1 200 OK"
2025-07-24 19:39:10,331 - WARNING - findfont: Font family 'Arial Unicode MS' not found.
2025-07-24 19:39:10,344 - WARNING - findfont: Font family 'Arial Unicode MS' not found.
2025-07-24 19:39:10,346 - WARNING - findfont: Font family 'Arial Unicode MS' not found.
2025-07-24 19:39:10,349 - WARNING - findfont: Font family 'Arial Unicode MS' not found.
2025-07-24 19:39:10,349 - WARNING - findfont: Font family 'Arial Unicode MS' not found.
2025-07-24 19:39:10,381 - WARNING - findfont: Font family 'Arial Unicode MS' not found.
2025-07-24 19:39:10,382 - WARNING - findfont: Font family 'Arial Unicode MS' not found.
2025-07-24 19:39:10,383 - WARNING - findfont: Font family 'Arial Unicode MS' not found.
2025-07-24 19:39:10,387 - WARNING - findfont: Font family 'Arial Unicode MS' not found.
2025-07-24 19:39:10,387 - WARNING - findfont: Font family 'Arial Unicode MS' not found.
2025-07-24 19:39:10,390 - WARNING - findfont: Font family 'Arial Unicode MS' not found.
2025-07-24 19:39:10,400 - WARNING - findfont: Font family 'Arial Unicode MS' not found.
2025-07-24 19:39:10,401 - WARNING - findfont: Font family 'Arial Unicode MS' not found.
2025-07-24 19:39:10,470 - WARNING - findfont: Font family 'Arial Unicode MS' not found.
2025-07-24 19:39:10,471 - WARNING - findfont: Font family 'Arial Unicode MS' not found.
2025-07-24 19:39:10,473 - WARNING - findfont: Font family 'Arial Unicode MS' not found.
2025-07-24 19:39:10,477 - WARNING - findfont: Font family 'Arial Unicode MS' not found.
2025-07-24 19:39:10,479 - WARNING - findfont: Font family 'Arial Unicode MS' not found.
2025-07-24 19:39:10,480 - WARNING - findfont: Font family 'Arial Unicode MS' not found.
2025-07-24 19:39:10,499 - WARNING - findfont: Font family 'Arial Unicode MS' not found.
2025-07-24 19:39:10,500 - WARNING - findfont: Font family 'Arial Unicode MS' not found.
2025-07-24 19:39:10,502 - WARNING - findfont: Font family 'Arial Unicode MS' not found.
2025-07-24 19:39:10,506 - WARNING - findfont: Font family 'Arial Unicode MS' not found.
2025-07-24 19:39:10,506 - WARNING - findfont: Font family 'Arial Unicode MS' not found.
2025-07-24 19:39:10,507 - WARNING - findfont: Font family 'Arial Unicode MS' not found.
2025-07-24 19:39:10,508 - WARNING - findfont: Font family 'Arial Unicode MS' not found.
2025-07-24 19:39:10,509 - WARNING - findfont: Font family 'Arial Unicode MS' not found.
2025-07-24 19:39:10,510 - WARNING - findfont: Font family 'Arial Unicode MS' not found.
2025-07-24 19:39:10,510 - WARNING - findfont: Font family 'Arial Unicode MS' not found.
2025-07-24 19:39:10,587 - WARNING - findfont: Font family 'Arial Unicode MS' not found.
2025-07-24 19:39:10,589 - WARNING - findfont: Font family 'Arial Unicode MS' not found.
2025-07-24 19:39:10,592 - WARNING - findfont: Font family 'Arial Unicode MS' not found.
2025-07-24 19:39:10,594 - WARNING - findfont: Font family 'Arial Unicode MS' not found.
2025-07-24 19:39:10,595 - WARNING - findfont: Font family 'Arial Unicode MS' not found.
2025-07-24 19:39:10,630 - WARNING - findfont: Font family 'Arial Unicode MS' not found.
2025-07-24 19:39:10,631 - WARNING - findfont: Font family 'Arial Unicode MS' not found.
2025-07-24 19:39:10,632 - WARNING - findfont: Font family 'Arial Unicode MS' not found.
2025-07-24 19:39:10,636 - WARNING - findfont: Font family 'Arial Unicode MS' not found.
2025-07-24 19:39:10,636 - WARNING - findfont: Font family 'Arial Unicode MS' not found.
2025-07-24 19:39:10,639 - WARNING - findfont: Font family 'Arial Unicode MS' not found.
2025-07-24 19:39:10,649 - WARNING - findfont: Font family 'Arial Unicode MS' not found.
2025-07-24 19:39:10,651 - WARNING - findfont: Font family 'Arial Unicode MS' not found.
2025-07-24 19:39:10,718 - WARNING - findfont: Font family 'Arial Unicode MS' not found.
2025-07-24 19:39:10,719 - WARNING - findfont: Font family 'Arial Unicode MS' not found.
2025-07-24 19:39:10,721 - WARNING - findfont: Font family 'Arial Unicode MS' not found.
2025-07-24 19:39:10,725 - WARNING - findfont: Font family 'Arial Unicode MS' not found.
2025-07-24 19:39:10,726 - WARNING - findfont: Font family 'Arial Unicode MS' not found.
2025-07-24 19:39:10,727 - WARNING - findfont: Font family 'Arial Unicode MS' not found.
2025-07-24 19:39:10,748 - WARNING - findfont: Font family 'Arial Unicode MS' not found.
2025-07-24 19:39:10,749 - WARNING - findfont: Font family 'Arial Unicode MS' not found.
2025-07-24 19:39:10,751 - WARNING - findfont: Font family 'Arial Unicode MS' not found.
2025-07-24 19:39:10,754 - WARNING - findfont: Font family 'Arial Unicode MS' not found.
2025-07-24 19:39:10,755 - WARNING - findfont: Font family 'Arial Unicode MS' not found.
2025-07-24 19:39:10,756 - WARNING - findfont: Font family 'Arial Unicode MS' not found.
2025-07-24 19:39:10,757 - WARNING - findfont: Font family 'Arial Unicode MS' not found.
2025-07-24 19:39:10,758 - WARNING - findfont: Font family 'Arial Unicode MS' not found.
2025-07-24 19:39:10,759 - WARNING - findfont: Font family 'Arial Unicode MS' not found.
2025-07-24 19:39:10,760 - WARNING - findfont: Font family 'Arial Unicode MS' not found.
2025-07-24 19:39:10,834 - WARNING - findfont: Font family 'Arial Unicode MS' not found.
2025-07-24 19:39:10,838 - WARNING - findfont: Font family 'Arial Unicode MS' not found.
2025-07-24 19:39:10,840 - WARNING - findfont: Font family 'Arial Unicode MS' not found.
2025-07-24 19:39:10,843 - WARNING - findfont: Font family 'Arial Unicode MS' not found.
2025-07-24 19:39:10,843 - WARNING - findfont: Font family 'Arial Unicode MS' not found.
2025-07-24 19:39:10,879 - WARNING - findfont: Font family 'Arial Unicode MS' not found.
2025-07-24 19:39:10,880 - WARNING - findfont: Font family 'Arial Unicode MS' not found.
2025-07-24 19:39:10,881 - WARNING - findfont: Font family 'Arial Unicode MS' not found.
2025-07-24 19:39:10,884 - WARNING - findfont: Font family 'Arial Unicode MS' not found.
2025-07-24 19:39:10,885 - WARNING - findfont: Font family 'Arial Unicode MS' not found.
2025-07-24 19:39:10,888 - WARNING - findfont: Font family 'Arial Unicode MS' not found.
2025-07-24 19:39:10,898 - WARNING - findfont: Font family 'Arial Unicode MS' not found.
2025-07-24 19:39:10,900 - WARNING - findfont: Font family 'Arial Unicode MS' not found.
2025-07-24 19:39:10,962 - WARNING - findfont: Font family 'Arial Unicode MS' not found.
2025-07-24 19:39:10,968 - WARNING - findfont: Font family 'Arial Unicode MS' not found.
2025-07-24 19:39:10,969 - WARNING - findfont: Font family 'Arial Unicode MS' not found.
2025-07-24 19:39:10,973 - WARNING - findfont: Font family 'Arial Unicode MS' not found.
2025-07-24 19:39:10,974 - WARNING - findfont: Font family 'Arial Unicode MS' not found.
2025-07-24 19:39:10,977 - WARNING - findfont: Font family 'Arial Unicode MS' not found.
2025-07-24 19:39:10,998 - WARNING - findfont: Font family 'Arial Unicode MS' not found.
2025-07-24 19:39:10,999 - WARNING - findfont: Font family 'Arial Unicode MS' not found.
2025-07-24 19:39:11,000 - WARNING - findfont: Font family 'Arial Unicode MS' not found.
2025-07-24 19:39:11,003 - WARNING - findfont: Font family 'Arial Unicode MS' not found.
2025-07-24 19:39:11,004 - WARNING - findfont: Font family 'Arial Unicode MS' not found.
2025-07-24 19:39:11,006 - WARNING - findfont: Font family 'Arial Unicode MS' not found.
2025-07-24 19:39:11,008 - WARNING - findfont: Font family 'Arial Unicode MS' not found.
2025-07-24 19:39:11,009 - WARNING - findfont: Font family 'Arial Unicode MS' not found.
2025-07-24 19:39:11,010 - WARNING - findfont: Font family 'Arial Unicode MS' not found.
2025-07-24 19:39:11,011 - WARNING - findfont: Font family 'Arial Unicode MS' not found.
2025-07-24 20:15:36,767 - INFO - HTTP Request: POST http://127.0.0.1:11434/api/chat "HTTP/1.1 200 OK"
2025-07-24 20:15:36,800 - WARNING - findfont: Font family 'Arial Unicode MS' not found.
2025-07-24 20:15:36,811 - WARNING - findfont: Font family 'Arial Unicode MS' not found.
2025-07-24 20:15:36,813 - WARNING - findfont: Font family 'Arial Unicode MS' not found.
2025-07-24 20:15:36,816 - WARNING - findfont: Font family 'Arial Unicode MS' not found.
2025-07-24 20:15:36,817 - WARNING - findfont: Font family 'Arial Unicode MS' not found.
2025-07-24 20:15:36,849 - WARNING - findfont: Font family 'Arial Unicode MS' not found.
2025-07-24 20:15:36,849 - WARNING - findfont: Font family 'Arial Unicode MS' not found.
2025-07-24 20:15:36,851 - WARNING - findfont: Font family 'Arial Unicode MS' not found.
2025-07-24 20:15:36,854 - WARNING - findfont: Font family 'Arial Unicode MS' not found.
2025-07-24 20:15:36,855 - WARNING - findfont: Font family 'Arial Unicode MS' not found.
2025-07-24 20:15:36,857 - WARNING - findfont: Font family 'Arial Unicode MS' not found.
2025-07-24 20:15:36,868 - WARNING - findfont: Font family 'Arial Unicode MS' not found.
2025-07-24 20:15:36,869 - WARNING - findfont: Font family 'Arial Unicode MS' not found.
2025-07-24 20:15:36,935 - WARNING - findfont: Font family 'Arial Unicode MS' not found.
2025-07-24 20:15:36,937 - WARNING - findfont: Font family 'Arial Unicode MS' not found.
2025-07-24 20:15:36,938 - WARNING - findfont: Font family 'Arial Unicode MS' not found.
2025-07-24 20:15:36,942 - WARNING - findfont: Font family 'Arial Unicode MS' not found.
2025-07-24 20:15:36,944 - WARNING - findfont: Font family 'Arial Unicode MS' not found.
2025-07-24 20:15:36,945 - WARNING - findfont: Font family 'Arial Unicode MS' not found.
2025-07-24 20:15:36,966 - WARNING - findfont: Font family 'Arial Unicode MS' not found.
2025-07-24 20:15:36,968 - WARNING - findfont: Font family 'Arial Unicode MS' not found.
2025-07-24 20:15:36,969 - WARNING - findfont: Font family 'Arial Unicode MS' not found.
2025-07-24 20:15:36,972 - WARNING - findfont: Font family 'Arial Unicode MS' not found.
2025-07-24 20:15:36,973 - WARNING - findfont: Font family 'Arial Unicode MS' not found.
2025-07-24 20:15:36,974 - WARNING - findfont: Font family 'Arial Unicode MS' not found.
2025-07-24 20:15:36,975 - WARNING - findfont: Font family 'Arial Unicode MS' not found.
2025-07-24 20:15:36,976 - WARNING - findfont: Font family 'Arial Unicode MS' not found.
2025-07-24 20:15:36,977 - WARNING - findfont: Font family 'Arial Unicode MS' not found.
2025-07-24 20:15:36,978 - WARNING - findfont: Font family 'Arial Unicode MS' not found.
2025-07-24 20:15:37,048 - WARNING - findfont: Font family 'Arial Unicode MS' not found.
2025-07-24 20:15:37,057 - WARNING - findfont: Font family 'Arial Unicode MS' not found.
2025-07-24 20:15:37,060 - WARNING - findfont: Font family 'Arial Unicode MS' not found.
2025-07-24 20:15:37,062 - WARNING - findfont: Font family 'Arial Unicode MS' not found.
2025-07-24 20:15:37,063 - WARNING - findfont: Font family 'Arial Unicode MS' not found.
2025-07-24 20:15:37,098 - WARNING - findfont: Font family 'Arial Unicode MS' not found.
2025-07-24 20:15:37,099 - WARNING - findfont: Font family 'Arial Unicode MS' not found.
2025-07-24 20:15:37,101 - WARNING - findfont: Font family 'Arial Unicode MS' not found.
2025-07-24 20:15:37,104 - WARNING - findfont: Font family 'Arial Unicode MS' not found.
2025-07-24 20:15:37,105 - WARNING - findfont: Font family 'Arial Unicode MS' not found.
2025-07-24 20:15:37,108 - WARNING - findfont: Font family 'Arial Unicode MS' not found.
2025-07-24 20:15:37,118 - WARNING - findfont: Font family 'Arial Unicode MS' not found.
2025-07-24 20:15:37,119 - WARNING - findfont: Font family 'Arial Unicode MS' not found.
2025-07-24 20:15:37,187 - WARNING - findfont: Font family 'Arial Unicode MS' not found.
2025-07-24 20:15:37,188 - WARNING - findfont: Font family 'Arial Unicode MS' not found.
2025-07-24 20:15:37,189 - WARNING - findfont: Font family 'Arial Unicode MS' not found.
2025-07-24 20:15:37,193 - WARNING - findfont: Font family 'Arial Unicode MS' not found.
2025-07-24 20:15:37,194 - WARNING - findfont: Font family 'Arial Unicode MS' not found.
2025-07-24 20:15:37,196 - WARNING - findfont: Font family 'Arial Unicode MS' not found.
2025-07-24 20:15:37,217 - WARNING - findfont: Font family 'Arial Unicode MS' not found.
2025-07-24 20:15:37,219 - WARNING - findfont: Font family 'Arial Unicode MS' not found.
2025-07-24 20:15:37,220 - WARNING - findfont: Font family 'Arial Unicode MS' not found.
2025-07-24 20:15:37,223 - WARNING - findfont: Font family 'Arial Unicode MS' not found.
2025-07-24 20:15:37,224 - WARNING - findfont: Font family 'Arial Unicode MS' not found.
2025-07-24 20:15:37,225 - WARNING - findfont: Font family 'Arial Unicode MS' not found.
2025-07-24 20:15:37,227 - WARNING - findfont: Font family 'Arial Unicode MS' not found.
2025-07-24 20:15:37,227 - WARNING - findfont: Font family 'Arial Unicode MS' not found.
2025-07-24 20:15:37,229 - WARNING - findfont: Font family 'Arial Unicode MS' not found.
2025-07-24 20:15:37,230 - WARNING - findfont: Font family 'Arial Unicode MS' not found.
2025-07-24 20:15:37,303 - WARNING - findfont: Font family 'Arial Unicode MS' not found.
2025-07-24 20:15:37,307 - WARNING - findfont: Font family 'Arial Unicode MS' not found.
2025-07-24 20:15:37,310 - WARNING - findfont: Font family 'Arial Unicode MS' not found.
2025-07-24 20:15:37,312 - WARNING - findfont: Font family 'Arial Unicode MS' not found.
2025-07-24 20:15:37,313 - WARNING - findfont: Font family 'Arial Unicode MS' not found.
2025-07-24 20:15:37,349 - WARNING - findfont: Font family 'Arial Unicode MS' not found.
2025-07-24 20:15:37,350 - WARNING - findfont: Font family 'Arial Unicode MS' not found.
2025-07-24 20:15:37,351 - WARNING - findfont: Font family 'Arial Unicode MS' not found.
2025-07-24 20:15:37,355 - WARNING - findfont: Font family 'Arial Unicode MS' not found.
2025-07-24 20:15:37,355 - WARNING - findfont: Font family 'Arial Unicode MS' not found.
2025-07-24 20:15:37,358 - WARNING - findfont: Font family 'Arial Unicode MS' not found.
2025-07-24 20:15:37,369 - WARNING - findfont: Font family 'Arial Unicode MS' not found.
2025-07-24 20:15:37,370 - WARNING - findfont: Font family 'Arial Unicode MS' not found.
2025-07-24 20:15:37,438 - WARNING - findfont: Font family 'Arial Unicode MS' not found.
2025-07-24 20:15:37,439 - WARNING - findfont: Font family 'Arial Unicode MS' not found.
2025-07-24 20:15:37,440 - WARNING - findfont: Font family 'Arial Unicode MS' not found.
2025-07-24 20:15:37,444 - WARNING - findfont: Font family 'Arial Unicode MS' not found.
2025-07-24 20:15:37,445 - WARNING - findfont: Font family 'Arial Unicode MS' not found.
2025-07-24 20:15:37,448 - WARNING - findfont: Font family 'Arial Unicode MS' not found.
2025-07-24 20:15:37,469 - WARNING - findfont: Font family 'Arial Unicode MS' not found.
2025-07-24 20:15:37,470 - WARNING - findfont: Font family 'Arial Unicode MS' not found.
2025-07-24 20:15:37,472 - WARNING - findfont: Font family 'Arial Unicode MS' not found.
2025-07-24 20:15:37,475 - WARNING - findfont: Font family 'Arial Unicode MS' not found.
2025-07-24 20:15:37,475 - WARNING - findfont: Font family 'Arial Unicode MS' not found.
2025-07-24 20:15:37,477 - WARNING - findfont: Font family 'Arial Unicode MS' not found.
2025-07-24 20:15:37,479 - WARNING - findfont: Font family 'Arial Unicode MS' not found.
2025-07-24 20:15:37,480 - WARNING - findfont: Font family 'Arial Unicode MS' not found.
2025-07-24 20:15:37,481 - WARNING - findfont: Font family 'Arial Unicode MS' not found.
2025-07-24 20:15:37,483 - WARNING - findfont: Font family 'Arial Unicode MS' not found.
2025-07-24 21:28:27,120 - INFO - HTTP Request: POST http://127.0.0.1:11434/api/chat "HTTP/1.1 200 OK"
2025-07-24 21:28:27,151 - WARNING - findfont: Font family 'Arial Unicode MS' not found.
2025-07-24 21:28:27,165 - WARNING - findfont: Font family 'Arial Unicode MS' not found.
2025-07-24 21:28:27,168 - WARNING - findfont: Font family 'Arial Unicode MS' not found.
2025-07-24 21:28:27,170 - WARNING - findfont: Font family 'Arial Unicode MS' not found.
2025-07-24 21:28:27,171 - WARNING - findfont: Font family 'Arial Unicode MS' not found.
2025-07-24 21:28:27,199 - WARNING - findfont: Font family 'Arial Unicode MS' not found.
2025-07-24 21:28:27,205 - WARNING - findfont: Font family 'Arial Unicode MS' not found.
2025-07-24 21:28:27,206 - WARNING - findfont: Font family 'Arial Unicode MS' not found.
2025-07-24 21:28:27,209 - WARNING - findfont: Font family 'Arial Unicode MS' not found.
2025-07-24 21:28:27,210 - WARNING - findfont: Font family 'Arial Unicode MS' not found.
2025-07-24 21:28:27,212 - WARNING - findfont: Font family 'Arial Unicode MS' not found.
2025-07-24 21:28:27,222 - WARNING - findfont: Font family 'Arial Unicode MS' not found.
2025-07-24 21:28:27,224 - WARNING - findfont: Font family 'Arial Unicode MS' not found.
2025-07-24 21:28:27,277 - WARNING - findfont: Font family 'Arial Unicode MS' not found.
2025-07-24 21:28:27,292 - WARNING - findfont: Font family 'Arial Unicode MS' not found.
2025-07-24 21:28:27,293 - WARNING - findfont: Font family 'Arial Unicode MS' not found.
2025-07-24 21:28:27,297 - WARNING - findfont: Font family 'Arial Unicode MS' not found.
2025-07-24 21:28:27,299 - WARNING - findfont: Font family 'Arial Unicode MS' not found.
2025-07-24 21:28:27,300 - WARNING - findfont: Font family 'Arial Unicode MS' not found.
2025-07-24 21:28:27,322 - WARNING - findfont: Font family 'Arial Unicode MS' not found.
2025-07-24 21:28:27,323 - WARNING - findfont: Font family 'Arial Unicode MS' not found.
2025-07-24 21:28:27,324 - WARNING - findfont: Font family 'Arial Unicode MS' not found.
2025-07-24 21:28:27,327 - WARNING - findfont: Font family 'Arial Unicode MS' not found.
2025-07-24 21:28:27,328 - WARNING - findfont: Font family 'Arial Unicode MS' not found.
2025-07-24 21:28:27,329 - WARNING - findfont: Font family 'Arial Unicode MS' not found.
2025-07-24 21:28:27,330 - WARNING - findfont: Font family 'Arial Unicode MS' not found.
2025-07-24 21:28:27,331 - WARNING - findfont: Font family 'Arial Unicode MS' not found.
2025-07-24 21:28:27,331 - WARNING - findfont: Font family 'Arial Unicode MS' not found.
2025-07-24 21:28:27,333 - WARNING - findfont: Font family 'Arial Unicode MS' not found.
2025-07-24 21:28:27,410 - WARNING - findfont: Font family 'Arial Unicode MS' not found.
2025-07-24 21:28:27,412 - WARNING - findfont: Font family 'Arial Unicode MS' not found.
2025-07-24 21:28:27,415 - WARNING - findfont: Font family 'Arial Unicode MS' not found.
2025-07-24 21:28:27,417 - WARNING - findfont: Font family 'Arial Unicode MS' not found.
2025-07-24 21:28:27,418 - WARNING - findfont: Font family 'Arial Unicode MS' not found.
2025-07-24 21:28:27,455 - WARNING - findfont: Font family 'Arial Unicode MS' not found.
2025-07-24 21:28:27,455 - WARNING - findfont: Font family 'Arial Unicode MS' not found.
2025-07-24 21:28:27,457 - WARNING - findfont: Font family 'Arial Unicode MS' not found.
2025-07-24 21:28:27,460 - WARNING - findfont: Font family 'Arial Unicode MS' not found.
2025-07-24 21:28:27,461 - WARNING - findfont: Font family 'Arial Unicode MS' not found.
2025-07-24 21:28:27,463 - WARNING - findfont: Font family 'Arial Unicode MS' not found.
2025-07-24 21:28:27,474 - WARNING - findfont: Font family 'Arial Unicode MS' not found.
2025-07-24 21:28:27,475 - WARNING - findfont: Font family 'Arial Unicode MS' not found.
2025-07-24 21:28:27,543 - WARNING - findfont: Font family 'Arial Unicode MS' not found.
2025-07-24 21:28:27,544 - WARNING - findfont: Font family 'Arial Unicode MS' not found.
2025-07-24 21:28:27,545 - WARNING - findfont: Font family 'Arial Unicode MS' not found.
2025-07-24 21:28:27,550 - WARNING - findfont: Font family 'Arial Unicode MS' not found.
2025-07-24 21:28:27,550 - WARNING - findfont: Font family 'Arial Unicode MS' not found.
2025-07-24 21:28:27,552 - WARNING - findfont: Font family 'Arial Unicode MS' not found.
2025-07-24 21:28:27,572 - WARNING - findfont: Font family 'Arial Unicode MS' not found.
2025-07-24 21:28:27,573 - WARNING - findfont: Font family 'Arial Unicode MS' not found.
2025-07-24 21:28:27,575 - WARNING - findfont: Font family 'Arial Unicode MS' not found.
2025-07-24 21:28:27,579 - WARNING - findfont: Font family 'Arial Unicode MS' not found.
2025-07-24 21:28:27,579 - WARNING - findfont: Font family 'Arial Unicode MS' not found.
2025-07-24 21:28:27,580 - WARNING - findfont: Font family 'Arial Unicode MS' not found.
2025-07-24 21:28:27,582 - WARNING - findfont: Font family 'Arial Unicode MS' not found.
2025-07-24 21:28:27,582 - WARNING - findfont: Font family 'Arial Unicode MS' not found.
2025-07-24 21:28:27,584 - WARNING - findfont: Font family 'Arial Unicode MS' not found.
2025-07-24 21:28:27,585 - WARNING - findfont: Font family 'Arial Unicode MS' not found.
2025-07-24 21:28:27,649 - WARNING - findfont: Font family 'Arial Unicode MS' not found.
2025-07-24 21:28:27,662 - WARNING - findfont: Font family 'Arial Unicode MS' not found.
2025-07-24 21:28:27,664 - WARNING - findfont: Font family 'Arial Unicode MS' not found.
2025-07-24 21:28:27,667 - WARNING - findfont: Font family 'Arial Unicode MS' not found.
2025-07-24 21:28:27,667 - WARNING - findfont: Font family 'Arial Unicode MS' not found.
2025-07-24 21:28:27,704 - WARNING - findfont: Font family 'Arial Unicode MS' not found.
2025-07-24 21:28:27,704 - WARNING - findfont: Font family 'Arial Unicode MS' not found.
2025-07-24 21:28:27,706 - WARNING - findfont: Font family 'Arial Unicode MS' not found.
2025-07-24 21:28:27,709 - WARNING - findfont: Font family 'Arial Unicode MS' not found.
2025-07-24 21:28:27,709 - WARNING - findfont: Font family 'Arial Unicode MS' not found.
2025-07-24 21:28:27,712 - WARNING - findfont: Font family 'Arial Unicode MS' not found.
2025-07-24 21:28:27,723 - WARNING - findfont: Font family 'Arial Unicode MS' not found.
2025-07-24 21:28:27,724 - WARNING - findfont: Font family 'Arial Unicode MS' not found.
2025-07-24 21:28:27,792 - WARNING - findfont: Font family 'Arial Unicode MS' not found.
2025-07-24 21:28:27,793 - WARNING - findfont: Font family 'Arial Unicode MS' not found.
2025-07-24 21:28:27,794 - WARNING - findfont: Font family 'Arial Unicode MS' not found.
2025-07-24 21:28:27,798 - WARNING - findfont: Font family 'Arial Unicode MS' not found.
2025-07-24 21:28:27,799 - WARNING - findfont: Font family 'Arial Unicode MS' not found.
2025-07-24 21:28:27,802 - WARNING - findfont: Font family 'Arial Unicode MS' not found.
2025-07-24 21:28:27,823 - WARNING - findfont: Font family 'Arial Unicode MS' not found.
2025-07-24 21:28:27,825 - WARNING - findfont: Font family 'Arial Unicode MS' not found.
2025-07-24 21:28:27,826 - WARNING - findfont: Font family 'Arial Unicode MS' not found.
2025-07-24 21:28:27,829 - WARNING - findfont: Font family 'Arial Unicode MS' not found.
2025-07-24 21:28:27,830 - WARNING - findfont: Font family 'Arial Unicode MS' not found.
2025-07-24 21:28:27,832 - WARNING - findfont: Font family 'Arial Unicode MS' not found.
2025-07-24 21:28:27,834 - WARNING - findfont: Font family 'Arial Unicode MS' not found.
2025-07-24 21:28:27,835 - WARNING - findfont: Font family 'Arial Unicode MS' not found.
2025-07-24 21:28:27,836 - WARNING - findfont: Font family 'Arial Unicode MS' not found.
2025-07-24 21:28:27,837 - WARNING - findfont: Font family 'Arial Unicode MS' not found.
2025-07-29 10:37:49,070 - INFO - HTTP Request: POST http://127.0.0.1:11434/api/chat "HTTP/1.1 200 OK"
2025-07-29 10:37:49,226 - WARNING - findfont: Font family 'Arial Unicode MS' not found.
2025-07-29 10:37:49,242 - WARNING - findfont: Font family 'Arial Unicode MS' not found.
2025-07-29 10:37:49,242 - WARNING - findfont: Font family 'Arial Unicode MS' not found.
2025-07-29 10:37:49,258 - WARNING - findfont: Font family 'Arial Unicode MS' not found.
2025-07-29 10:37:49,258 - WARNING - findfont: Font family 'Arial Unicode MS' not found.
2025-07-29 10:37:49,289 - WARNING - findfont: Font family 'Arial Unicode MS' not found.
2025-07-29 10:37:49,289 - WARNING - findfont: Font family 'Arial Unicode MS' not found.
2025-07-29 10:37:49,289 - WARNING - findfont: Font family 'Arial Unicode MS' not found.
2025-07-29 10:37:49,289 - WARNING - findfont: Font family 'Arial Unicode MS' not found.
2025-07-29 10:37:49,289 - WARNING - findfont: Font family 'Arial Unicode MS' not found.
2025-07-29 10:37:49,289 - WARNING - findfont: Font family 'Arial Unicode MS' not found.
2025-07-29 10:37:49,305 - WARNING - findfont: Font family 'Arial Unicode MS' not found.
2025-07-29 10:37:49,305 - WARNING - findfont: Font family 'Arial Unicode MS' not found.
2025-07-29 10:37:49,381 - WARNING - findfont: Font family 'Arial Unicode MS' not found.
2025-07-29 10:37:49,382 - WARNING - findfont: Font family 'Arial Unicode MS' not found.
2025-07-29 10:37:49,383 - WARNING - findfont: Font family 'Arial Unicode MS' not found.
2025-07-29 10:37:49,390 - WARNING - findfont: Font family 'Arial Unicode MS' not found.
2025-07-29 10:37:49,397 - WARNING - findfont: Font family 'Arial Unicode MS' not found.
2025-07-29 10:37:49,399 - WARNING - findfont: Font family 'Arial Unicode MS' not found.
2025-07-29 10:37:49,420 - WARNING - findfont: Font family 'Arial Unicode MS' not found.
2025-07-29 10:37:49,421 - WARNING - findfont: Font family 'Arial Unicode MS' not found.
2025-07-29 10:37:49,423 - WARNING - findfont: Font family 'Arial Unicode MS' not found.
2025-07-29 10:37:49,426 - WARNING - findfont: Font family 'Arial Unicode MS' not found.
2025-07-29 10:37:49,426 - WARNING - findfont: Font family 'Arial Unicode MS' not found.
2025-07-29 10:37:49,427 - WARNING - findfont: Font family 'Arial Unicode MS' not found.
2025-07-29 10:37:49,428 - WARNING - findfont: Font family 'Arial Unicode MS' not found.
2025-07-29 10:37:49,429 - WARNING - findfont: Font family 'Arial Unicode MS' not found.
2025-07-29 10:37:49,430 - WARNING - findfont: Font family 'Arial Unicode MS' not found.
2025-07-29 10:37:49,432 - WARNING - findfont: Font family 'Arial Unicode MS' not found.
2025-07-29 10:37:49,493 - WARNING - findfont: Font family 'Arial Unicode MS' not found.
2025-07-29 10:37:49,509 - WARNING - findfont: Font family 'Arial Unicode MS' not found.
2025-07-29 10:37:49,512 - WARNING - findfont: Font family 'Arial Unicode MS' not found.
2025-07-29 10:37:49,518 - WARNING - findfont: Font family 'Arial Unicode MS' not found.
2025-07-29 10:37:49,518 - WARNING - findfont: Font family 'Arial Unicode MS' not found.
2025-07-29 10:37:49,556 - WARNING - findfont: Font family 'Arial Unicode MS' not found.
2025-07-29 10:37:49,557 - WARNING - findfont: Font family 'Arial Unicode MS' not found.
2025-07-29 10:37:49,558 - WARNING - findfont: Font family 'Arial Unicode MS' not found.
2025-07-29 10:37:49,561 - WARNING - findfont: Font family 'Arial Unicode MS' not found.
2025-07-29 10:37:49,562 - WARNING - findfont: Font family 'Arial Unicode MS' not found.
2025-07-29 10:37:49,564 - WARNING - findfont: Font family 'Arial Unicode MS' not found.
2025-07-29 10:37:49,575 - WARNING - findfont: Font family 'Arial Unicode MS' not found.
2025-07-29 10:37:49,576 - WARNING - findfont: Font family 'Arial Unicode MS' not found.
2025-07-29 10:37:49,636 - WARNING - findfont: Font family 'Arial Unicode MS' not found.
2025-07-29 10:37:49,647 - WARNING - findfont: Font family 'Arial Unicode MS' not found.
2025-07-29 10:37:49,648 - WARNING - findfont: Font family 'Arial Unicode MS' not found.
2025-07-29 10:37:49,653 - WARNING - findfont: Font family 'Arial Unicode MS' not found.
2025-07-29 10:37:49,653 - WARNING - findfont: Font family 'Arial Unicode MS' not found.
2025-07-29 10:37:49,655 - WARNING - findfont: Font family 'Arial Unicode MS' not found.
2025-07-29 10:37:49,676 - WARNING - findfont: Font family 'Arial Unicode MS' not found.
2025-07-29 10:37:49,677 - WARNING - findfont: Font family 'Arial Unicode MS' not found.
2025-07-29 10:37:49,678 - WARNING - findfont: Font family 'Arial Unicode MS' not found.
2025-07-29 10:37:49,682 - WARNING - findfont: Font family 'Arial Unicode MS' not found.
2025-07-29 10:37:49,682 - WARNING - findfont: Font family 'Arial Unicode MS' not found.
2025-07-29 10:37:49,684 - WARNING - findfont: Font family 'Arial Unicode MS' not found.
2025-07-29 10:37:49,685 - WARNING - findfont: Font family 'Arial Unicode MS' not found.
2025-07-29 10:37:49,686 - WARNING - findfont: Font family 'Arial Unicode MS' not found.
2025-07-29 10:37:49,687 - WARNING - findfont: Font family 'Arial Unicode MS' not found.
2025-07-29 10:37:49,689 - WARNING - findfont: Font family 'Arial Unicode MS' not found.
2025-07-29 10:37:49,765 - WARNING - findfont: Font family 'Arial Unicode MS' not found.
2025-07-29 10:37:49,766 - WARNING - findfont: Font family 'Arial Unicode MS' not found.
2025-07-29 10:37:49,769 - WARNING - findfont: Font family 'Arial Unicode MS' not found.
2025-07-29 10:37:49,771 - WARNING - findfont: Font family 'Arial Unicode MS' not found.
2025-07-29 10:37:49,772 - WARNING - findfont: Font family 'Arial Unicode MS' not found.
2025-07-29 10:37:49,808 - WARNING - findfont: Font family 'Arial Unicode MS' not found.
2025-07-29 10:37:49,809 - WARNING - findfont: Font family 'Arial Unicode MS' not found.
2025-07-29 10:37:49,810 - WARNING - findfont: Font family 'Arial Unicode MS' not found.
2025-07-29 10:37:49,814 - WARNING - findfont: Font family 'Arial Unicode MS' not found.
2025-07-29 10:37:49,814 - WARNING - findfont: Font family 'Arial Unicode MS' not found.
2025-07-29 10:37:49,817 - WARNING - findfont: Font family 'Arial Unicode MS' not found.
2025-07-29 10:37:49,828 - WARNING - findfont: Font family 'Arial Unicode MS' not found.
2025-07-29 10:37:49,829 - WARNING - findfont: Font family 'Arial Unicode MS' not found.
2025-07-29 10:37:49,888 - WARNING - findfont: Font family 'Arial Unicode MS' not found.
2025-07-29 10:37:49,898 - WARNING - findfont: Font family 'Arial Unicode MS' not found.
2025-07-29 10:37:49,899 - WARNING - findfont: Font family 'Arial Unicode MS' not found.
2025-07-29 10:37:49,903 - WARNING - findfont: Font family 'Arial Unicode MS' not found.
2025-07-29 10:37:49,904 - WARNING - findfont: Font family 'Arial Unicode MS' not found.
2025-07-29 10:37:49,907 - WARNING - findfont: Font family 'Arial Unicode MS' not found.
2025-07-29 10:37:49,929 - WARNING - findfont: Font family 'Arial Unicode MS' not found.
2025-07-29 10:37:49,930 - WARNING - findfont: Font family 'Arial Unicode MS' not found.
2025-07-29 10:37:49,931 - WARNING - findfont: Font family 'Arial Unicode MS' not found.
2025-07-29 10:37:49,935 - WARNING - findfont: Font family 'Arial Unicode MS' not found.
2025-07-29 10:37:49,935 - WARNING - findfont: Font family 'Arial Unicode MS' not found.
2025-07-29 10:37:49,937 - WARNING - findfont: Font family 'Arial Unicode MS' not found.
2025-07-29 10:37:49,939 - WARNING - findfont: Font family 'Arial Unicode MS' not found.
2025-07-29 10:37:49,940 - WARNING - findfont: Font family 'Arial Unicode MS' not found.
2025-07-29 10:37:49,941 - WARNING - findfont: Font family 'Arial Unicode MS' not found.
2025-07-29 10:37:49,942 - WARNING - findfont: Font family 'Arial Unicode MS' not found.
2025-08-04 16:12:01,412 - INFO - HTTP Request: GET https://translate.googleapis.com/translate_a/single?client=gtx&sl=auto&tl=zh-tw&hl=zh-tw&dt=at&dt=bd&dt=ex&dt=ld&dt=md&dt=qca&dt=rw&dt=rm&dt=ss&dt=t&ie=UTF-8&oe=UTF-8&otf=1&ssel=0&tsel=0&tk=xxxx&q=%E5%88%86%E6%AF%8D%E7%9B%B8%E5%90%8C%E5%97%8E%EF%BC%9F "HTTP/2 200 OK"
2025-08-04 16:12:26,953 - INFO - HTTP Request: GET https://translate.googleapis.com/translate_a/single?client=gtx&sl=auto&tl=zh-tw&hl=zh-tw&dt=at&dt=bd&dt=ex&dt=ld&dt=md&dt=qca&dt=rw&dt=rm&dt=ss&dt=t&ie=UTF-8&oe=UTF-8&otf=1&ssel=0&tsel=0&tk=xxxx&q=%E5%88%86%E6%AF%8D%E7%9B%B8%E5%90%8C%E5%97%8E%EF%BC%9F "HTTP/2 200 OK"
2025-08-04 16:51:07,535 - INFO - HTTP Request: GET https://translate.googleapis.com/translate_a/single?client=gtx&sl=auto&tl=zh-tw&hl=zh-tw&dt=at&dt=bd&dt=ex&dt=ld&dt=md&dt=qca&dt=rw&dt=rm&dt=ss&dt=t&ie=UTF-8&oe=UTF-8&otf=1&ssel=0&tsel=0&tk=xxxx&q=%E5%88%86%E6%AF%8D%E7%9B%B8%E5%90%8C%E5%97%8E%EF%BC%9F "HTTP/2 200 OK"
2025-08-04 17:13:02,324 - INFO - HTTP Request: GET https://translate.googleapis.com/translate_a/single?client=gtx&sl=auto&tl=zh-tw&hl=zh-tw&dt=at&dt=bd&dt=ex&dt=ld&dt=md&dt=qca&dt=rw&dt=rm&dt=ss&dt=t&ie=UTF-8&oe=UTF-8&otf=1&ssel=0&tsel=0&tk=xxxx&q=%E5%88%86%E6%AF%8D%E7%9B%B8%E5%90%8C%E5%97%8E%EF%BC%9F "HTTP/2 200 OK"
2025-08-04 17:16:13,577 - INFO - HTTP Request: GET https://translate.googleapis.com/translate_a/single?client=gtx&sl=auto&tl=zh-tw&hl=zh-tw&dt=at&dt=bd&dt=ex&dt=ld&dt=md&dt=qca&dt=rw&dt=rm&dt=ss&dt=t&ie=UTF-8&oe=UTF-8&otf=1&ssel=0&tsel=0&tk=xxxx&q=%E5%88%86%E6%AF%8D%E7%9B%B8%E5%90%8C%E5%97%8E%EF%BC%9F "HTTP/2 200 OK"
2025-08-04 17:18:53,548 - INFO - HTTP Request: GET https://translate.googleapis.com/translate_a/single?client=gtx&sl=auto&tl=zh-tw&hl=zh-tw&dt=at&dt=bd&dt=ex&dt=ld&dt=md&dt=qca&dt=rw&dt=rm&dt=ss&dt=t&ie=UTF-8&oe=UTF-8&otf=1&ssel=0&tsel=0&tk=xxxx&q=%E5%88%86%E6%AF%8D%E7%9B%B8%E5%90%8C%E5%97%8E%EF%BC%9F "HTTP/2 200 OK"
2025-08-04 17:48:14,515 - INFO - HTTP Request: GET https://translate.googleapis.com/translate_a/single?client=gtx&sl=auto&tl=zh-tw&hl=zh-tw&dt=at&dt=bd&dt=ex&dt=ld&dt=md&dt=qca&dt=rw&dt=rm&dt=ss&dt=t&ie=UTF-8&oe=UTF-8&otf=1&ssel=0&tsel=0&tk=xxxx&q=%E5%88%86%E6%AF%8D%E7%9B%B8%E5%90%8C%E5%97%8E%EF%BC%9F "HTTP/2 200 OK"
2025-08-04 17:50:45,724 - INFO - HTTP Request: GET https://translate.googleapis.com/translate_a/single?client=gtx&sl=auto&tl=zh-tw&hl=zh-tw&dt=at&dt=bd&dt=ex&dt=ld&dt=md&dt=qca&dt=rw&dt=rm&dt=ss&dt=t&ie=UTF-8&oe=UTF-8&otf=1&ssel=0&tsel=0&tk=xxxx&q=%E5%88%86%E6%AF%8D%E7%9B%B8%E5%90%8C%E5%97%8E%EF%BC%9F "HTTP/2 200 OK"
2025-08-04 17:52:29,207 - INFO - HTTP Request: GET https://translate.googleapis.com/translate_a/single?client=gtx&sl=auto&tl=zh-tw&hl=zh-tw&dt=at&dt=bd&dt=ex&dt=ld&dt=md&dt=qca&dt=rw&dt=rm&dt=ss&dt=t&ie=UTF-8&oe=UTF-8&otf=1&ssel=0&tsel=0&tk=xxxx&q=%E5%88%86%E6%AF%8D%E7%9B%B8%E5%90%8C%E5%97%8E%EF%BC%9F "HTTP/2 200 OK"
2025-08-04 17:56:18,846 - INFO - HTTP Request: GET https://translate.googleapis.com/translate_a/single?client=gtx&sl=auto&tl=zh-tw&hl=zh-tw&dt=at&dt=bd&dt=ex&dt=ld&dt=md&dt=qca&dt=rw&dt=rm&dt=ss&dt=t&ie=UTF-8&oe=UTF-8&otf=1&ssel=0&tsel=0&tk=xxxx&q=%E5%88%86%E6%AF%8D%E7%9B%B8%E5%90%8C%E5%97%8E%EF%BC%9F "HTTP/2 200 OK"
2025-08-04 17:59:09,425 - INFO - HTTP Request: GET https://translate.googleapis.com/translate_a/single?client=gtx&sl=auto&tl=zh-tw&hl=zh-tw&dt=at&dt=bd&dt=ex&dt=ld&dt=md&dt=qca&dt=rw&dt=rm&dt=ss&dt=t&ie=UTF-8&oe=UTF-8&otf=1&ssel=0&tsel=0&tk=xxxx&q=%E5%88%86%E6%AF%8D%E7%9B%B8%E5%90%8C%E5%97%8E%EF%BC%9F "HTTP/2 200 OK"
2025-08-04 18:00:36,848 - INFO - HTTP Request: GET https://translate.googleapis.com/translate_a/single?client=gtx&sl=auto&tl=zh-tw&hl=zh-tw&dt=at&dt=bd&dt=ex&dt=ld&dt=md&dt=qca&dt=rw&dt=rm&dt=ss&dt=t&ie=UTF-8&oe=UTF-8&otf=1&ssel=0&tsel=0&tk=xxxx&q=%E5%88%86%E6%AF%8D%E7%9B%B8%E5%90%8C%E5%97%8E%EF%BC%9F "HTTP/2 200 OK"
2025-08-04 18:02:07,706 - INFO - HTTP Request: GET https://translate.googleapis.com/translate_a/single?client=gtx&sl=auto&tl=zh-tw&hl=zh-tw&dt=at&dt=bd&dt=ex&dt=ld&dt=md&dt=qca&dt=rw&dt=rm&dt=ss&dt=t&ie=UTF-8&oe=UTF-8&otf=1&ssel=0&tsel=0&tk=xxxx&q=%E5%88%86%E6%AF%8D%E7%9B%B8%E5%90%8C%E5%97%8E%EF%BC%9F "HTTP/2 200 OK"
2025-08-04 18:04:03,733 - INFO - HTTP Request: GET https://translate.googleapis.com/translate_a/single?client=gtx&sl=auto&tl=zh-tw&hl=zh-tw&dt=at&dt=bd&dt=ex&dt=ld&dt=md&dt=qca&dt=rw&dt=rm&dt=ss&dt=t&ie=UTF-8&oe=UTF-8&otf=1&ssel=0&tsel=0&tk=xxxx&q=%E5%88%86%E6%AF%8D%E7%9B%B8%E5%90%8C%E5%97%8E%EF%BC%9F "HTTP/2 200 OK"
2025-08-04 18:05:39,409 - INFO - HTTP Request: GET https://translate.googleapis.com/translate_a/single?client=gtx&sl=auto&tl=zh-tw&hl=zh-tw&dt=at&dt=bd&dt=ex&dt=ld&dt=md&dt=qca&dt=rw&dt=rm&dt=ss&dt=t&ie=UTF-8&oe=UTF-8&otf=1&ssel=0&tsel=0&tk=xxxx&q=%E5%88%86%E6%AF%8D%E7%9B%B8%E5%90%8C%E5%97%8E%EF%BC%9F "HTTP/2 200 OK"
2025-08-04 18:12:01,593 - INFO - HTTP Request: GET https://translate.googleapis.com/translate_a/single?client=gtx&sl=auto&tl=zh-tw&hl=zh-tw&dt=at&dt=bd&dt=ex&dt=ld&dt=md&dt=qca&dt=rw&dt=rm&dt=ss&dt=t&ie=UTF-8&oe=UTF-8&otf=1&ssel=0&tsel=0&tk=xxxx&q=%E5%88%86%E6%AF%8D%E7%9B%B8%E5%90%8C%E5%97%8E%EF%BC%9F "HTTP/2 200 OK"
2025-08-04 18:15:17,230 - INFO - HTTP Request: GET https://translate.googleapis.com/translate_a/single?client=gtx&sl=auto&tl=zh-tw&hl=zh-tw&dt=at&dt=bd&dt=ex&dt=ld&dt=md&dt=qca&dt=rw&dt=rm&dt=ss&dt=t&ie=UTF-8&oe=UTF-8&otf=1&ssel=0&tsel=0&tk=xxxx&q=%E5%88%86%E6%AF%8D%E7%9B%B8%E5%90%8C%E5%97%8E%EF%BC%9F "HTTP/2 200 OK"
2025-08-06 14:09:17,295 - INFO - HTTP Request: GET https://translate.googleapis.com/translate_a/single?client=gtx&sl=auto&tl=zh-tw&hl=zh-tw&dt=at&dt=bd&dt=ex&dt=ld&dt=md&dt=qca&dt=rw&dt=rm&dt=ss&dt=t&ie=UTF-8&oe=UTF-8&otf=1&ssel=0&tsel=0&tk=xxxx&q=%E5%88%86%E6%AF%8D%E7%9B%B8%E5%90%8C%E5%97%8E%EF%BC%9F "HTTP/2 200 OK"
2025-08-08 14:59:39,956 - INFO - HTTP Request: GET https://translate.googleapis.com/translate_a/single?client=gtx&sl=auto&tl=zh-tw&hl=zh-tw&dt=at&dt=bd&dt=ex&dt=ld&dt=md&dt=qca&dt=rw&dt=rm&dt=ss&dt=t&ie=UTF-8&oe=UTF-8&otf=1&ssel=0&tsel=0&tk=xxxx&q=%E5%88%86%E6%AF%8D%E7%9B%B8%E5%90%8C%E5%97%8E%EF%BC%9F "HTTP/2 200 OK"
2025-08-08 15:06:24,311 - INFO - HTTP Request: POST http://127.0.0.1:11434/api/chat "HTTP/1.1 200 OK"
2025-08-08 15:06:24,346 - WARNING - findfont: Font family 'Arial Unicode MS' not found.
2025-08-08 15:06:24,365 - WARNING - findfont: Font family 'Arial Unicode MS' not found.
2025-08-08 15:06:24,369 - WARNING - findfont: Font family 'Arial Unicode MS' not found.
2025-08-08 15:06:24,381 - WARNING - findfont: Font family 'Arial Unicode MS' not found.
2025-08-08 15:06:24,383 - WARNING - findfont: Font family 'Arial Unicode MS' not found.
2025-08-08 15:06:24,411 - WARNING - findfont: Font family 'Arial Unicode MS' not found.
2025-08-08 15:06:24,411 - WARNING - findfont: Font family 'Arial Unicode MS' not found.
2025-08-08 15:06:24,411 - WARNING - findfont: Font family 'Arial Unicode MS' not found.
2025-08-08 15:06:24,422 - WARNING - findfont: Font family 'Arial Unicode MS' not found.
2025-08-08 15:06:24,423 - WARNING - findfont: Font family 'Arial Unicode MS' not found.
2025-08-08 15:06:24,425 - WARNING - findfont: Font family 'Arial Unicode MS' not found.
2025-08-08 15:06:24,436 - WARNING - findfont: Font family 'Arial Unicode MS' not found.
2025-08-08 15:06:24,437 - WARNING - findfont: Font family 'Arial Unicode MS' not found.
2025-08-08 15:06:24,504 - WARNING - findfont: Font family 'Arial Unicode MS' not found.
2025-08-08 15:06:24,505 - WARNING - findfont: Font family 'Arial Unicode MS' not found.
2025-08-08 15:06:24,506 - WARNING - findfont: Font family 'Arial Unicode MS' not found.
2025-08-08 15:06:24,512 - WARNING - findfont: Font family 'Arial Unicode MS' not found.
2025-08-08 15:06:24,517 - WARNING - findfont: Font family 'Arial Unicode MS' not found.
2025-08-08 15:06:24,518 - WARNING - findfont: Font family 'Arial Unicode MS' not found.
2025-08-08 15:06:24,519 - WARNING - findfont: Font family 'Arial Unicode MS' not found.
2025-08-08 15:06:24,522 - WARNING - findfont: Font family 'Arial Unicode MS' not found.
2025-08-08 15:06:24,541 - WARNING - findfont: Font family 'Arial Unicode MS' not found.
2025-08-08 15:06:24,541 - WARNING - findfont: Font family 'Arial Unicode MS' not found.
2025-08-08 15:06:24,543 - WARNING - findfont: Font family 'Arial Unicode MS' not found.
2025-08-08 15:06:24,546 - WARNING - findfont: Font family 'Arial Unicode MS' not found.
2025-08-08 15:06:24,547 - WARNING - findfont: Font family 'Arial Unicode MS' not found.
2025-08-08 15:06:24,548 - WARNING - findfont: Font family 'Arial Unicode MS' not found.
2025-08-08 15:06:24,549 - WARNING - findfont: Font family 'Arial Unicode MS' not found.
2025-08-08 15:06:24,549 - WARNING - findfont: Font family 'Arial Unicode MS' not found.
2025-08-08 15:06:24,550 - WARNING - findfont: Font family 'Arial Unicode MS' not found.
2025-08-08 15:06:24,552 - WARNING - findfont: Font family 'Arial Unicode MS' not found.
2025-08-08 15:06:24,554 - WARNING - findfont: Font family 'Arial Unicode MS' not found.
2025-08-08 15:06:24,555 - WARNING - findfont: Font family 'Arial Unicode MS' not found.
2025-08-08 15:06:24,556 - WARNING - findfont: Font family 'Arial Unicode MS' not found.
2025-08-08 15:06:24,557 - WARNING - findfont: Font family 'Arial Unicode MS' not found.
2025-08-08 15:06:24,629 - WARNING - findfont: Font family 'Arial Unicode MS' not found.
2025-08-08 15:06:24,645 - WARNING - findfont: Font family 'Arial Unicode MS' not found.
2025-08-08 15:06:24,648 - WARNING - findfont: Font family 'Arial Unicode MS' not found.
2025-08-08 15:06:24,651 - WARNING - findfont: Font family 'Arial Unicode MS' not found.
2025-08-08 15:06:24,652 - WARNING - findfont: Font family 'Arial Unicode MS' not found.
2025-08-08 15:06:24,687 - WARNING - findfont: Font family 'Arial Unicode MS' not found.
2025-08-08 15:06:24,689 - WARNING - findfont: Font family 'Arial Unicode MS' not found.
2025-08-08 15:06:24,690 - WARNING - findfont: Font family 'Arial Unicode MS' not found.
2025-08-08 15:06:24,694 - WARNING - findfont: Font family 'Arial Unicode MS' not found.
2025-08-08 15:06:24,694 - WARNING - findfont: Font family 'Arial Unicode MS' not found.
2025-08-08 15:06:24,697 - WARNING - findfont: Font family 'Arial Unicode MS' not found.
2025-08-08 15:06:24,708 - WARNING - findfont: Font family 'Arial Unicode MS' not found.
2025-08-08 15:06:24,709 - WARNING - findfont: Font family 'Arial Unicode MS' not found.
2025-08-08 15:06:24,772 - WARNING - findfont: Font family 'Arial Unicode MS' not found.
2025-08-08 15:06:24,780 - WARNING - findfont: Font family 'Arial Unicode MS' not found.
2025-08-08 15:06:24,781 - WARNING - findfont: Font family 'Arial Unicode MS' not found.
2025-08-08 15:06:24,787 - WARNING - findfont: Font family 'Arial Unicode MS' not found.
2025-08-08 15:06:24,788 - WARNING - findfont: Font family 'Arial Unicode MS' not found.
2025-08-08 15:06:24,790 - WARNING - findfont: Font family 'Arial Unicode MS' not found.
2025-08-08 15:06:24,811 - WARNING - findfont: Font family 'Arial Unicode MS' not found.
2025-08-08 15:06:24,812 - WARNING - findfont: Font family 'Arial Unicode MS' not found.
2025-08-08 15:06:24,813 - WARNING - findfont: Font family 'Arial Unicode MS' not found.
2025-08-08 15:06:24,817 - WARNING - findfont: Font family 'Arial Unicode MS' not found.
2025-08-08 15:06:24,817 - WARNING - findfont: Font family 'Arial Unicode MS' not found.
2025-08-08 15:06:24,819 - WARNING - findfont: Font family 'Arial Unicode MS' not found.
2025-08-08 15:06:24,820 - WARNING - findfont: Font family 'Arial Unicode MS' not found.
2025-08-08 15:06:24,821 - WARNING - findfont: Font family 'Arial Unicode MS' not found.
2025-08-08 15:06:24,822 - WARNING - findfont: Font family 'Arial Unicode MS' not found.
2025-08-08 15:06:24,823 - WARNING - findfont: Font family 'Arial Unicode MS' not found.
2025-08-08 15:06:24,900 - WARNING - findfont: Font family 'Arial Unicode MS' not found.
2025-08-08 15:06:24,901 - WARNING - findfont: Font family 'Arial Unicode MS' not found.
2025-08-08 15:06:24,904 - WARNING - findfont: Font family 'Arial Unicode MS' not found.
2025-08-08 15:06:24,906 - WARNING - findfont: Font family 'Arial Unicode MS' not found.
2025-08-08 15:06:24,907 - WARNING - findfont: Font family 'Arial Unicode MS' not found.
2025-08-08 15:06:24,944 - WARNING - findfont: Font family 'Arial Unicode MS' not found.
2025-08-08 15:06:24,945 - WARNING - findfont: Font family 'Arial Unicode MS' not found.
2025-08-08 15:06:24,946 - WARNING - findfont: Font family 'Arial Unicode MS' not found.
2025-08-08 15:06:24,949 - WARNING - findfont: Font family 'Arial Unicode MS' not found.
2025-08-08 15:06:24,950 - WARNING - findfont: Font family 'Arial Unicode MS' not found.
2025-08-08 15:06:24,952 - WARNING - findfont: Font family 'Arial Unicode MS' not found.
2025-08-08 15:06:24,964 - WARNING - findfont: Font family 'Arial Unicode MS' not found.
2025-08-08 15:06:24,965 - WARNING - findfont: Font family 'Arial Unicode MS' not found.
2025-08-08 15:06:25,023 - WARNING - findfont: Font family 'Arial Unicode MS' not found.
2025-08-08 15:06:25,031 - WARNING - findfont: Font family 'Arial Unicode MS' not found.
2025-08-08 15:06:25,032 - WARNING - findfont: Font family 'Arial Unicode MS' not found.
2025-08-08 15:06:25,038 - WARNING - findfont: Font family 'Arial Unicode MS' not found.
2025-08-08 15:06:25,038 - WARNING - findfont: Font family 'Arial Unicode MS' not found.
2025-08-08 15:06:25,042 - WARNING - findfont: Font family 'Arial Unicode MS' not found.
2025-08-08 15:06:25,042 - WARNING - findfont: Font family 'Arial Unicode MS' not found.
2025-08-08 15:06:25,060 - WARNING - findfont: Font family 'Arial Unicode MS' not found.
2025-08-08 15:06:25,061 - WARNING - findfont: Font family 'Arial Unicode MS' not found.
2025-08-08 15:06:25,062 - WARNING - findfont: Font family 'Arial Unicode MS' not found.
2025-08-08 15:06:25,066 - WARNING - findfont: Font family 'Arial Unicode MS' not found.
2025-08-08 15:06:25,066 - WARNING - findfont: Font family 'Arial Unicode MS' not found.
2025-08-08 15:06:25,068 - WARNING - findfont: Font family 'Arial Unicode MS' not found.
2025-08-08 15:06:25,070 - WARNING - findfont: Font family 'Arial Unicode MS' not found.
2025-08-08 15:06:25,071 - WARNING - findfont: Font family 'Arial Unicode MS' not found.
2025-08-08 15:06:25,072 - WARNING - findfont: Font family 'Arial Unicode MS' not found.
2025-08-08 15:06:25,073 - WARNING - findfont: Font family 'Arial Unicode MS' not found.
2025-08-08 15:06:25,074 - WARNING - findfont: Font family 'Arial Unicode MS' not found.
2025-08-08 15:06:25,076 - WARNING - findfont: Font family 'Arial Unicode MS' not found.
2025-08-08 15:06:25,077 - WARNING - findfont: Font family 'Arial Unicode MS' not found.
2025-08-08 15:07:57,048 - INFO - HTTP Request: GET https://translate.googleapis.com/translate_a/single?client=gtx&sl=auto&tl=zh-tw&hl=zh-tw&dt=at&dt=bd&dt=ex&dt=ld&dt=md&dt=qca&dt=rw&dt=rm&dt=ss&dt=t&ie=UTF-8&oe=UTF-8&otf=1&ssel=0&tsel=0&tk=xxxx&q=%E5%88%86%E6%AF%8D%E7%9B%B8%E5%90%8C%E5%97%8E%EF%BC%9F "HTTP/2 200 OK"
2025-08-12 15:18:37,003 - INFO - HTTP Request: GET https://translate.googleapis.com/translate_a/single?client=gtx&sl=auto&tl=zh-tw&hl=zh-tw&dt=at&dt=bd&dt=ex&dt=ld&dt=md&dt=qca&dt=rw&dt=rm&dt=ss&dt=t&ie=UTF-8&oe=UTF-8&otf=1&ssel=0&tsel=0&tk=xxxx&q=%E5%88%86%E6%AF%8D%E7%9B%B8%E5%90%8C%E5%97%8E%EF%BC%9F "HTTP/2 200 OK"
2025-08-12 15:29:51,399 - INFO - HTTP Request: GET https://translate.googleapis.com/translate_a/single?client=gtx&sl=auto&tl=zh-tw&hl=zh-tw&dt=at&dt=bd&dt=ex&dt=ld&dt=md&dt=qca&dt=rw&dt=rm&dt=ss&dt=t&ie=UTF-8&oe=UTF-8&otf=1&ssel=0&tsel=0&tk=xxxx&q=%E5%88%86%E6%AF%8D%E7%9B%B8%E5%90%8C%E5%97%8E%EF%BC%9F "HTTP/2 200 OK"
2025-08-12 15:34:15,973 - INFO - HTTP Request: GET https://translate.googleapis.com/translate_a/single?client=gtx&sl=auto&tl=zh-tw&hl=zh-tw&dt=at&dt=bd&dt=ex&dt=ld&dt=md&dt=qca&dt=rw&dt=rm&dt=ss&dt=t&ie=UTF-8&oe=UTF-8&otf=1&ssel=0&tsel=0&tk=xxxx&q=%E5%88%86%E6%AF%8D%E7%9B%B8%E5%90%8C%E5%97%8E%EF%BC%9F "HTTP/2 200 OK"
2025-08-12 15:37:51,838 - INFO - HTTP Request: GET https://translate.googleapis.com/translate_a/single?client=gtx&sl=auto&tl=zh-tw&hl=zh-tw&dt=at&dt=bd&dt=ex&dt=ld&dt=md&dt=qca&dt=rw&dt=rm&dt=ss&dt=t&ie=UTF-8&oe=UTF-8&otf=1&ssel=0&tsel=0&tk=xxxx&q=%E5%88%86%E6%AF%8D%E7%9B%B8%E5%90%8C%E5%97%8E%EF%BC%9F "HTTP/2 200 OK"
2025-08-12 15:42:08,964 - INFO - HTTP Request: GET https://translate.googleapis.com/translate_a/single?client=gtx&sl=auto&tl=zh-tw&hl=zh-tw&dt=at&dt=bd&dt=ex&dt=ld&dt=md&dt=qca&dt=rw&dt=rm&dt=ss&dt=t&ie=UTF-8&oe=UTF-8&otf=1&ssel=0&tsel=0&tk=xxxx&q=%E5%88%86%E6%AF%8D%E7%9B%B8%E5%90%8C%E5%97%8E%EF%BC%9F "HTTP/2 200 OK"
2025-08-12 15:45:19,478 - INFO - HTTP Request: GET https://translate.googleapis.com/translate_a/single?client=gtx&sl=auto&tl=zh-tw&hl=zh-tw&dt=at&dt=bd&dt=ex&dt=ld&dt=md&dt=qca&dt=rw&dt=rm&dt=ss&dt=t&ie=UTF-8&oe=UTF-8&otf=1&ssel=0&tsel=0&tk=xxxx&q=%E5%88%86%E6%AF%8D%E7%9B%B8%E5%90%8C%E5%97%8E%EF%BC%9F "HTTP/2 200 OK"
2025-08-12 15:47:48,764 - INFO - HTTP Request: GET https://translate.googleapis.com/translate_a/single?client=gtx&sl=auto&tl=zh-tw&hl=zh-tw&dt=at&dt=bd&dt=ex&dt=ld&dt=md&dt=qca&dt=rw&dt=rm&dt=ss&dt=t&ie=UTF-8&oe=UTF-8&otf=1&ssel=0&tsel=0&tk=xxxx&q=%E5%88%86%E6%AF%8D%E7%9B%B8%E5%90%8C%E5%97%8E%EF%BC%9F "HTTP/2 200 OK"
2025-08-12 15:52:52,756 - INFO - HTTP Request: GET https://translate.googleapis.com/translate_a/single?client=gtx&sl=auto&tl=zh-tw&hl=zh-tw&dt=at&dt=bd&dt=ex&dt=ld&dt=md&dt=qca&dt=rw&dt=rm&dt=ss&dt=t&ie=UTF-8&oe=UTF-8&otf=1&ssel=0&tsel=0&tk=xxxx&q=%E5%88%86%E6%AF%8D%E7%9B%B8%E5%90%8C%E5%97%8E%EF%BC%9F "HTTP/2 200 OK"
2025-08-12 15:55:33,695 - INFO - HTTP Request: GET https://translate.googleapis.com/translate_a/single?client=gtx&sl=auto&tl=zh-tw&hl=zh-tw&dt=at&dt=bd&dt=ex&dt=ld&dt=md&dt=qca&dt=rw&dt=rm&dt=ss&dt=t&ie=UTF-8&oe=UTF-8&otf=1&ssel=0&tsel=0&tk=xxxx&q=%E5%88%86%E6%AF%8D%E7%9B%B8%E5%90%8C%E5%97%8E%EF%BC%9F "HTTP/2 200 OK"
2025-08-12 16:05:08,249 - INFO - HTTP Request: GET https://translate.googleapis.com/translate_a/single?client=gtx&sl=auto&tl=zh-tw&hl=zh-tw&dt=at&dt=bd&dt=ex&dt=ld&dt=md&dt=qca&dt=rw&dt=rm&dt=ss&dt=t&ie=UTF-8&oe=UTF-8&otf=1&ssel=0&tsel=0&tk=xxxx&q=%E5%88%86%E6%AF%8D%E7%9B%B8%E5%90%8C%E5%97%8E%EF%BC%9F "HTTP/2 200 OK"
2025-08-12 16:11:22,844 - INFO - HTTP Request: GET https://translate.googleapis.com/translate_a/single?client=gtx&sl=auto&tl=zh-tw&hl=zh-tw&dt=at&dt=bd&dt=ex&dt=ld&dt=md&dt=qca&dt=rw&dt=rm&dt=ss&dt=t&ie=UTF-8&oe=UTF-8&otf=1&ssel=0&tsel=0&tk=xxxx&q=%E5%88%86%E6%AF%8D%E7%9B%B8%E5%90%8C%E5%97%8E%EF%BC%9F "HTTP/2 200 OK"
2025-08-12 16:14:18,807 - INFO - HTTP Request: GET https://translate.googleapis.com/translate_a/single?client=gtx&sl=auto&tl=zh-tw&hl=zh-tw&dt=at&dt=bd&dt=ex&dt=ld&dt=md&dt=qca&dt=rw&dt=rm&dt=ss&dt=t&ie=UTF-8&oe=UTF-8&otf=1&ssel=0&tsel=0&tk=xxxx&q=%E5%88%86%E6%AF%8D%E7%9B%B8%E5%90%8C%E5%97%8E%EF%BC%9F "HTTP/2 200 OK"
2025-08-12 16:22:57,775 - INFO - HTTP Request: GET https://translate.googleapis.com/translate_a/single?client=gtx&sl=auto&tl=zh-tw&hl=zh-tw&dt=at&dt=bd&dt=ex&dt=ld&dt=md&dt=qca&dt=rw&dt=rm&dt=ss&dt=t&ie=UTF-8&oe=UTF-8&otf=1&ssel=0&tsel=0&tk=xxxx&q=%E5%88%86%E6%AF%8D%E7%9B%B8%E5%90%8C%E5%97%8E%EF%BC%9F "HTTP/2 200 OK"
2025-08-12 16:25:21,545 - INFO - HTTP Request: GET https://translate.googleapis.com/translate_a/single?client=gtx&sl=auto&tl=zh-tw&hl=zh-tw&dt=at&dt=bd&dt=ex&dt=ld&dt=md&dt=qca&dt=rw&dt=rm&dt=ss&dt=t&ie=UTF-8&oe=UTF-8&otf=1&ssel=0&tsel=0&tk=xxxx&q=%E5%88%86%E6%AF%8D%E7%9B%B8%E5%90%8C%E5%97%8E%EF%BC%9F "HTTP/2 200 OK"
2025-08-12 16:29:43,437 - INFO - HTTP Request: GET https://translate.googleapis.com/translate_a/single?client=gtx&sl=auto&tl=zh-tw&hl=zh-tw&dt=at&dt=bd&dt=ex&dt=ld&dt=md&dt=qca&dt=rw&dt=rm&dt=ss&dt=t&ie=UTF-8&oe=UTF-8&otf=1&ssel=0&tsel=0&tk=xxxx&q=%E5%88%86%E6%AF%8D%E7%9B%B8%E5%90%8C%E5%97%8E%EF%BC%9F "HTTP/2 200 OK"
2025-08-12 16:32:21,120 - INFO - HTTP Request: GET https://translate.googleapis.com/translate_a/single?client=gtx&sl=auto&tl=zh-tw&hl=zh-tw&dt=at&dt=bd&dt=ex&dt=ld&dt=md&dt=qca&dt=rw&dt=rm&dt=ss&dt=t&ie=UTF-8&oe=UTF-8&otf=1&ssel=0&tsel=0&tk=xxxx&q=%E5%88%86%E6%AF%8D%E7%9B%B8%E5%90%8C%E5%97%8E%EF%BC%9F "HTTP/2 200 OK"
2025-08-12 17:05:16,368 - INFO - HTTP Request: GET https://translate.googleapis.com/translate_a/single?client=gtx&sl=auto&tl=zh-tw&hl=zh-tw&dt=at&dt=bd&dt=ex&dt=ld&dt=md&dt=qca&dt=rw&dt=rm&dt=ss&dt=t&ie=UTF-8&oe=UTF-8&otf=1&ssel=0&tsel=0&tk=xxxx&q=%E5%88%86%E6%AF%8D%E7%9B%B8%E5%90%8C%E5%97%8E%EF%BC%9F "HTTP/2 200 OK"
2025-08-12 17:15:42,926 - INFO - HTTP Request: GET https://translate.googleapis.com/translate_a/single?client=gtx&sl=auto&tl=zh-tw&hl=zh-tw&dt=at&dt=bd&dt=ex&dt=ld&dt=md&dt=qca&dt=rw&dt=rm&dt=ss&dt=t&ie=UTF-8&oe=UTF-8&otf=1&ssel=0&tsel=0&tk=xxxx&q=%E5%88%86%E6%AF%8D%E7%9B%B8%E5%90%8C%E5%97%8E%EF%BC%9F "HTTP/2 200 OK"
2025-08-12 17:24:27,162 - INFO - HTTP Request: GET https://translate.googleapis.com/translate_a/single?client=gtx&sl=auto&tl=zh-tw&hl=zh-tw&dt=at&dt=bd&dt=ex&dt=ld&dt=md&dt=qca&dt=rw&dt=rm&dt=ss&dt=t&ie=UTF-8&oe=UTF-8&otf=1&ssel=0&tsel=0&tk=xxxx&q=%E5%88%86%E6%AF%8D%E7%9B%B8%E5%90%8C%E5%97%8E%EF%BC%9F "HTTP/2 200 OK"
2025-08-12 17:38:12,463 - INFO - HTTP Request: GET https://translate.googleapis.com/translate_a/single?client=gtx&sl=auto&tl=zh-tw&hl=zh-tw&dt=at&dt=bd&dt=ex&dt=ld&dt=md&dt=qca&dt=rw&dt=rm&dt=ss&dt=t&ie=UTF-8&oe=UTF-8&otf=1&ssel=0&tsel=0&tk=xxxx&q=%E5%88%86%E6%AF%8D%E7%9B%B8%E5%90%8C%E5%97%8E%EF%BC%9F "HTTP/2 200 OK"
2025-08-12 17:38:42,090 - INFO - HTTP Request: GET https://translate.googleapis.com/translate_a/single?client=gtx&sl=auto&tl=zh-tw&hl=zh-tw&dt=at&dt=bd&dt=ex&dt=ld&dt=md&dt=qca&dt=rw&dt=rm&dt=ss&dt=t&ie=UTF-8&oe=UTF-8&otf=1&ssel=0&tsel=0&tk=xxxx&q=%E5%88%86%E6%AF%8D%E7%9B%B8%E5%90%8C%E5%97%8E%EF%BC%9F "HTTP/2 200 OK"
2025-08-12 17:44:27,596 - INFO - HTTP Request: GET https://translate.googleapis.com/translate_a/single?client=gtx&sl=auto&tl=zh-tw&hl=zh-tw&dt=at&dt=bd&dt=ex&dt=ld&dt=md&dt=qca&dt=rw&dt=rm&dt=ss&dt=t&ie=UTF-8&oe=UTF-8&otf=1&ssel=0&tsel=0&tk=xxxx&q=%E5%88%86%E6%AF%8D%E7%9B%B8%E5%90%8C%E5%97%8E%EF%BC%9F "HTTP/2 200 OK"
2025-08-12 17:49:57,368 - INFO - HTTP Request: GET https://translate.googleapis.com/translate_a/single?client=gtx&sl=auto&tl=zh-tw&hl=zh-tw&dt=at&dt=bd&dt=ex&dt=ld&dt=md&dt=qca&dt=rw&dt=rm&dt=ss&dt=t&ie=UTF-8&oe=UTF-8&otf=1&ssel=0&tsel=0&tk=xxxx&q=%E5%88%86%E6%AF%8D%E7%9B%B8%E5%90%8C%E5%97%8E%EF%BC%9F "HTTP/2 200 OK"
2025-08-12 17:52:20,281 - INFO - HTTP Request: GET https://translate.googleapis.com/translate_a/single?client=gtx&sl=auto&tl=zh-tw&hl=zh-tw&dt=at&dt=bd&dt=ex&dt=ld&dt=md&dt=qca&dt=rw&dt=rm&dt=ss&dt=t&ie=UTF-8&oe=UTF-8&otf=1&ssel=0&tsel=0&tk=xxxx&q=%E5%88%86%E6%AF%8D%E7%9B%B8%E5%90%8C%E5%97%8E%EF%BC%9F "HTTP/2 200 OK"
2025-08-12 17:58:41,671 - INFO - HTTP Request: GET https://translate.googleapis.com/translate_a/single?client=gtx&sl=auto&tl=zh-tw&hl=zh-tw&dt=at&dt=bd&dt=ex&dt=ld&dt=md&dt=qca&dt=rw&dt=rm&dt=ss&dt=t&ie=UTF-8&oe=UTF-8&otf=1&ssel=0&tsel=0&tk=xxxx&q=%E5%88%86%E6%AF%8D%E7%9B%B8%E5%90%8C%E5%97%8E%EF%BC%9F "HTTP/2 200 OK"
2025-08-12 18:02:12,962 - INFO - HTTP Request: GET https://translate.googleapis.com/translate_a/single?client=gtx&sl=auto&tl=zh-tw&hl=zh-tw&dt=at&dt=bd&dt=ex&dt=ld&dt=md&dt=qca&dt=rw&dt=rm&dt=ss&dt=t&ie=UTF-8&oe=UTF-8&otf=1&ssel=0&tsel=0&tk=xxxx&q=1.+%E5%88%86%E6%AF%8D%E7%9B%B8%E5%90%8C%E5%97%8E%EF%BC%9F "HTTP/2 200 OK"
2025-08-13 19:30:35,794 - INFO - HTTP Request: POST http://127.0.0.1:11434/api/chat "HTTP/1.1 200 OK"
2025-08-18 14:05:31,742 - INFO - HTTP Request: GET https://translate.googleapis.com/translate_a/single?client=gtx&sl=auto&tl=zh-tw&hl=zh-tw&dt=at&dt=bd&dt=ex&dt=ld&dt=md&dt=qca&dt=rw&dt=rm&dt=ss&dt=t&ie=UTF-8&oe=UTF-8&otf=1&ssel=0&tsel=0&tk=xxxx&q=%E5%88%86%E6%AF%8D%E7%9B%B8%E5%90%8C%E5%97%8E%EF%BC%9F "HTTP/2 200 OK"
2025-08-18 14:07:26,469 - INFO - HTTP Request: POST http://127.0.0.1:11434/api/chat "HTTP/1.1 200 OK"
2025-08-19 14:56:53,080 - INFO - HTTP Request: POST http://127.0.0.1:11434/api/chat "HTTP/1.1 200 OK"
2025-08-19 15:01:32,202 - INFO - HTTP Request: POST http://127.0.0.1:11434/api/chat "HTTP/1.1 200 OK"
2025-08-19 15:04:08,708 - INFO - HTTP Request: POST http://127.0.0.1:11434/api/chat "HTTP/1.1 200 OK"
2025-08-19 15:08:26,957 - INFO - HTTP Request: POST http://127.0.0.1:11434/api/chat "HTTP/1.1 200 OK"
2025-08-19 15:14:43,697 - INFO - HTTP Request: POST http://127.0.0.1:11434/api/chat "HTTP/1.1 200 OK"
2025-08-19 15:15:27,263 - INFO - HTTP Request: POST http://127.0.0.1:11434/api/chat "HTTP/1.1 200 OK"
2025-08-19 15:17:45,696 - INFO - HTTP Request: POST http://127.0.0.1:11434/api/chat "HTTP/1.1 200 OK"
2025-08-19 15:18:05,410 - INFO - HTTP Request: POST http://127.0.0.1:11434/api/chat "HTTP/1.1 200 OK"
2025-08-19 15:18:37,923 - INFO - HTTP Request: POST http://127.0.0.1:11434/api/chat "HTTP/1.1 200 OK"
2025-08-19 15:26:29,486 - INFO - HTTP Request: POST http://127.0.0.1:11434/api/chat "HTTP/1.1 200 OK"
2025-08-19 15:30:13,966 - INFO - HTTP Request: POST http://127.0.0.1:11434/api/chat "HTTP/1.1 200 OK"
2025-08-19 15:32:46,428 - INFO - HTTP Request: POST http://127.0.0.1:11434/api/chat "HTTP/1.1 200 OK"
2025-08-19 15:37:28,011 - INFO - HTTP Request: POST http://127.0.0.1:11434/api/chat "HTTP/1.1 200 OK"
2025-08-19 15:41:32,343 - INFO - HTTP Request: POST http://127.0.0.1:11434/api/chat "HTTP/1.1 200 OK"
2025-08-19 15:44:59,079 - INFO - HTTP Request: POST http://127.0.0.1:11434/api/chat "HTTP/1.1 200 OK"
2025-08-19 15:47:22,119 - INFO - HTTP Request: POST http://127.0.0.1:11434/api/chat "HTTP/1.1 200 OK"
2025-08-19 15:57:08,728 - INFO - HTTP Request: GET https://translate.googleapis.com/translate_a/single?client=gtx&sl=auto&tl=zh-tw&hl=zh-tw&dt=at&dt=bd&dt=ex&dt=ld&dt=md&dt=qca&dt=rw&dt=rm&dt=ss&dt=t&ie=UTF-8&oe=UTF-8&otf=1&ssel=0&tsel=0&tk=xxxx&q=1.+%E9%A6%96%E5%85%A9%E5%80%8B%E5%88%86%E6%95%B8%E7%9A%84%E9%80%9A%E5%88%86%E5%88%86%E6%AF%8D%E6%98%AF%E5%A4%9A%E5%B0%91%EF%BC%9F "HTTP/2 200 OK"
2025-08-19 16:01:34,064 - INFO - HTTP Request: GET https://translate.googleapis.com/translate_a/single?client=gtx&sl=auto&tl=zh-tw&hl=zh-tw&dt=at&dt=bd&dt=ex&dt=ld&dt=md&dt=qca&dt=rw&dt=rm&dt=ss&dt=t&ie=UTF-8&oe=UTF-8&otf=1&ssel=0&tsel=0&tk=xxxx&q=%E9%A6%96%E5%85%A9%E5%80%8B%E5%88%86%E6%95%B8%E7%9A%84%E9%80%9A%E5%88%86%E5%88%86%E6%AF%8D%E6%98%AF%E5%A4%9A%E5%B0%91%EF%BC%9F "HTTP/2 200 OK"
2025-08-19 21:09:38,518 - INFO - HTTP Request: GET https://translate.googleapis.com/translate_a/single?client=gtx&sl=auto&tl=zh-tw&hl=zh-tw&dt=at&dt=bd&dt=ex&dt=ld&dt=md&dt=qca&dt=rw&dt=rm&dt=ss&dt=t&ie=UTF-8&oe=UTF-8&otf=1&ssel=0&tsel=0&tk=xxxx&q=%E5%88%86%E6%AF%8D%E7%9B%B8%E5%90%8C%E5%97%8E%EF%BC%9F "HTTP/2 200 OK"
2025-08-25 14:49:09,206 - INFO - HTTP Request: GET https://translate.googleapis.com/translate_a/single?client=gtx&sl=auto&tl=zh-tw&hl=zh-tw&dt=at&dt=bd&dt=ex&dt=ld&dt=md&dt=qca&dt=rw&dt=rm&dt=ss&dt=t&ie=UTF-8&oe=UTF-8&otf=1&ssel=0&tsel=0&tk=xxxx&q=%E5%88%86%E6%AF%8D%E7%9B%B8%E5%90%8C%E5%97%8E%EF%BC%9F "HTTP/2 200 OK"
2025-08-25 15:00:07,201 - INFO - HTTP Request: GET https://translate.googleapis.com/translate_a/single?client=gtx&sl=auto&tl=zh-tw&hl=zh-tw&dt=at&dt=bd&dt=ex&dt=ld&dt=md&dt=qca&dt=rw&dt=rm&dt=ss&dt=t&ie=UTF-8&oe=UTF-8&otf=1&ssel=0&tsel=0&tk=xxxx&q=%E5%88%86%E6%AF%8D%E7%9B%B8%E5%90%8C%E5%97%8E%EF%BC%9F "HTTP/2 200 OK"
2025-08-25 15:02:31,740 - ERROR - Task exception was never retrieved
future: <Task finished name='Task-1019' coro=<WebSocketProtocol13.write_message.<locals>.wrapper() done, defined at C:\ProgramData\miniconda3\envs\rag\lib\site-packages\tornado\websocket.py:1086> exception=WebSocketClosedError()>
Traceback (most recent call last):
  File "C:\ProgramData\miniconda3\envs\rag\lib\site-packages\tornado\websocket.py", line 1088, in wrapper
    await fut
tornado.iostream.StreamClosedError: Stream is closed

During handling of the above exception, another exception occurred:

Traceback (most recent call last):
  File "C:\ProgramData\miniconda3\envs\rag\lib\site-packages\tornado\websocket.py", line 1090, in wrapper
    raise WebSocketClosedError()
tornado.websocket.WebSocketClosedError
2025-08-25 15:02:31,756 - ERROR - Task exception was never retrieved
future: <Task finished name='Task-1020' coro=<WebSocketProtocol13.write_message.<locals>.wrapper() done, defined at C:\ProgramData\miniconda3\envs\rag\lib\site-packages\tornado\websocket.py:1086> exception=WebSocketClosedError()>
Traceback (most recent call last):
  File "C:\ProgramData\miniconda3\envs\rag\lib\site-packages\tornado\websocket.py", line 1088, in wrapper
    await fut
tornado.iostream.StreamClosedError: Stream is closed

During handling of the above exception, another exception occurred:

Traceback (most recent call last):
  File "C:\ProgramData\miniconda3\envs\rag\lib\site-packages\tornado\websocket.py", line 1090, in wrapper
    raise WebSocketClosedError()
tornado.websocket.WebSocketClosedError
2025-08-25 15:02:31,756 - ERROR - Task exception was never retrieved
future: <Task finished name='Task-1021' coro=<WebSocketProtocol13.write_message.<locals>.wrapper() done, defined at C:\ProgramData\miniconda3\envs\rag\lib\site-packages\tornado\websocket.py:1086> exception=WebSocketClosedError()>
Traceback (most recent call last):
  File "C:\ProgramData\miniconda3\envs\rag\lib\site-packages\tornado\websocket.py", line 1088, in wrapper
    await fut
tornado.iostream.StreamClosedError: Stream is closed

During handling of the above exception, another exception occurred:

Traceback (most recent call last):
  File "C:\ProgramData\miniconda3\envs\rag\lib\site-packages\tornado\websocket.py", line 1090, in wrapper
    raise WebSocketClosedError()
tornado.websocket.WebSocketClosedError
2025-08-25 15:02:31,756 - ERROR - Task exception was never retrieved
future: <Task finished name='Task-1022' coro=<WebSocketProtocol13.write_message.<locals>.wrapper() done, defined at C:\ProgramData\miniconda3\envs\rag\lib\site-packages\tornado\websocket.py:1086> exception=WebSocketClosedError()>
Traceback (most recent call last):
  File "C:\ProgramData\miniconda3\envs\rag\lib\site-packages\tornado\websocket.py", line 1088, in wrapper
    await fut
tornado.iostream.StreamClosedError: Stream is closed

During handling of the above exception, another exception occurred:

Traceback (most recent call last):
  File "C:\ProgramData\miniconda3\envs\rag\lib\site-packages\tornado\websocket.py", line 1090, in wrapper
    raise WebSocketClosedError()
tornado.websocket.WebSocketClosedError
2025-08-25 15:02:31,756 - ERROR - Task exception was never retrieved
future: <Task finished name='Task-1023' coro=<WebSocketProtocol13.write_message.<locals>.wrapper() done, defined at C:\ProgramData\miniconda3\envs\rag\lib\site-packages\tornado\websocket.py:1086> exception=WebSocketClosedError()>
Traceback (most recent call last):
  File "C:\ProgramData\miniconda3\envs\rag\lib\site-packages\tornado\websocket.py", line 1088, in wrapper
    await fut
tornado.iostream.StreamClosedError: Stream is closed

During handling of the above exception, another exception occurred:

Traceback (most recent call last):
  File "C:\ProgramData\miniconda3\envs\rag\lib\site-packages\tornado\websocket.py", line 1090, in wrapper
    raise WebSocketClosedError()
tornado.websocket.WebSocketClosedError
2025-08-25 15:02:31,756 - ERROR - Task exception was never retrieved
future: <Task finished name='Task-1024' coro=<WebSocketProtocol13.write_message.<locals>.wrapper() done, defined at C:\ProgramData\miniconda3\envs\rag\lib\site-packages\tornado\websocket.py:1086> exception=WebSocketClosedError()>
Traceback (most recent call last):
  File "C:\ProgramData\miniconda3\envs\rag\lib\site-packages\tornado\websocket.py", line 1088, in wrapper
    await fut
tornado.iostream.StreamClosedError: Stream is closed

During handling of the above exception, another exception occurred:

Traceback (most recent call last):
  File "C:\ProgramData\miniconda3\envs\rag\lib\site-packages\tornado\websocket.py", line 1090, in wrapper
    raise WebSocketClosedError()
tornado.websocket.WebSocketClosedError
2025-08-25 15:02:31,772 - ERROR - Task exception was never retrieved
future: <Task finished name='Task-1025' coro=<WebSocketProtocol13.write_message.<locals>.wrapper() done, defined at C:\ProgramData\miniconda3\envs\rag\lib\site-packages\tornado\websocket.py:1086> exception=WebSocketClosedError()>
Traceback (most recent call last):
  File "C:\ProgramData\miniconda3\envs\rag\lib\site-packages\tornado\websocket.py", line 1088, in wrapper
    await fut
tornado.iostream.StreamClosedError: Stream is closed

During handling of the above exception, another exception occurred:

Traceback (most recent call last):
  File "C:\ProgramData\miniconda3\envs\rag\lib\site-packages\tornado\websocket.py", line 1090, in wrapper
    raise WebSocketClosedError()
tornado.websocket.WebSocketClosedError
2025-08-25 15:02:31,772 - ERROR - Task exception was never retrieved
future: <Task finished name='Task-1026' coro=<WebSocketProtocol13.write_message.<locals>.wrapper() done, defined at C:\ProgramData\miniconda3\envs\rag\lib\site-packages\tornado\websocket.py:1086> exception=WebSocketClosedError()>
Traceback (most recent call last):
  File "C:\ProgramData\miniconda3\envs\rag\lib\site-packages\tornado\websocket.py", line 1088, in wrapper
    await fut
tornado.iostream.StreamClosedError: Stream is closed

During handling of the above exception, another exception occurred:

Traceback (most recent call last):
  File "C:\ProgramData\miniconda3\envs\rag\lib\site-packages\tornado\websocket.py", line 1090, in wrapper
    raise WebSocketClosedError()
tornado.websocket.WebSocketClosedError
2025-08-25 15:02:31,773 - ERROR - Task exception was never retrieved
future: <Task finished name='Task-1027' coro=<WebSocketProtocol13.write_message.<locals>.wrapper() done, defined at C:\ProgramData\miniconda3\envs\rag\lib\site-packages\tornado\websocket.py:1086> exception=WebSocketClosedError()>
Traceback (most recent call last):
  File "C:\ProgramData\miniconda3\envs\rag\lib\site-packages\tornado\websocket.py", line 1088, in wrapper
    await fut
tornado.iostream.StreamClosedError: Stream is closed

During handling of the above exception, another exception occurred:

Traceback (most recent call last):
  File "C:\ProgramData\miniconda3\envs\rag\lib\site-packages\tornado\websocket.py", line 1090, in wrapper
    raise WebSocketClosedError()
tornado.websocket.WebSocketClosedError
2025-08-25 15:02:31,773 - ERROR - Task exception was never retrieved
future: <Task finished name='Task-1028' coro=<WebSocketProtocol13.write_message.<locals>.wrapper() done, defined at C:\ProgramData\miniconda3\envs\rag\lib\site-packages\tornado\websocket.py:1086> exception=WebSocketClosedError()>
Traceback (most recent call last):
  File "C:\ProgramData\miniconda3\envs\rag\lib\site-packages\tornado\websocket.py", line 1088, in wrapper
    await fut
tornado.iostream.StreamClosedError: Stream is closed

During handling of the above exception, another exception occurred:

Traceback (most recent call last):
  File "C:\ProgramData\miniconda3\envs\rag\lib\site-packages\tornado\websocket.py", line 1090, in wrapper
    raise WebSocketClosedError()
tornado.websocket.WebSocketClosedError
2025-08-25 15:02:31,774 - ERROR - Task exception was never retrieved
future: <Task finished name='Task-1029' coro=<WebSocketProtocol13.write_message.<locals>.wrapper() done, defined at C:\ProgramData\miniconda3\envs\rag\lib\site-packages\tornado\websocket.py:1086> exception=WebSocketClosedError()>
Traceback (most recent call last):
  File "C:\ProgramData\miniconda3\envs\rag\lib\site-packages\tornado\websocket.py", line 1088, in wrapper
    await fut
tornado.iostream.StreamClosedError: Stream is closed

During handling of the above exception, another exception occurred:

Traceback (most recent call last):
  File "C:\ProgramData\miniconda3\envs\rag\lib\site-packages\tornado\websocket.py", line 1090, in wrapper
    raise WebSocketClosedError()
tornado.websocket.WebSocketClosedError
2025-08-25 15:02:31,774 - ERROR - Task exception was never retrieved
future: <Task finished name='Task-1030' coro=<WebSocketProtocol13.write_message.<locals>.wrapper() done, defined at C:\ProgramData\miniconda3\envs\rag\lib\site-packages\tornado\websocket.py:1086> exception=WebSocketClosedError()>
Traceback (most recent call last):
  File "C:\ProgramData\miniconda3\envs\rag\lib\site-packages\tornado\websocket.py", line 1088, in wrapper
    await fut
tornado.iostream.StreamClosedError: Stream is closed

During handling of the above exception, another exception occurred:

Traceback (most recent call last):
  File "C:\ProgramData\miniconda3\envs\rag\lib\site-packages\tornado\websocket.py", line 1090, in wrapper
    raise WebSocketClosedError()
tornado.websocket.WebSocketClosedError
2025-08-25 15:02:31,775 - ERROR - Task exception was never retrieved
future: <Task finished name='Task-1031' coro=<WebSocketProtocol13.write_message.<locals>.wrapper() done, defined at C:\ProgramData\miniconda3\envs\rag\lib\site-packages\tornado\websocket.py:1086> exception=WebSocketClosedError()>
Traceback (most recent call last):
  File "C:\ProgramData\miniconda3\envs\rag\lib\site-packages\tornado\websocket.py", line 1088, in wrapper
    await fut
tornado.iostream.StreamClosedError: Stream is closed

During handling of the above exception, another exception occurred:

Traceback (most recent call last):
  File "C:\ProgramData\miniconda3\envs\rag\lib\site-packages\tornado\websocket.py", line 1090, in wrapper
    raise WebSocketClosedError()
tornado.websocket.WebSocketClosedError
2025-08-25 15:02:31,776 - ERROR - Task exception was never retrieved
future: <Task finished name='Task-1032' coro=<WebSocketProtocol13.write_message.<locals>.wrapper() done, defined at C:\ProgramData\miniconda3\envs\rag\lib\site-packages\tornado\websocket.py:1086> exception=WebSocketClosedError()>
Traceback (most recent call last):
  File "C:\ProgramData\miniconda3\envs\rag\lib\site-packages\tornado\websocket.py", line 1088, in wrapper
    await fut
tornado.iostream.StreamClosedError: Stream is closed

During handling of the above exception, another exception occurred:

Traceback (most recent call last):
  File "C:\ProgramData\miniconda3\envs\rag\lib\site-packages\tornado\websocket.py", line 1090, in wrapper
    raise WebSocketClosedError()
tornado.websocket.WebSocketClosedError
2025-08-25 15:02:31,776 - ERROR - Task exception was never retrieved
future: <Task finished name='Task-1033' coro=<WebSocketProtocol13.write_message.<locals>.wrapper() done, defined at C:\ProgramData\miniconda3\envs\rag\lib\site-packages\tornado\websocket.py:1086> exception=WebSocketClosedError()>
Traceback (most recent call last):
  File "C:\ProgramData\miniconda3\envs\rag\lib\site-packages\tornado\websocket.py", line 1088, in wrapper
    await fut
tornado.iostream.StreamClosedError: Stream is closed

During handling of the above exception, another exception occurred:

Traceback (most recent call last):
  File "C:\ProgramData\miniconda3\envs\rag\lib\site-packages\tornado\websocket.py", line 1090, in wrapper
    raise WebSocketClosedError()
tornado.websocket.WebSocketClosedError
2025-08-25 15:02:31,777 - ERROR - Task exception was never retrieved
future: <Task finished name='Task-1034' coro=<WebSocketProtocol13.write_message.<locals>.wrapper() done, defined at C:\ProgramData\miniconda3\envs\rag\lib\site-packages\tornado\websocket.py:1086> exception=WebSocketClosedError()>
Traceback (most recent call last):
  File "C:\ProgramData\miniconda3\envs\rag\lib\site-packages\tornado\websocket.py", line 1088, in wrapper
    await fut
tornado.iostream.StreamClosedError: Stream is closed

During handling of the above exception, another exception occurred:

Traceback (most recent call last):
  File "C:\ProgramData\miniconda3\envs\rag\lib\site-packages\tornado\websocket.py", line 1090, in wrapper
    raise WebSocketClosedError()
tornado.websocket.WebSocketClosedError
2025-08-25 15:02:31,777 - ERROR - Task exception was never retrieved
future: <Task finished name='Task-1035' coro=<WebSocketProtocol13.write_message.<locals>.wrapper() done, defined at C:\ProgramData\miniconda3\envs\rag\lib\site-packages\tornado\websocket.py:1086> exception=WebSocketClosedError()>
Traceback (most recent call last):
  File "C:\ProgramData\miniconda3\envs\rag\lib\site-packages\tornado\websocket.py", line 1088, in wrapper
    await fut
tornado.iostream.StreamClosedError: Stream is closed

During handling of the above exception, another exception occurred:

Traceback (most recent call last):
  File "C:\ProgramData\miniconda3\envs\rag\lib\site-packages\tornado\websocket.py", line 1090, in wrapper
    raise WebSocketClosedError()
tornado.websocket.WebSocketClosedError
2025-08-25 15:02:31,778 - ERROR - Task exception was never retrieved
future: <Task finished name='Task-1036' coro=<WebSocketProtocol13.write_message.<locals>.wrapper() done, defined at C:\ProgramData\miniconda3\envs\rag\lib\site-packages\tornado\websocket.py:1086> exception=WebSocketClosedError()>
Traceback (most recent call last):
  File "C:\ProgramData\miniconda3\envs\rag\lib\site-packages\tornado\websocket.py", line 1088, in wrapper
    await fut
tornado.iostream.StreamClosedError: Stream is closed

During handling of the above exception, another exception occurred:

Traceback (most recent call last):
  File "C:\ProgramData\miniconda3\envs\rag\lib\site-packages\tornado\websocket.py", line 1090, in wrapper
    raise WebSocketClosedError()
tornado.websocket.WebSocketClosedError
2025-08-25 15:10:38,083 - INFO - HTTP Request: GET https://translate.googleapis.com/translate_a/single?client=gtx&sl=auto&tl=zh-tw&hl=zh-tw&dt=at&dt=bd&dt=ex&dt=ld&dt=md&dt=qca&dt=rw&dt=rm&dt=ss&dt=t&ie=UTF-8&oe=UTF-8&otf=1&ssel=0&tsel=0&tk=xxxx&q=%E5%88%86%E6%AF%8D%E7%9B%B8%E5%90%8C%E5%97%8E%EF%BC%9F "HTTP/2 200 OK"
2025-09-10 19:14:57,957 - INFO - HTTP Request: GET https://translate.googleapis.com/translate_a/single?client=gtx&sl=auto&tl=zh-tw&hl=zh-tw&dt=at&dt=bd&dt=ex&dt=ld&dt=md&dt=qca&dt=rw&dt=rm&dt=ss&dt=t&ie=UTF-8&oe=UTF-8&otf=1&ssel=0&tsel=0&tk=xxxx&q=%E5%88%86%E6%AF%8D%E7%9B%B8%E5%90%8C%E5%97%8E%EF%BC%9F "HTTP/2 200 OK"
2025-09-10 19:20:32,525 - INFO - HTTP Request: GET https://translate.googleapis.com/translate_a/single?client=gtx&sl=auto&tl=zh-tw&hl=zh-tw&dt=at&dt=bd&dt=ex&dt=ld&dt=md&dt=qca&dt=rw&dt=rm&dt=ss&dt=t&ie=UTF-8&oe=UTF-8&otf=1&ssel=0&tsel=0&tk=xxxx&q=%E5%88%86%E6%AF%8D%E7%9B%B8%E5%90%8C%E5%97%8E%EF%BC%9F "HTTP/2 200 OK"
2025-09-10 19:28:14,552 - INFO - HTTP Request: GET https://translate.googleapis.com/translate_a/single?client=gtx&sl=auto&tl=zh-tw&hl=zh-tw&dt=at&dt=bd&dt=ex&dt=ld&dt=md&dt=qca&dt=rw&dt=rm&dt=ss&dt=t&ie=UTF-8&oe=UTF-8&otf=1&ssel=0&tsel=0&tk=xxxx&q=%E5%88%86%E6%AF%8D%E7%9B%B8%E5%90%8C%E5%97%8E%EF%BC%9F "HTTP/2 200 OK"
2025-09-10 19:41:40,576 - INFO - HTTP Request: GET https://translate.googleapis.com/translate_a/single?client=gtx&sl=auto&tl=zh-tw&hl=zh-tw&dt=at&dt=bd&dt=ex&dt=ld&dt=md&dt=qca&dt=rw&dt=rm&dt=ss&dt=t&ie=UTF-8&oe=UTF-8&otf=1&ssel=0&tsel=0&tk=xxxx&q=%E5%88%86%E6%AF%8D%E7%9B%B8%E5%90%8C%E5%97%8E%EF%BC%9F "HTTP/2 200 OK"
2025-09-10 19:54:56,873 - INFO - HTTP Request: GET https://translate.googleapis.com/translate_a/single?client=gtx&sl=auto&tl=zh-tw&hl=zh-tw&dt=at&dt=bd&dt=ex&dt=ld&dt=md&dt=qca&dt=rw&dt=rm&dt=ss&dt=t&ie=UTF-8&oe=UTF-8&otf=1&ssel=0&tsel=0&tk=xxxx&q=%E5%88%86%E6%AF%8D%E7%9B%B8%E5%90%8C%E5%97%8E%EF%BC%9F "HTTP/2 200 OK"
2025-09-10 20:03:19,831 - INFO - HTTP Request: GET https://translate.googleapis.com/translate_a/single?client=gtx&sl=auto&tl=zh-tw&hl=zh-tw&dt=at&dt=bd&dt=ex&dt=ld&dt=md&dt=qca&dt=rw&dt=rm&dt=ss&dt=t&ie=UTF-8&oe=UTF-8&otf=1&ssel=0&tsel=0&tk=xxxx&q=%E5%88%86%E6%AF%8D%E7%9B%B8%E5%90%8C%E5%97%8E%EF%BC%9F "HTTP/2 200 OK"
2025-09-10 20:08:05,729 - INFO - HTTP Request: GET https://translate.googleapis.com/translate_a/single?client=gtx&sl=auto&tl=zh-tw&hl=zh-tw&dt=at&dt=bd&dt=ex&dt=ld&dt=md&dt=qca&dt=rw&dt=rm&dt=ss&dt=t&ie=UTF-8&oe=UTF-8&otf=1&ssel=0&tsel=0&tk=xxxx&q=%E5%88%86%E6%AF%8D%E7%9B%B8%E5%90%8C%E5%97%8E%EF%BC%9F "HTTP/2 200 OK"
2025-09-10 20:27:45,653 - INFO - HTTP Request: GET https://translate.googleapis.com/translate_a/single?client=gtx&sl=auto&tl=zh-tw&hl=zh-tw&dt=at&dt=bd&dt=ex&dt=ld&dt=md&dt=qca&dt=rw&dt=rm&dt=ss&dt=t&ie=UTF-8&oe=UTF-8&otf=1&ssel=0&tsel=0&tk=xxxx&q=%E5%88%86%E6%AF%8D%E7%9B%B8%E5%90%8C%E5%97%8E%EF%BC%9F "HTTP/2 200 OK"
2025-09-10 20:33:54,955 - INFO - HTTP Request: GET https://translate.googleapis.com/translate_a/single?client=gtx&sl=auto&tl=zh-tw&hl=zh-tw&dt=at&dt=bd&dt=ex&dt=ld&dt=md&dt=qca&dt=rw&dt=rm&dt=ss&dt=t&ie=UTF-8&oe=UTF-8&otf=1&ssel=0&tsel=0&tk=xxxx&q=%E5%88%86%E6%AF%8D%E7%9B%B8%E5%90%8C%E5%97%8E%EF%BC%9F "HTTP/2 200 OK"
2025-09-10 20:43:29,952 - INFO - HTTP Request: GET https://translate.googleapis.com/translate_a/single?client=gtx&sl=auto&tl=zh-tw&hl=zh-tw&dt=at&dt=bd&dt=ex&dt=ld&dt=md&dt=qca&dt=rw&dt=rm&dt=ss&dt=t&ie=UTF-8&oe=UTF-8&otf=1&ssel=0&tsel=0&tk=xxxx&q=%E5%88%86%E6%AF%8D%E7%9B%B8%E5%90%8C%E5%97%8E%EF%BC%9F "HTTP/2 200 OK"
2025-09-10 20:48:49,767 - INFO - HTTP Request: GET https://translate.googleapis.com/translate_a/single?client=gtx&sl=auto&tl=zh-tw&hl=zh-tw&dt=at&dt=bd&dt=ex&dt=ld&dt=md&dt=qca&dt=rw&dt=rm&dt=ss&dt=t&ie=UTF-8&oe=UTF-8&otf=1&ssel=0&tsel=0&tk=xxxx&q=%E5%88%86%E6%AF%8D%E7%9B%B8%E5%90%8C%E5%97%8E%EF%BC%9F "HTTP/2 200 OK"
2025-09-10 20:49:27,095 - INFO - HTTP Request: GET https://translate.googleapis.com/translate_a/single?client=gtx&sl=auto&tl=zh-tw&hl=zh-tw&dt=at&dt=bd&dt=ex&dt=ld&dt=md&dt=qca&dt=rw&dt=rm&dt=ss&dt=t&ie=UTF-8&oe=UTF-8&otf=1&ssel=0&tsel=0&tk=xxxx&q=%E5%88%86%E6%AF%8D%E7%9B%B8%E5%90%8C%E5%97%8E%EF%BC%9F "HTTP/2 200 OK"
2025-09-10 20:50:41,276 - INFO - HTTP Request: GET https://translate.googleapis.com/translate_a/single?client=gtx&sl=auto&tl=zh-tw&hl=zh-tw&dt=at&dt=bd&dt=ex&dt=ld&dt=md&dt=qca&dt=rw&dt=rm&dt=ss&dt=t&ie=UTF-8&oe=UTF-8&otf=1&ssel=0&tsel=0&tk=xxxx&q=%E5%88%86%E6%AF%8D%E7%9B%B8%E5%90%8C%E5%97%8E%EF%BC%9F "HTTP/2 200 OK"
2025-09-10 20:51:00,897 - INFO - HTTP Request: POST http://127.0.0.1:11434/api/chat "HTTP/1.1 200 OK"
2025-09-10 20:51:00,897 - INFO - ====LLM checking about explanation ====
        prompt
        ,****
## 
1. 
2. 
3. 
4. ****
5. 
6. 

### 
$\frac{1}{3} + \frac{3}{5} = $
### 

### 

### 
: 
: 83


        response
        <think>
$\frac{1}{3} + \frac{3}{5}$

83




</think>


2025-09-10 20:51:00,897 - INFO - ====TIME====  15.405553102493286s  21.096288970462275 words/s
2025-09-10 20:51:06,241 - INFO - HTTP Request: POST http://127.0.0.1:11434/api/chat "HTTP/1.1 200 OK"
2025-09-10 20:51:06,242 - INFO - ====LLM checking if a analysis is answered====
prompt

## 
1. **** ****
2. 
3. ****


### 

### 
: 
: 83


response
<think>
838383

83




</think>


2025-09-10 20:51:06,242 - INFO - ====TIME====  5.3449907302856445s  75.21060751746458 words/s
2025-09-10 20:51:06,576 - INFO - HTTP Request: GET https://translate.googleapis.com/translate_a/single?client=gtx&sl=auto&tl=zh-tw&hl=zh-tw&dt=at&dt=bd&dt=ex&dt=ld&dt=md&dt=qca&dt=rw&dt=rm&dt=ss&dt=t&ie=UTF-8&oe=UTF-8&otf=1&ssel=0&tsel=0&tk=xxxx&q=%E5%88%86%E6%AF%8D%E7%9B%B8%E5%90%8C%E5%97%8E%EF%BC%9F "HTTP/2 200 OK"
2025-09-15 16:27:41,025 - INFO - HTTP Request: GET https://translate.googleapis.com/translate_a/single?client=gtx&sl=auto&tl=zh-tw&hl=zh-tw&dt=at&dt=bd&dt=ex&dt=ld&dt=md&dt=qca&dt=rw&dt=rm&dt=ss&dt=t&ie=UTF-8&oe=UTF-8&otf=1&ssel=0&tsel=0&tk=xxxx&q=%E5%88%86%E6%AF%8D%E7%9B%B8%E5%90%8C%E5%97%8E%EF%BC%9F "HTTP/2 200 OK"
2025-09-15 16:29:35,915 - INFO - HTTP Request: GET https://translate.googleapis.com/translate_a/single?client=gtx&sl=auto&tl=zh-tw&hl=zh-tw&dt=at&dt=bd&dt=ex&dt=ld&dt=md&dt=qca&dt=rw&dt=rm&dt=ss&dt=t&ie=UTF-8&oe=UTF-8&otf=1&ssel=0&tsel=0&tk=xxxx&q=%E5%88%86%E6%AF%8D%E7%9B%B8%E5%90%8C%E5%97%8E%EF%BC%9F "HTTP/2 200 OK"
2025-09-15 16:32:00,671 - INFO - HTTP Request: GET https://translate.googleapis.com/translate_a/single?client=gtx&sl=auto&tl=zh-tw&hl=zh-tw&dt=at&dt=bd&dt=ex&dt=ld&dt=md&dt=qca&dt=rw&dt=rm&dt=ss&dt=t&ie=UTF-8&oe=UTF-8&otf=1&ssel=0&tsel=0&tk=xxxx&q=%E5%88%86%E6%AF%8D%E7%9B%B8%E5%90%8C%E5%97%8E%EF%BC%9F "HTTP/2 200 OK"
2025-09-15 16:32:45,979 - INFO - HTTP Request: GET https://translate.googleapis.com/translate_a/single?client=gtx&sl=auto&tl=zh-tw&hl=zh-tw&dt=at&dt=bd&dt=ex&dt=ld&dt=md&dt=qca&dt=rw&dt=rm&dt=ss&dt=t&ie=UTF-8&oe=UTF-8&otf=1&ssel=0&tsel=0&tk=xxxx&q=%E5%88%86%E6%AF%8D%E7%9B%B8%E5%90%8C%E5%97%8E%EF%BC%9F "HTTP/2 200 OK"
2025-09-15 16:37:00,151 - INFO - HTTP Request: GET https://translate.googleapis.com/translate_a/single?client=gtx&sl=auto&tl=zh-tw&hl=zh-tw&dt=at&dt=bd&dt=ex&dt=ld&dt=md&dt=qca&dt=rw&dt=rm&dt=ss&dt=t&ie=UTF-8&oe=UTF-8&otf=1&ssel=0&tsel=0&tk=xxxx&q=%E5%88%86%E6%AF%8D%E7%9B%B8%E5%90%8C%E5%97%8E%EF%BC%9F "HTTP/2 200 OK"
2025-09-15 16:37:20,843 - INFO - HTTP Request: GET https://translate.googleapis.com/translate_a/single?client=gtx&sl=auto&tl=zh-tw&hl=zh-tw&dt=at&dt=bd&dt=ex&dt=ld&dt=md&dt=qca&dt=rw&dt=rm&dt=ss&dt=t&ie=UTF-8&oe=UTF-8&otf=1&ssel=0&tsel=0&tk=xxxx&q=%E5%88%86%E6%AF%8D%E7%9B%B8%E5%90%8C%E5%97%8E%EF%BC%9F "HTTP/2 200 OK"
2025-09-15 17:36:59,662 - INFO - HTTP Request: GET https://translate.googleapis.com/translate_a/single?client=gtx&sl=auto&tl=zh-tw&hl=zh-tw&dt=at&dt=bd&dt=ex&dt=ld&dt=md&dt=qca&dt=rw&dt=rm&dt=ss&dt=t&ie=UTF-8&oe=UTF-8&otf=1&ssel=0&tsel=0&tk=xxxx&q=%E5%88%86%E6%AF%8D%E7%9B%B8%E5%90%8C%E5%97%8E%EF%BC%9F "HTTP/2 200 OK"
2025-09-15 17:52:51,826 - INFO - HTTP Request: GET https://translate.googleapis.com/translate_a/single?client=gtx&sl=auto&tl=zh-tw&hl=zh-tw&dt=at&dt=bd&dt=ex&dt=ld&dt=md&dt=qca&dt=rw&dt=rm&dt=ss&dt=t&ie=UTF-8&oe=UTF-8&otf=1&ssel=0&tsel=0&tk=xxxx&q=%E5%88%86%E6%AF%8D%E7%9B%B8%E5%90%8C%E5%97%8E%EF%BC%9F "HTTP/2 200 OK"
2025-09-15 18:05:56,477 - INFO - HTTP Request: GET https://translate.googleapis.com/translate_a/single?client=gtx&sl=auto&tl=zh-tw&hl=zh-tw&dt=at&dt=bd&dt=ex&dt=ld&dt=md&dt=qca&dt=rw&dt=rm&dt=ss&dt=t&ie=UTF-8&oe=UTF-8&otf=1&ssel=0&tsel=0&tk=xxxx&q=%E5%88%86%E6%AF%8D%E7%9B%B8%E5%90%8C%E5%97%8E%EF%BC%9F "HTTP/2 200 OK"
2025-09-16 10:22:15,596 - INFO - HTTP Request: GET https://translate.googleapis.com/translate_a/single?client=gtx&sl=auto&tl=zh-tw&hl=zh-tw&dt=at&dt=bd&dt=ex&dt=ld&dt=md&dt=qca&dt=rw&dt=rm&dt=ss&dt=t&ie=UTF-8&oe=UTF-8&otf=1&ssel=0&tsel=0&tk=xxxx&q=%E5%88%86%E6%AF%8D%E7%9B%B8%E5%90%8C%E5%97%8E%EF%BC%9F "HTTP/2 200 OK"
2025-09-16 10:23:00,891 - INFO - HTTP Request: POST http://127.0.0.1:11434/api/chat "HTTP/1.1 200 OK"
2025-09-16 10:23:00,892 - INFO - ====LLM checking about explanation ====
        prompt
        ,****
## 
1. 
2. 
3. 
4. ****
5. 
6. 

### 
$\frac{1}{3} + \frac{3}{5} = $
### 

### 

### 
: 
: 


        response
        <think>
1/3 + 3/5


</think>


2025-09-16 10:23:00,893 - INFO - ====TIME====  16.025171279907227s  11.793945705714426 words/s
2025-09-16 10:23:07,324 - INFO - HTTP Request: POST http://127.0.0.1:11434/api/chat "HTTP/1.1 200 OK"
2025-09-16 10:23:07,325 - INFO - ====LLM checking about explanation ====
        prompt
        ,****
## 
1. 
2. 
3. 
4. ****
5. 
6. 

### 
$\frac{1}{3} + \frac{3}{5} = $
### 

### 
14/15
### 
: 
: 


        response
        <think>
1/33/5

14/15




</think>

14/15


2025-09-16 10:23:07,325 - INFO - ====TIME====  6.432045221328735s  71.82785321036033 words/s
2025-09-16 10:23:13,156 - INFO - HTTP Request: POST http://127.0.0.1:11434/api/chat "HTTP/1.1 200 OK"
2025-09-16 10:23:13,157 - INFO - ====LLM checking about explanation ====
        prompt
        ,****
## 
1. 
2. 
3. 
4. ****
5. 
6. 

### 
$\frac{1}{3} + \frac{3}{5} = $
### 

### 
14/15
### 
: 
: 
: 


        response
        <think>
1/33/514/15



14/15

14/15
</think>


2025-09-16 10:23:13,157 - INFO - ====TIME====  10.17275357246399s  41.385058332640575 words/s
2025-09-16 10:23:23,606 - INFO - HTTP Request: POST http://127.0.0.1:11434/api/chat "HTTP/1.1 200 OK"
2025-09-16 10:23:23,606 - INFO - ====LLM checking if a analysis is answered====
prompt

## 
1. **** ****
2. 
3. ****


### 

### 
: 
: 
: 


response
<think>













</think>



### 
1. ****
2. ****
3. ****
4. ****


2025-09-16 10:23:23,606 - INFO - ====TIME====  10.448770761489868s  76.85114530022496 words/s
2025-09-16 10:23:23,911 - INFO - HTTP Request: GET https://translate.googleapis.com/translate_a/single?client=gtx&sl=auto&tl=zh-tw&hl=zh-tw&dt=at&dt=bd&dt=ex&dt=ld&dt=md&dt=qca&dt=rw&dt=rm&dt=ss&dt=t&ie=UTF-8&oe=UTF-8&otf=1&ssel=0&tsel=0&tk=xxxx&q=%E5%B0%87%E9%80%9A%E5%88%86%E5%BE%8C%E7%9A%84%E5%85%A9%E5%80%8B%E5%88%86%E6%95%B8%E7%9B%B8%E5%8A%A0%E5%8C%96%E7%82%BA%E6%9C%80%E7%B0%A1%E5%88%86%E6%95%B8%E6%98%AF%EF%BC%9F "HTTP/2 200 OK"
2025-09-18 18:46:53,783 - INFO - HTTP Request: GET https://translate.googleapis.com/translate_a/single?client=gtx&sl=auto&tl=zh-tw&hl=zh-tw&dt=at&dt=bd&dt=ex&dt=ld&dt=md&dt=qca&dt=rw&dt=rm&dt=ss&dt=t&ie=UTF-8&oe=UTF-8&otf=1&ssel=0&tsel=0&tk=xxxx&q=%E5%88%86%E6%AF%8D%E7%9B%B8%E5%90%8C%E5%97%8E%EF%BC%9F "HTTP/2 200 OK"
2025-09-18 18:53:33,543 - INFO - HTTP Request: GET https://translate.googleapis.com/translate_a/single?client=gtx&sl=auto&tl=zh-tw&hl=zh-tw&dt=at&dt=bd&dt=ex&dt=ld&dt=md&dt=qca&dt=rw&dt=rm&dt=ss&dt=t&ie=UTF-8&oe=UTF-8&otf=1&ssel=0&tsel=0&tk=xxxx&q=%E5%88%86%E6%AF%8D%E7%9B%B8%E5%90%8C%E5%97%8E%EF%BC%9F "HTTP/2 200 OK"
2025-09-18 18:57:33,499 - INFO - HTTP Request: GET https://translate.googleapis.com/translate_a/single?client=gtx&sl=auto&tl=zh-tw&hl=zh-tw&dt=at&dt=bd&dt=ex&dt=ld&dt=md&dt=qca&dt=rw&dt=rm&dt=ss&dt=t&ie=UTF-8&oe=UTF-8&otf=1&ssel=0&tsel=0&tk=xxxx&q=%E5%88%86%E6%AF%8D%E7%9B%B8%E5%90%8C%E5%97%8E%EF%BC%9F "HTTP/2 200 OK"
2025-09-18 19:09:06,464 - INFO - HTTP Request: GET https://translate.googleapis.com/translate_a/single?client=gtx&sl=auto&tl=zh-tw&hl=zh-tw&dt=at&dt=bd&dt=ex&dt=ld&dt=md&dt=qca&dt=rw&dt=rm&dt=ss&dt=t&ie=UTF-8&oe=UTF-8&otf=1&ssel=0&tsel=0&tk=xxxx&q=%E5%88%86%E6%AF%8D%E7%9B%B8%E5%90%8C%E5%97%8E%EF%BC%9F "HTTP/2 200 OK"
2025-09-18 19:13:20,918 - INFO - HTTP Request: GET https://translate.googleapis.com/translate_a/single?client=gtx&sl=auto&tl=zh-tw&hl=zh-tw&dt=at&dt=bd&dt=ex&dt=ld&dt=md&dt=qca&dt=rw&dt=rm&dt=ss&dt=t&ie=UTF-8&oe=UTF-8&otf=1&ssel=0&tsel=0&tk=xxxx&q=%E5%88%86%E6%AF%8D%E7%9B%B8%E5%90%8C%E5%97%8E%EF%BC%9F "HTTP/2 200 OK"
2025-09-18 19:14:49,577 - INFO - HTTP Request: GET https://translate.googleapis.com/translate_a/single?client=gtx&sl=auto&tl=zh-tw&hl=zh-tw&dt=at&dt=bd&dt=ex&dt=ld&dt=md&dt=qca&dt=rw&dt=rm&dt=ss&dt=t&ie=UTF-8&oe=UTF-8&otf=1&ssel=0&tsel=0&tk=xxxx&q=%E5%88%86%E6%AF%8D%E7%9B%B8%E5%90%8C%E5%97%8E%EF%BC%9F "HTTP/2 200 OK"
2025-09-18 19:16:01,308 - INFO - HTTP Request: GET https://translate.googleapis.com/translate_a/single?client=gtx&sl=auto&tl=zh-tw&hl=zh-tw&dt=at&dt=bd&dt=ex&dt=ld&dt=md&dt=qca&dt=rw&dt=rm&dt=ss&dt=t&ie=UTF-8&oe=UTF-8&otf=1&ssel=0&tsel=0&tk=xxxx&q=%E5%88%86%E6%AF%8D%E7%9B%B8%E5%90%8C%E5%97%8E%EF%BC%9F "HTTP/2 200 OK"
2025-09-19 15:37:16,688 - INFO - HTTP Request: GET https://translate.googleapis.com/translate_a/single?client=gtx&sl=auto&tl=zh-tw&hl=zh-tw&dt=at&dt=bd&dt=ex&dt=ld&dt=md&dt=qca&dt=rw&dt=rm&dt=ss&dt=t&ie=UTF-8&oe=UTF-8&otf=1&ssel=0&tsel=0&tk=xxxx&q=%E5%88%86%E6%AF%8D%E7%9B%B8%E5%90%8C%E5%97%8E%EF%BC%9F "HTTP/2 200 OK"
2025-09-19 16:15:42,785 - INFO - HTTP Request: GET https://translate.googleapis.com/translate_a/single?client=gtx&sl=auto&tl=zh-tw&hl=zh-tw&dt=at&dt=bd&dt=ex&dt=ld&dt=md&dt=qca&dt=rw&dt=rm&dt=ss&dt=t&ie=UTF-8&oe=UTF-8&otf=1&ssel=0&tsel=0&tk=xxxx&q=%E5%88%86%E6%AF%8D%E7%9B%B8%E5%90%8C%E5%97%8E%EF%BC%9F "HTTP/2 200 OK"
2025-09-19 16:18:04,598 - INFO - HTTP Request: GET https://translate.googleapis.com/translate_a/single?client=gtx&sl=auto&tl=zh-tw&hl=zh-tw&dt=at&dt=bd&dt=ex&dt=ld&dt=md&dt=qca&dt=rw&dt=rm&dt=ss&dt=t&ie=UTF-8&oe=UTF-8&otf=1&ssel=0&tsel=0&tk=xxxx&q=%E5%88%86%E6%AF%8D%E7%9B%B8%E5%90%8C%E5%97%8E%EF%BC%9F "HTTP/2 200 OK"
2025-09-19 16:20:28,968 - INFO - HTTP Request: GET https://translate.googleapis.com/translate_a/single?client=gtx&sl=auto&tl=zh-tw&hl=zh-tw&dt=at&dt=bd&dt=ex&dt=ld&dt=md&dt=qca&dt=rw&dt=rm&dt=ss&dt=t&ie=UTF-8&oe=UTF-8&otf=1&ssel=0&tsel=0&tk=xxxx&q=%E5%88%86%E6%AF%8D%E7%9B%B8%E5%90%8C%E5%97%8E%EF%BC%9F "HTTP/2 200 OK"
2025-09-19 16:30:22,984 - INFO - HTTP Request: GET https://translate.googleapis.com/translate_a/single?client=gtx&sl=auto&tl=zh-tw&hl=zh-tw&dt=at&dt=bd&dt=ex&dt=ld&dt=md&dt=qca&dt=rw&dt=rm&dt=ss&dt=t&ie=UTF-8&oe=UTF-8&otf=1&ssel=0&tsel=0&tk=xxxx&q=%E5%88%86%E6%AF%8D%E7%9B%B8%E5%90%8C%E5%97%8E%EF%BC%9F "HTTP/2 200 OK"
2025-09-19 16:49:56,611 - INFO - HTTP Request: GET https://translate.googleapis.com/translate_a/single?client=gtx&sl=auto&tl=zh-tw&hl=zh-tw&dt=at&dt=bd&dt=ex&dt=ld&dt=md&dt=qca&dt=rw&dt=rm&dt=ss&dt=t&ie=UTF-8&oe=UTF-8&otf=1&ssel=0&tsel=0&tk=xxxx&q=%E5%88%86%E6%AF%8D%E7%9B%B8%E5%90%8C%E5%97%8E%EF%BC%9F "HTTP/2 200 OK"
2025-09-19 17:09:02,184 - INFO - HTTP Request: GET https://translate.googleapis.com/translate_a/single?client=gtx&sl=auto&tl=zh-tw&hl=zh-tw&dt=at&dt=bd&dt=ex&dt=ld&dt=md&dt=qca&dt=rw&dt=rm&dt=ss&dt=t&ie=UTF-8&oe=UTF-8&otf=1&ssel=0&tsel=0&tk=xxxx&q=%E5%88%86%E6%AF%8D%E7%9B%B8%E5%90%8C%E5%97%8E%EF%BC%9F "HTTP/2 200 OK"
2025-09-19 17:10:14,976 - INFO - HTTP Request: GET https://translate.googleapis.com/translate_a/single?client=gtx&sl=auto&tl=zh-tw&hl=zh-tw&dt=at&dt=bd&dt=ex&dt=ld&dt=md&dt=qca&dt=rw&dt=rm&dt=ss&dt=t&ie=UTF-8&oe=UTF-8&otf=1&ssel=0&tsel=0&tk=xxxx&q=%E5%88%86%E6%AF%8D%E7%9B%B8%E5%90%8C%E5%97%8E%EF%BC%9F "HTTP/2 200 OK"
2025-09-19 17:18:39,161 - INFO - HTTP Request: GET https://translate.googleapis.com/translate_a/single?client=gtx&sl=auto&tl=zh-tw&hl=zh-tw&dt=at&dt=bd&dt=ex&dt=ld&dt=md&dt=qca&dt=rw&dt=rm&dt=ss&dt=t&ie=UTF-8&oe=UTF-8&otf=1&ssel=0&tsel=0&tk=xxxx&q=%E5%88%86%E6%AF%8D%E7%9B%B8%E5%90%8C%E5%97%8E%EF%BC%9F "HTTP/2 200 OK"
2025-09-19 17:40:07,627 - INFO - HTTP Request: GET https://translate.googleapis.com/translate_a/single?client=gtx&sl=auto&tl=zh-tw&hl=zh-tw&dt=at&dt=bd&dt=ex&dt=ld&dt=md&dt=qca&dt=rw&dt=rm&dt=ss&dt=t&ie=UTF-8&oe=UTF-8&otf=1&ssel=0&tsel=0&tk=xxxx&q=%E5%88%86%E6%AF%8D%E7%9B%B8%E5%90%8C%E5%97%8E%EF%BC%9F "HTTP/2 200 OK"
2025-09-19 17:49:28,026 - INFO - HTTP Request: GET https://translate.googleapis.com/translate_a/single?client=gtx&sl=auto&tl=zh-tw&hl=zh-tw&dt=at&dt=bd&dt=ex&dt=ld&dt=md&dt=qca&dt=rw&dt=rm&dt=ss&dt=t&ie=UTF-8&oe=UTF-8&otf=1&ssel=0&tsel=0&tk=xxxx&q=%E5%88%86%E6%AF%8D%E7%9B%B8%E5%90%8C%E5%97%8E%EF%BC%9F "HTTP/2 200 OK"
2025-09-19 18:14:00,210 - INFO - HTTP Request: GET https://translate.googleapis.com/translate_a/single?client=gtx&sl=auto&tl=zh-tw&hl=zh-tw&dt=at&dt=bd&dt=ex&dt=ld&dt=md&dt=qca&dt=rw&dt=rm&dt=ss&dt=t&ie=UTF-8&oe=UTF-8&otf=1&ssel=0&tsel=0&tk=xxxx&q=%E5%88%86%E6%AF%8D%E7%9B%B8%E5%90%8C%E5%97%8E%EF%BC%9F "HTTP/2 200 OK"
2025-09-19 18:17:33,433 - INFO - HTTP Request: GET https://translate.googleapis.com/translate_a/single?client=gtx&sl=auto&tl=zh-tw&hl=zh-tw&dt=at&dt=bd&dt=ex&dt=ld&dt=md&dt=qca&dt=rw&dt=rm&dt=ss&dt=t&ie=UTF-8&oe=UTF-8&otf=1&ssel=0&tsel=0&tk=xxxx&q=%E5%88%86%E6%AF%8D%E7%9B%B8%E5%90%8C%E5%97%8E%EF%BC%9F "HTTP/2 200 OK"
2025-09-19 18:50:40,929 - INFO - HTTP Request: GET https://translate.googleapis.com/translate_a/single?client=gtx&sl=auto&tl=zh-tw&hl=zh-tw&dt=at&dt=bd&dt=ex&dt=ld&dt=md&dt=qca&dt=rw&dt=rm&dt=ss&dt=t&ie=UTF-8&oe=UTF-8&otf=1&ssel=0&tsel=0&tk=xxxx&q=%E5%88%86%E6%AF%8D%E7%9B%B8%E5%90%8C%E5%97%8E%EF%BC%9F "HTTP/2 200 OK"
2025-09-19 19:08:06,341 - INFO - HTTP Request: GET https://translate.googleapis.com/translate_a/single?client=gtx&sl=auto&tl=zh-tw&hl=zh-tw&dt=at&dt=bd&dt=ex&dt=ld&dt=md&dt=qca&dt=rw&dt=rm&dt=ss&dt=t&ie=UTF-8&oe=UTF-8&otf=1&ssel=0&tsel=0&tk=xxxx&q=%E5%88%86%E6%AF%8D%E7%9B%B8%E5%90%8C%E5%97%8E%EF%BC%9F "HTTP/2 200 OK"
2025-09-19 19:09:24,833 - INFO - HTTP Request: GET https://translate.googleapis.com/translate_a/single?client=gtx&sl=auto&tl=zh-tw&hl=zh-tw&dt=at&dt=bd&dt=ex&dt=ld&dt=md&dt=qca&dt=rw&dt=rm&dt=ss&dt=t&ie=UTF-8&oe=UTF-8&otf=1&ssel=0&tsel=0&tk=xxxx&q=%E5%88%86%E6%AF%8D%E7%9B%B8%E5%90%8C%E5%97%8E%EF%BC%9F "HTTP/2 200 OK"
2025-09-19 19:13:24,890 - INFO - HTTP Request: GET https://translate.googleapis.com/translate_a/single?client=gtx&sl=auto&tl=zh-tw&hl=zh-tw&dt=at&dt=bd&dt=ex&dt=ld&dt=md&dt=qca&dt=rw&dt=rm&dt=ss&dt=t&ie=UTF-8&oe=UTF-8&otf=1&ssel=0&tsel=0&tk=xxxx&q=%E5%88%86%E6%AF%8D%E7%9B%B8%E5%90%8C%E5%97%8E%EF%BC%9F "HTTP/2 200 OK"
2025-09-19 19:18:27,574 - INFO - HTTP Request: GET https://translate.googleapis.com/translate_a/single?client=gtx&sl=auto&tl=zh-tw&hl=zh-tw&dt=at&dt=bd&dt=ex&dt=ld&dt=md&dt=qca&dt=rw&dt=rm&dt=ss&dt=t&ie=UTF-8&oe=UTF-8&otf=1&ssel=0&tsel=0&tk=xxxx&q=%E5%88%86%E6%AF%8D%E7%9B%B8%E5%90%8C%E5%97%8E%EF%BC%9F "HTTP/2 200 OK"
2025-09-19 19:18:36,240 - INFO - ====LLM checking about explanation ====
        prompt
        ,****
## 
1. 
2. 
3. 
4. ****
5. 
6. 

### 
$\frac{1}{3} + \frac{3}{5} = $
### 

### 

### 
: 
: 


        response
        
2025-09-19 19:18:36,240 - INFO - ====TIME====  2.3790931701660156s  2.101641105401137 words/s
2025-09-19 19:18:38,212 - INFO - ====LLM checking about explanation ====
        prompt
        ,****
## 
1. 
2. 
3. 
4. ****
5. 
6. 

### 
$\frac{1}{3} + \frac{3}{5} = $
### 

### 
14/15
### 
: 
: 


        response
        
2025-09-19 19:18:38,212 - INFO - ====TIME====  1.9716997146606445s  2.5358831077685506 words/s
2025-09-19 19:18:40,527 - INFO - ====LLM checking if a analysis is answered====
prompt

## 
1. **** ****
2. 
3. ****


### 

### 
: 
: 


response



2025-09-19 19:18:40,527 - INFO - ====TIME====  2.315037250518799s  21.597924607388077 words/s
2025-09-19 19:18:40,844 - INFO - HTTP Request: GET https://translate.googleapis.com/translate_a/single?client=gtx&sl=auto&tl=zh-tw&hl=zh-tw&dt=at&dt=bd&dt=ex&dt=ld&dt=md&dt=qca&dt=rw&dt=rm&dt=ss&dt=t&ie=UTF-8&oe=UTF-8&otf=1&ssel=0&tsel=0&tk=xxxx&q=%E5%B0%87%E9%80%9A%E5%88%86%E5%BE%8C%E7%9A%84%E5%85%A9%E5%80%8B%E5%88%86%E6%95%B8%E7%9B%B8%E5%8A%A0%E5%8C%96%E7%82%BA%E6%9C%80%E7%B0%A1%E5%88%86%E6%95%B8%E6%98%AF%EF%BC%9F "HTTP/2 200 OK"
2025-09-19 19:33:56,178 - INFO - ====LLM checking about explanation ====
        prompt
        ,****
## 
1. 
2. 
3. 
4. ****
5. 
6. 

### 
$\frac{1}{3} + \frac{3}{5} = $
### 

### 
14/15
### 
: 
: 1415


        response
        
2025-09-19 19:33:56,178 - INFO - ====TIME====  2.2209606170654297s  1.3507668604965721 words/s
2025-09-19 19:33:58,239 - INFO - ====LLM checking if a analysis is answered====
prompt

## 
1. **** ****
2. 
3. ****


### 

### 
: 
: 1415


response



2025-09-19 19:33:58,239 - INFO - ====TIME====  2.0608248710632324s  10.190094410674286 words/s
2025-09-19 19:34:01,378 - INFO - ====LLM checking if an answer is incorrect====
    prompt
    ****
## 
1. 
2. 
3. ****


### 
$\frac{1}{3} + \frac{3}{5} = $
### 

### 
1415

    response
    1.  $\frac{1}{3}$  $\frac{3}{5}$  $15$
2. $\frac{1}{3} = \frac{5}{15}$$\frac{3}{5} = \frac{9}{15}$
3.  $\frac{5}{15} + \frac{9}{15} = \frac{14}{15}$
4.  1415


2025-09-19 19:34:01,378 - INFO - ====TIME====  3.139437198638916s  64.66127116287258 words/s
2025-09-19 19:34:04,201 - INFO - ====LLM response on step-by-step guidance====
    prompt
    ## 
$\frac{1}{3} + \frac{3}{5} = $
## 

## 

1415
    response
      
$\frac{15}{14}$
2025-09-19 19:34:04,201 - INFO - ====TIME====  2.8227193355560303 s  25.15304979338803 words/s
2025-09-19 19:34:04,592 - INFO - HTTP Request: GET https://translate.googleapis.com/translate_a/single?client=gtx&sl=auto&tl=zh-tw&hl=zh-tw&dt=at&dt=bd&dt=ex&dt=ld&dt=md&dt=qca&dt=rw&dt=rm&dt=ss&dt=t&ie=UTF-8&oe=UTF-8&otf=1&ssel=0&tsel=0&tk=xxxx&q=%E5%BE%88%E5%A5%BD%EF%BC%8C%E4%BD%A0%E5%B7%B2%E7%B6%93%E5%AD%B8%E6%9C%83%E9%80%9A%E5%88%86%E5%92%8C%E7%9B%B8%E5%8A%A0%E4%BA%86%EF%BC%81++%0A%E4%BD%86%E6%98%AF%E3%80%8C%24%5Cfrac%7B15%7D%7B14%7D%24%E3%80%8D%E9%80%99%E5%80%8B%E7%AD%94%E6%A1%88%E5%86%8D%E6%AA%A2%E6%9F%A5%E4%B8%80%E4%B8%8B%EF%BC%8C%E7%A2%BA%E5%AE%9A%E6%98%AF%E7%9B%B8%E5%8A%A0%E7%9A%84%E7%B5%90%E6%9E%9C%E5%97%8E%EF%BC%9F%E5%8F%AF%E4%BB%A5%E9%87%8D%E6%96%B0%E8%A8%88%E7%AE%97%E4%B8%80%E6%AC%A1%E5%88%86%E5%AD%90%E7%9A%84%E6%95%B8%E5%AD%97%E3%80%82 "HTTP/2 200 OK"
2025-09-22 14:39:37,263 - INFO - HTTP Request: GET https://translate.googleapis.com/translate_a/single?client=gtx&sl=auto&tl=zh-tw&hl=zh-tw&dt=at&dt=bd&dt=ex&dt=ld&dt=md&dt=qca&dt=rw&dt=rm&dt=ss&dt=t&ie=UTF-8&oe=UTF-8&otf=1&ssel=0&tsel=0&tk=xxxx&q=%E5%88%86%E6%AF%8D%E7%9B%B8%E5%90%8C%E5%97%8E%EF%BC%9F "HTTP/2 200 OK"
2025-09-22 15:31:26,642 - INFO - HTTP Request: GET https://translate.googleapis.com/translate_a/single?client=gtx&sl=auto&tl=zh-tw&hl=zh-tw&dt=at&dt=bd&dt=ex&dt=ld&dt=md&dt=qca&dt=rw&dt=rm&dt=ss&dt=t&ie=UTF-8&oe=UTF-8&otf=1&ssel=0&tsel=0&tk=xxxx&q=%E5%88%86%E6%AF%8D%E7%9B%B8%E5%90%8C%E5%97%8E%EF%BC%9F "HTTP/2 200 OK"
2025-09-22 15:31:38,683 - INFO - ====LLM checking about explanation ====
        prompt
        ,****
## 
1. 
2. 
3. 
4. ****
5. 
6. 

### 
><=$\frac{1}{3} (\ ) \frac{2}{3}$
### 

### 

### 
: 
: 


        response
        
2025-09-22 15:31:38,685 - INFO - ====TIME====  2.0019805431365967s  1.4985160621490154 words/s
2025-09-22 15:31:40,960 - INFO - ====LLM checking if a analysis is answered====
prompt

## 
1. **** ****
2. 
3. ****


### 

### 
: 
: 


response
  

2025-09-22 15:31:40,960 - INFO - ====TIME====  2.275507926940918s  13.623332018744005 words/s
2025-09-22 15:31:43,241 - INFO - ====LLM checking if an answer is incorrect====
    prompt
    ****
## 
1. 
2. 
3. ****


### 
><=$\frac{1}{3} (\ ) \frac{2}{3}$
### 

### 


    response
    3  
  

2025-09-22 15:31:43,242 - INFO - ====TIME====  2.2780072689056396s  11.852464374694847 words/s
2025-09-22 15:31:45,638 - INFO - ====Error Tutor====
    prompt
    
## 
1. ****
2. ****
3. AI****

### 
><=$\frac{1}{3} (\ ) \frac{2}{3}$
### 

### 


    response
    3
2025-09-22 15:31:45,639 - INFO - ====TIME====  2.396195650100708s  20.86640963474689 words/s
2025-09-22 15:31:46,052 - INFO - HTTP Request: GET https://translate.googleapis.com/translate_a/single?client=gtx&sl=auto&tl=zh-tw&hl=zh-tw&dt=at&dt=bd&dt=ex&dt=ld&dt=md&dt=qca&dt=rw&dt=rm&dt=ss&dt=t&ie=UTF-8&oe=UTF-8&otf=1&ssel=0&tsel=0&tk=xxxx&q=%E5%88%86%E6%AF%8D%E5%85%B6%E5%AE%9E%E6%98%AF%E4%B8%80%E6%A0%B7%E7%9A%84%EF%BC%8C%E9%83%BD%E6%98%AF3%E3%80%82%E4%BD%A0%E8%A6%81%E6%B3%A8%E6%84%8F%E7%9C%8B%E5%88%86%E6%95%B0%E4%B8%8B%E9%9D%A2%E7%9A%84%E6%95%B0%E5%AD%97%EF%BC%8C%E5%B0%B1%E6%98%AF%E5%88%86%E6%AF%8D%E3%80%82%E5%86%8D%E6%83%B3%E6%83%B3%EF%BC%8C%E5%A6%82%E6%9E%9C%E5%88%86%E6%AF%8D%E4%B8%80%E6%A0%B7%EF%BC%8C%E6%AF%94%E8%BE%83%E7%9A%84%E6%98%AF%E4%BB%80%E4%B9%88%E5%91%A2%EF%BC%9F "HTTP/2 200 OK"
2025-09-22 16:16:17,560 - INFO - HTTP Request: GET https://translate.googleapis.com/translate_a/single?client=gtx&sl=auto&tl=zh-tw&hl=zh-tw&dt=at&dt=bd&dt=ex&dt=ld&dt=md&dt=qca&dt=rw&dt=rm&dt=ss&dt=t&ie=UTF-8&oe=UTF-8&otf=1&ssel=0&tsel=0&tk=xxxx&q=%E5%88%86%E6%AF%8D%E7%9B%B8%E5%90%8C%E5%97%8E%EF%BC%9F "HTTP/2 200 OK"
2025-09-22 16:17:14,929 - INFO - HTTP Request: GET https://translate.googleapis.com/translate_a/single?client=gtx&sl=auto&tl=zh-tw&hl=zh-tw&dt=at&dt=bd&dt=ex&dt=ld&dt=md&dt=qca&dt=rw&dt=rm&dt=ss&dt=t&ie=UTF-8&oe=UTF-8&otf=1&ssel=0&tsel=0&tk=xxxx&q=%E5%88%86%E6%AF%8D%E7%9B%B8%E5%90%8C%E5%97%8E%EF%BC%9F "HTTP/2 200 OK"
2025-09-22 16:18:49,312 - INFO - HTTP Request: GET https://translate.googleapis.com/translate_a/single?client=gtx&sl=auto&tl=zh-tw&hl=zh-tw&dt=at&dt=bd&dt=ex&dt=ld&dt=md&dt=qca&dt=rw&dt=rm&dt=ss&dt=t&ie=UTF-8&oe=UTF-8&otf=1&ssel=0&tsel=0&tk=xxxx&q=%E5%88%86%E6%AF%8D%E7%9B%B8%E5%90%8C%E5%97%8E%EF%BC%9F "HTTP/2 200 OK"
2025-09-22 16:19:02,463 - INFO - HTTP Request: GET https://translate.googleapis.com/translate_a/single?client=gtx&sl=auto&tl=zh-tw&hl=zh-tw&dt=at&dt=bd&dt=ex&dt=ld&dt=md&dt=qca&dt=rw&dt=rm&dt=ss&dt=t&ie=UTF-8&oe=UTF-8&otf=1&ssel=0&tsel=0&tk=xxxx&q=%E5%88%86%E6%AF%8D%E6%98%AF%E4%B8%80%E6%A0%B7%E7%9A%84%EF%BC%8C%E9%83%BD%E6%98%AF3%E3%80%82%E4%BD%A0%E5%86%8D%E4%BB%94%E7%BB%86%E7%9C%8B%E7%9C%8B%E4%B8%A4%E4%B8%AA%E5%88%86%E6%95%B0%E7%9A%84%E5%88%86%E6%AF%8D%E3%80%82 "HTTP/2 200 OK"
2025-09-22 16:39:33,996 - INFO - HTTP Request: GET https://translate.googleapis.com/translate_a/single?client=gtx&sl=auto&tl=zh-tw&hl=zh-tw&dt=at&dt=bd&dt=ex&dt=ld&dt=md&dt=qca&dt=rw&dt=rm&dt=ss&dt=t&ie=UTF-8&oe=UTF-8&otf=1&ssel=0&tsel=0&tk=xxxx&q=%E5%88%86%E6%AF%8D%E7%9B%B8%E5%90%8C%E5%97%8E%EF%BC%9F "HTTP/2 200 OK"
2025-09-22 16:39:46,669 - INFO - HTTP Request: GET https://translate.googleapis.com/translate_a/single?client=gtx&sl=auto&tl=zh-tw&hl=zh-tw&dt=at&dt=bd&dt=ex&dt=ld&dt=md&dt=qca&dt=rw&dt=rm&dt=ss&dt=t&ie=UTF-8&oe=UTF-8&otf=1&ssel=0&tsel=0&tk=xxxx&q=%E5%88%86%E6%AF%8D%E6%98%AF%E4%B8%80%E6%A0%B7%E7%9A%84%EF%BC%8C%E9%83%BD%E6%98%AF3%E3%80%82%E4%BD%A0%E5%86%8D%E4%BB%94%E7%BB%86%E7%9C%8B%E7%9C%8B%E7%AC%AC%E4%B8%80%E4%B8%AA%E5%92%8C%E7%AC%AC%E4%BA%8C%E4%B8%AA%E5%88%86%E6%95%B0%E7%9A%84%E5%88%86%E6%AF%8D%EF%BC%8C%E6%98%AF%E4%B8%8D%E6%98%AF%E4%B8%80%E6%A0%B7%EF%BC%9F "HTTP/2 200 OK"
2025-09-22 16:57:30,585 - INFO - HTTP Request: GET https://translate.googleapis.com/translate_a/single?client=gtx&sl=auto&tl=zh-tw&hl=zh-tw&dt=at&dt=bd&dt=ex&dt=ld&dt=md&dt=qca&dt=rw&dt=rm&dt=ss&dt=t&ie=UTF-8&oe=UTF-8&otf=1&ssel=0&tsel=0&tk=xxxx&q=%E5%88%86%E6%AF%8D%E7%9B%B8%E5%90%8C%E5%97%8E%EF%BC%9F "HTTP/2 200 OK"
2025-09-22 16:57:43,282 - INFO - HTTP Request: GET https://translate.googleapis.com/translate_a/single?client=gtx&sl=auto&tl=zh-tw&hl=zh-tw&dt=at&dt=bd&dt=ex&dt=ld&dt=md&dt=qca&dt=rw&dt=rm&dt=ss&dt=t&ie=UTF-8&oe=UTF-8&otf=1&ssel=0&tsel=0&tk=xxxx&q=%E4%BB%94%E7%BB%86%E7%9C%8B%EF%BC%8C%E4%B8%A4%E4%B8%AA%E5%88%86%E6%95%B0%E7%9A%84%E5%88%86%E6%AF%8D%E9%83%BD%E6%98%AF3%EF%BC%8C%E5%85%B6%E5%AE%9E%E6%98%AF%E7%9B%B8%E5%90%8C%E7%9A%84%E3%80%82%E8%AF%B7%E5%86%8D%E8%AE%A4%E7%9C%9F%E5%88%A4%E6%96%AD%E4%B8%80%E4%B8%8B%E5%93%A6%EF%BC%81 "HTTP/2 200 OK"
2025-09-22 19:15:51,138 - INFO - HTTP Request: GET https://translate.googleapis.com/translate_a/single?client=gtx&sl=auto&tl=zh-tw&hl=zh-tw&dt=at&dt=bd&dt=ex&dt=ld&dt=md&dt=qca&dt=rw&dt=rm&dt=ss&dt=t&ie=UTF-8&oe=UTF-8&otf=1&ssel=0&tsel=0&tk=xxxx&q=%E5%88%86%E6%AF%8D%E7%9B%B8%E5%90%8C%E5%97%8E%EF%BC%9F "HTTP/2 200 OK"
2025-09-22 19:17:21,114 - INFO - HTTP Request: GET https://translate.googleapis.com/translate_a/single?client=gtx&sl=auto&tl=zh-tw&hl=zh-tw&dt=at&dt=bd&dt=ex&dt=ld&dt=md&dt=qca&dt=rw&dt=rm&dt=ss&dt=t&ie=UTF-8&oe=UTF-8&otf=1&ssel=0&tsel=0&tk=xxxx&q=%E5%88%86%E6%AF%8D%E7%9B%B8%E5%90%8C%E6%99%82%EF%BC%8C%E5%88%86%E5%AD%90%E8%B6%8A%E5%A4%A7%EF%BC%8C%E5%88%86%E6%95%B8%E5%80%BC%E8%B6%8A%E5%A4%A7%E9%82%84%E6%98%AF%E8%B6%8A%E5%B0%8F%EF%BC%9F "HTTP/2 200 OK"
2025-09-25 10:22:41,837 - INFO - HTTP Request: GET https://translate.googleapis.com/translate_a/single?client=gtx&sl=auto&tl=zh-tw&hl=zh-tw&dt=at&dt=bd&dt=ex&dt=ld&dt=md&dt=qca&dt=rw&dt=rm&dt=ss&dt=t&ie=UTF-8&oe=UTF-8&otf=1&ssel=0&tsel=0&tk=xxxx&q=%E5%88%86%E6%AF%8D%E7%9B%B8%E5%90%8C%E5%97%8E%EF%BC%9F "HTTP/2 200 OK"
2025-09-25 10:37:51,930 - INFO - HTTP Request: GET https://translate.googleapis.com/translate_a/single?client=gtx&sl=auto&tl=zh-tw&hl=zh-tw&dt=at&dt=bd&dt=ex&dt=ld&dt=md&dt=qca&dt=rw&dt=rm&dt=ss&dt=t&ie=UTF-8&oe=UTF-8&otf=1&ssel=0&tsel=0&tk=xxxx&q=%E5%88%86%E6%AF%8D%E7%9B%B8%E5%90%8C%E5%97%8E%EF%BC%9F "HTTP/2 200 OK"
2025-09-25 14:51:20,119 - INFO - HTTP Request: GET https://translate.googleapis.com/translate_a/single?client=gtx&sl=auto&tl=zh-tw&hl=zh-tw&dt=at&dt=bd&dt=ex&dt=ld&dt=md&dt=qca&dt=rw&dt=rm&dt=ss&dt=t&ie=UTF-8&oe=UTF-8&otf=1&ssel=0&tsel=0&tk=xxxx&q=%E5%88%86%E6%AF%8D%E7%9B%B8%E5%90%8C%E5%97%8E%EF%BC%9F "HTTP/2 200 OK"
2025-09-25 14:51:54,901 - INFO - HTTP Request: GET https://translate.googleapis.com/translate_a/single?client=gtx&sl=auto&tl=zh-tw&hl=zh-tw&dt=at&dt=bd&dt=ex&dt=ld&dt=md&dt=qca&dt=rw&dt=rm&dt=ss&dt=t&ie=UTF-8&oe=UTF-8&otf=1&ssel=0&tsel=0&tk=xxxx&q=%E5%88%86%E6%AF%8D%E7%9B%B8%E5%90%8C%E5%97%8E%EF%BC%9F "HTTP/2 200 OK"
2025-09-25 14:59:08,641 - INFO - HTTP Request: GET https://translate.googleapis.com/translate_a/single?client=gtx&sl=auto&tl=zh-tw&hl=zh-tw&dt=at&dt=bd&dt=ex&dt=ld&dt=md&dt=qca&dt=rw&dt=rm&dt=ss&dt=t&ie=UTF-8&oe=UTF-8&otf=1&ssel=0&tsel=0&tk=xxxx&q=%E5%88%86%E6%AF%8D%E7%9B%B8%E5%90%8C%E5%97%8E%EF%BC%9F "HTTP/2 200 OK"
2025-09-25 15:11:53,185 - INFO - HTTP Request: GET https://translate.googleapis.com/translate_a/single?client=gtx&sl=auto&tl=zh-tw&hl=zh-tw&dt=at&dt=bd&dt=ex&dt=ld&dt=md&dt=qca&dt=rw&dt=rm&dt=ss&dt=t&ie=UTF-8&oe=UTF-8&otf=1&ssel=0&tsel=0&tk=xxxx&q=%E5%88%86%E6%AF%8D%E7%9B%B8%E5%90%8C%E5%97%8E%EF%BC%9F "HTTP/2 200 OK"
2025-09-25 15:14:38,224 - INFO - HTTP Request: GET https://translate.googleapis.com/translate_a/single?client=gtx&sl=auto&tl=zh-tw&hl=zh-tw&dt=at&dt=bd&dt=ex&dt=ld&dt=md&dt=qca&dt=rw&dt=rm&dt=ss&dt=t&ie=UTF-8&oe=UTF-8&otf=1&ssel=0&tsel=0&tk=xxxx&q=%E5%88%86%E6%AF%8D%E7%9B%B8%E5%90%8C%E5%97%8E%EF%BC%9F "HTTP/2 200 OK"
2025-09-25 15:19:49,555 - INFO - HTTP Request: GET https://translate.googleapis.com/translate_a/single?client=gtx&sl=auto&tl=zh-tw&hl=zh-tw&dt=at&dt=bd&dt=ex&dt=ld&dt=md&dt=qca&dt=rw&dt=rm&dt=ss&dt=t&ie=UTF-8&oe=UTF-8&otf=1&ssel=0&tsel=0&tk=xxxx&q=%E5%88%86%E6%AF%8D%E7%9B%B8%E5%90%8C%E5%97%8E%EF%BC%9F "HTTP/2 200 OK"
2025-09-25 15:21:44,776 - INFO - HTTP Request: GET https://translate.googleapis.com/translate_a/single?client=gtx&sl=auto&tl=zh-tw&hl=zh-tw&dt=at&dt=bd&dt=ex&dt=ld&dt=md&dt=qca&dt=rw&dt=rm&dt=ss&dt=t&ie=UTF-8&oe=UTF-8&otf=1&ssel=0&tsel=0&tk=xxxx&q=%E5%88%86%E6%AF%8D%E7%9B%B8%E5%90%8C%E5%97%8E%EF%BC%9F "HTTP/2 200 OK"
2025-09-25 15:30:38,078 - INFO - HTTP Request: GET https://translate.googleapis.com/translate_a/single?client=gtx&sl=auto&tl=zh-tw&hl=zh-tw&dt=at&dt=bd&dt=ex&dt=ld&dt=md&dt=qca&dt=rw&dt=rm&dt=ss&dt=t&ie=UTF-8&oe=UTF-8&otf=1&ssel=0&tsel=0&tk=xxxx&q=%E5%88%86%E6%AF%8D%E7%9B%B8%E5%90%8C%E5%97%8E%EF%BC%9F "HTTP/2 200 OK"
2025-09-25 15:31:59,529 - INFO - HTTP Request: GET https://translate.googleapis.com/translate_a/single?client=gtx&sl=auto&tl=zh-tw&hl=zh-tw&dt=at&dt=bd&dt=ex&dt=ld&dt=md&dt=qca&dt=rw&dt=rm&dt=ss&dt=t&ie=UTF-8&oe=UTF-8&otf=1&ssel=0&tsel=0&tk=xxxx&q=%E5%88%86%E6%AF%8D%E7%9B%B8%E5%90%8C%E5%97%8E%EF%BC%9F "HTTP/2 200 OK"
2025-09-25 15:38:00,742 - INFO - HTTP Request: GET https://translate.googleapis.com/translate_a/single?client=gtx&sl=auto&tl=zh-tw&hl=zh-tw&dt=at&dt=bd&dt=ex&dt=ld&dt=md&dt=qca&dt=rw&dt=rm&dt=ss&dt=t&ie=UTF-8&oe=UTF-8&otf=1&ssel=0&tsel=0&tk=xxxx&q=%E5%88%86%E6%AF%8D%E7%9B%B8%E5%90%8C%E5%97%8E%EF%BC%9F "HTTP/2 200 OK"
2025-09-25 15:42:59,530 - INFO - HTTP Request: GET https://translate.googleapis.com/translate_a/single?client=gtx&sl=auto&tl=zh-tw&hl=zh-tw&dt=at&dt=bd&dt=ex&dt=ld&dt=md&dt=qca&dt=rw&dt=rm&dt=ss&dt=t&ie=UTF-8&oe=UTF-8&otf=1&ssel=0&tsel=0&tk=xxxx&q=%E5%88%86%E6%AF%8D%E7%9B%B8%E5%90%8C%E5%97%8E%EF%BC%9F "HTTP/2 200 OK"
2025-09-25 15:47:14,845 - INFO - HTTP Request: GET https://translate.googleapis.com/translate_a/single?client=gtx&sl=auto&tl=zh-tw&hl=zh-tw&dt=at&dt=bd&dt=ex&dt=ld&dt=md&dt=qca&dt=rw&dt=rm&dt=ss&dt=t&ie=UTF-8&oe=UTF-8&otf=1&ssel=0&tsel=0&tk=xxxx&q=%E5%88%86%E6%AF%8D%E7%9B%B8%E5%90%8C%E5%97%8E%EF%BC%9F "HTTP/2 200 OK"
2025-09-25 15:50:58,831 - INFO - HTTP Request: GET https://translate.googleapis.com/translate_a/single?client=gtx&sl=auto&tl=zh-tw&hl=zh-tw&dt=at&dt=bd&dt=ex&dt=ld&dt=md&dt=qca&dt=rw&dt=rm&dt=ss&dt=t&ie=UTF-8&oe=UTF-8&otf=1&ssel=0&tsel=0&tk=xxxx&q=%E5%88%86%E6%AF%8D%E7%9B%B8%E5%90%8C%E5%97%8E%EF%BC%9F "HTTP/2 200 OK"
2025-09-25 15:53:22,452 - INFO - HTTP Request: GET https://translate.googleapis.com/translate_a/single?client=gtx&sl=auto&tl=zh-tw&hl=zh-tw&dt=at&dt=bd&dt=ex&dt=ld&dt=md&dt=qca&dt=rw&dt=rm&dt=ss&dt=t&ie=UTF-8&oe=UTF-8&otf=1&ssel=0&tsel=0&tk=xxxx&q=%E5%88%86%E6%AF%8D%E7%9B%B8%E5%90%8C%E5%97%8E%EF%BC%9F "HTTP/2 200 OK"
2025-09-25 15:54:33,950 - INFO - HTTP Request: GET https://translate.googleapis.com/translate_a/single?client=gtx&sl=auto&tl=zh-tw&hl=zh-tw&dt=at&dt=bd&dt=ex&dt=ld&dt=md&dt=qca&dt=rw&dt=rm&dt=ss&dt=t&ie=UTF-8&oe=UTF-8&otf=1&ssel=0&tsel=0&tk=xxxx&q=%E5%88%86%E6%AF%8D%E7%9B%B8%E5%90%8C%E5%97%8E%EF%BC%9F "HTTP/2 200 OK"
2025-09-25 15:56:36,513 - INFO - HTTP Request: GET https://translate.googleapis.com/translate_a/single?client=gtx&sl=auto&tl=zh-tw&hl=zh-tw&dt=at&dt=bd&dt=ex&dt=ld&dt=md&dt=qca&dt=rw&dt=rm&dt=ss&dt=t&ie=UTF-8&oe=UTF-8&otf=1&ssel=0&tsel=0&tk=xxxx&q=%E5%88%86%E6%AF%8D%E7%9B%B8%E5%90%8C%E5%97%8E%EF%BC%9F "HTTP/2 200 OK"
2025-10-02 14:08:56,296 - INFO - HTTP Request: GET https://translate.googleapis.com/translate_a/single?client=gtx&sl=auto&tl=zh-tw&hl=zh-tw&dt=at&dt=bd&dt=ex&dt=ld&dt=md&dt=qca&dt=rw&dt=rm&dt=ss&dt=t&ie=UTF-8&oe=UTF-8&otf=1&ssel=0&tsel=0&tk=xxxx&q=%E5%88%86%E6%AF%8D%E7%9B%B8%E5%90%8C%E5%97%8E%EF%BC%9F "HTTP/2 200 OK"
2025-10-02 14:11:15,044 - INFO - HTTP Request: GET https://translate.googleapis.com/translate_a/single?client=gtx&sl=auto&tl=zh-tw&hl=zh-tw&dt=at&dt=bd&dt=ex&dt=ld&dt=md&dt=qca&dt=rw&dt=rm&dt=ss&dt=t&ie=UTF-8&oe=UTF-8&otf=1&ssel=0&tsel=0&tk=xxxx&q=%E4%BD%A0%E4%BB%94%E7%BB%86%E7%9C%8B%E9%A2%98%E7%9B%AE%EF%BC%8C%E4%B8%A4%E4%B8%AA%E5%88%86%E6%95%B0%E7%9A%84%E5%88%86%E6%AF%8D%E9%83%BD%E6%98%AF7%E3%80%82%E5%88%86%E6%AF%8D%E6%98%AF%E7%9B%B8%E5%90%8C%E7%9A%84%E5%93%A6%EF%BC%81%E8%AF%B7%E5%86%8D%E8%A7%82%E5%AF%9F%E4%B8%80%E4%B8%8B%E3%80%82 "HTTP/2 200 OK"
2025-10-02 14:14:17,905 - INFO - HTTP Request: GET https://translate.googleapis.com/translate_a/single?client=gtx&sl=auto&tl=zh-tw&hl=zh-tw&dt=at&dt=bd&dt=ex&dt=ld&dt=md&dt=qca&dt=rw&dt=rm&dt=ss&dt=t&ie=UTF-8&oe=UTF-8&otf=1&ssel=0&tsel=0&tk=xxxx&q=%E5%88%86%E6%AF%8D%E7%9B%B8%E5%90%8C%E6%99%82%EF%BC%8C%E5%88%86%E5%AD%90%E8%B6%8A%E5%A4%A7%EF%BC%8C%E5%88%86%E6%95%B8%E5%80%BC%E8%B6%8A%E5%A4%A7%E9%82%84%E6%98%AF%E8%B6%8A%E5%B0%8F%EF%BC%9F "HTTP/2 200 OK"
2025-10-02 14:15:27,730 - INFO - HTTP Request: GET https://translate.googleapis.com/translate_a/single?client=gtx&sl=auto&tl=zh-tw&hl=zh-tw&dt=at&dt=bd&dt=ex&dt=ld&dt=md&dt=qca&dt=rw&dt=rm&dt=ss&dt=t&ie=UTF-8&oe=UTF-8&otf=1&ssel=0&tsel=0&tk=xxxx&q=%E4%BD%A0%E9%80%99%E8%A3%A1%E8%AA%AA%E9%8C%AF%E4%BA%86%E5%93%A6%EF%BC%81%E5%85%B6%E5%AF%A6%E5%88%86%E6%AF%8D%E4%B8%80%E6%A8%A3%E6%99%82%EF%BC%8C%E5%88%86%E5%AD%90%E8%B6%8A%E5%A4%A7%EF%BC%8C%E5%88%86%E6%95%B8%E8%B6%8A%E5%A4%A7%E3%80%82%E4%BD%A0%E5%8F%AF%E4%BB%A5%E5%86%8D%E6%83%B3%E6%83%B3%E5%96%94%EF%BC%81 "HTTP/2 200 OK"
2025-10-02 14:24:48,165 - INFO - HTTP Request: GET https://translate.googleapis.com/translate_a/single?client=gtx&sl=auto&tl=zh-tw&hl=zh-tw&dt=at&dt=bd&dt=ex&dt=ld&dt=md&dt=qca&dt=rw&dt=rm&dt=ss&dt=t&ie=UTF-8&oe=UTF-8&otf=1&ssel=0&tsel=0&tk=xxxx&q=%E5%88%86%E6%AF%8D%E7%9B%B8%E5%90%8C%E5%97%8E%EF%BC%9F "HTTP/2 200 OK"
2025-10-02 14:38:36,617 - INFO - HTTP Request: POST http://127.0.0.1:11434/api/chat "HTTP/1.1 200 OK"
2025-10-02 14:43:35,983 - INFO - HTTP Request: POST http://127.0.0.1:11434/api/chat "HTTP/1.1 200 OK"
2025-10-02 16:20:23,986 - INFO - HTTP Request: GET https://translate.googleapis.com/translate_a/single?client=gtx&sl=auto&tl=zh-tw&hl=zh-tw&dt=at&dt=bd&dt=ex&dt=ld&dt=md&dt=qca&dt=rw&dt=rm&dt=ss&dt=t&ie=UTF-8&oe=UTF-8&otf=1&ssel=0&tsel=0&tk=xxxx&q=%E5%88%86%E6%AF%8D%E7%9B%B8%E5%90%8C%E5%97%8E%EF%BC%9F "HTTP/2 200 OK"
2025-10-02 16:57:39,241 - INFO - HTTP Request: GET https://translate.googleapis.com/translate_a/single?client=gtx&sl=auto&tl=zh-tw&hl=zh-tw&dt=at&dt=bd&dt=ex&dt=ld&dt=md&dt=qca&dt=rw&dt=rm&dt=ss&dt=t&ie=UTF-8&oe=UTF-8&otf=1&ssel=0&tsel=0&tk=xxxx&q=%E5%88%86%E6%AF%8D%E7%9B%B8%E5%90%8C%E5%97%8E%EF%BC%9F "HTTP/2 200 OK"
2025-10-02 17:05:24,138 - INFO - HTTP Request: GET https://translate.googleapis.com/translate_a/single?client=gtx&sl=auto&tl=zh-tw&hl=zh-tw&dt=at&dt=bd&dt=ex&dt=ld&dt=md&dt=qca&dt=rw&dt=rm&dt=ss&dt=t&ie=UTF-8&oe=UTF-8&otf=1&ssel=0&tsel=0&tk=xxxx&q=%E5%88%86%E6%AF%8D%E7%9B%B8%E5%90%8C%E5%97%8E%EF%BC%9F "HTTP/2 200 OK"
2025-10-02 17:06:21,483 - INFO - HTTP Request: GET https://translate.googleapis.com/translate_a/single?client=gtx&sl=auto&tl=zh-tw&hl=zh-tw&dt=at&dt=bd&dt=ex&dt=ld&dt=md&dt=qca&dt=rw&dt=rm&dt=ss&dt=t&ie=UTF-8&oe=UTF-8&otf=1&ssel=0&tsel=0&tk=xxxx&q=%E5%88%86%E6%AF%8D%E7%9B%B8%E5%90%8C%E5%97%8E%EF%BC%9F "HTTP/2 200 OK"
2025-10-02 17:07:32,800 - INFO - HTTP Request: GET https://translate.googleapis.com/translate_a/single?client=gtx&sl=auto&tl=zh-tw&hl=zh-tw&dt=at&dt=bd&dt=ex&dt=ld&dt=md&dt=qca&dt=rw&dt=rm&dt=ss&dt=t&ie=UTF-8&oe=UTF-8&otf=1&ssel=0&tsel=0&tk=xxxx&q=%E5%88%86%E6%AF%8D%E7%9B%B8%E5%90%8C%E5%97%8E%EF%BC%9F "HTTP/2 200 OK"
2025-10-02 17:07:59,489 - INFO - HTTP Request: GET https://translate.googleapis.com/translate_a/single?client=gtx&sl=auto&tl=zh-tw&hl=zh-tw&dt=at&dt=bd&dt=ex&dt=ld&dt=md&dt=qca&dt=rw&dt=rm&dt=ss&dt=t&ie=UTF-8&oe=UTF-8&otf=1&ssel=0&tsel=0&tk=xxxx&q=%E5%88%86%E6%AF%8D%E6%98%AF%E4%B8%80%E6%A0%B7%E7%9A%84%EF%BC%8C%E9%83%BD%E6%98%AF3%E3%80%82%E4%BD%A0%E5%86%8D%E8%AE%A4%E7%9C%9F%E7%9C%8B%E7%9C%8B%EF%BC%8C%E6%AF%94%E8%BE%83%E4%B8%A4%E4%B8%AA%E5%88%86%E6%95%B0%E6%97%B6%EF%BC%8C%E5%85%88%E7%9C%8B%E5%88%86%E6%AF%8D%EF%BC%8C%E5%86%8D%E7%9C%8B%E5%88%86%E5%AD%90%E5%93%A6%E3%80%82 "HTTP/2 200 OK"
2025-10-02 17:15:34,433 - INFO - HTTP Request: GET https://translate.googleapis.com/translate_a/single?client=gtx&sl=auto&tl=zh-tw&hl=zh-tw&dt=at&dt=bd&dt=ex&dt=ld&dt=md&dt=qca&dt=rw&dt=rm&dt=ss&dt=t&ie=UTF-8&oe=UTF-8&otf=1&ssel=0&tsel=0&tk=xxxx&q=%E5%88%86%E6%AF%8D%E7%9B%B8%E5%90%8C%E5%97%8E%EF%BC%9F "HTTP/2 200 OK"
2025-10-02 17:15:48,777 - INFO - HTTP Request: GET https://translate.googleapis.com/translate_a/single?client=gtx&sl=auto&tl=zh-tw&hl=zh-tw&dt=at&dt=bd&dt=ex&dt=ld&dt=md&dt=qca&dt=rw&dt=rm&dt=ss&dt=t&ie=UTF-8&oe=UTF-8&otf=1&ssel=0&tsel=0&tk=xxxx&q=%E5%88%86%E6%AF%8D%E7%9B%B8%E5%90%8C%E6%99%82%EF%BC%8C%E5%88%86%E5%AD%90%E8%B6%8A%E5%A4%A7%EF%BC%8C%E5%88%86%E6%95%B8%E5%80%BC%E8%B6%8A%E5%A4%A7%E9%82%84%E6%98%AF%E8%B6%8A%E5%B0%8F%EF%BC%9F "HTTP/2 200 OK"
2025-10-02 17:33:15,035 - INFO - HTTP Request: GET https://translate.googleapis.com/translate_a/single?client=gtx&sl=auto&tl=zh-tw&hl=zh-tw&dt=at&dt=bd&dt=ex&dt=ld&dt=md&dt=qca&dt=rw&dt=rm&dt=ss&dt=t&ie=UTF-8&oe=UTF-8&otf=1&ssel=0&tsel=0&tk=xxxx&q=%E5%88%86%E6%AF%8D%E7%9B%B8%E5%90%8C%E5%97%8E%EF%BC%9F "HTTP/2 200 OK"
2025-10-02 17:35:41,059 - INFO - HTTP Request: GET https://translate.googleapis.com/translate_a/single?client=gtx&sl=auto&tl=zh-tw&hl=zh-tw&dt=at&dt=bd&dt=ex&dt=ld&dt=md&dt=qca&dt=rw&dt=rm&dt=ss&dt=t&ie=UTF-8&oe=UTF-8&otf=1&ssel=0&tsel=0&tk=xxxx&q=%E5%88%86%E6%AF%8D%E7%9B%B8%E5%90%8C%E5%97%8E%EF%BC%9F "HTTP/2 200 OK"
2025-10-02 17:35:52,212 - INFO - HTTP Request: GET https://translate.googleapis.com/translate_a/single?client=gtx&sl=auto&tl=zh-tw&hl=zh-tw&dt=at&dt=bd&dt=ex&dt=ld&dt=md&dt=qca&dt=rw&dt=rm&dt=ss&dt=t&ie=UTF-8&oe=UTF-8&otf=1&ssel=0&tsel=0&tk=xxxx&q=%E5%88%86%E6%AF%8D%E7%9B%B8%E5%90%8C%E6%99%82%EF%BC%8C%E5%88%86%E5%AD%90%E8%B6%8A%E5%A4%A7%EF%BC%8C%E5%88%86%E6%95%B8%E5%80%BC%E8%B6%8A%E5%A4%A7%E9%82%84%E6%98%AF%E8%B6%8A%E5%B0%8F%EF%BC%9F "HTTP/2 200 OK"
2025-10-02 17:36:52,021 - INFO - HTTP Request: GET https://translate.googleapis.com/translate_a/single?client=gtx&sl=auto&tl=zh-tw&hl=zh-tw&dt=at&dt=bd&dt=ex&dt=ld&dt=md&dt=qca&dt=rw&dt=rm&dt=ss&dt=t&ie=UTF-8&oe=UTF-8&otf=1&ssel=0&tsel=0&tk=xxxx&q=%E5%88%86%E6%AF%8D%E7%9B%B8%E5%90%8C%E5%97%8E%EF%BC%9F "HTTP/2 200 OK"
2025-10-02 17:37:03,072 - INFO - HTTP Request: GET https://translate.googleapis.com/translate_a/single?client=gtx&sl=auto&tl=zh-tw&hl=zh-tw&dt=at&dt=bd&dt=ex&dt=ld&dt=md&dt=qca&dt=rw&dt=rm&dt=ss&dt=t&ie=UTF-8&oe=UTF-8&otf=1&ssel=0&tsel=0&tk=xxxx&q=%E5%88%86%E6%AF%8D%E7%9B%B8%E5%90%8C%E6%99%82%EF%BC%8C%E5%88%86%E5%AD%90%E8%B6%8A%E5%A4%A7%EF%BC%8C%E5%88%86%E6%95%B8%E5%80%BC%E8%B6%8A%E5%A4%A7%E9%82%84%E6%98%AF%E8%B6%8A%E5%B0%8F%EF%BC%9F "HTTP/2 200 OK"
2025-10-02 17:41:18,964 - INFO - HTTP Request: GET https://translate.googleapis.com/translate_a/single?client=gtx&sl=auto&tl=zh-tw&hl=zh-tw&dt=at&dt=bd&dt=ex&dt=ld&dt=md&dt=qca&dt=rw&dt=rm&dt=ss&dt=t&ie=UTF-8&oe=UTF-8&otf=1&ssel=0&tsel=0&tk=xxxx&q=%E5%88%86%E6%AF%8D%E7%9B%B8%E5%90%8C%E5%97%8E%EF%BC%9F "HTTP/2 200 OK"
2025-10-02 17:41:29,275 - INFO - HTTP Request: GET https://translate.googleapis.com/translate_a/single?client=gtx&sl=auto&tl=zh-tw&hl=zh-tw&dt=at&dt=bd&dt=ex&dt=ld&dt=md&dt=qca&dt=rw&dt=rm&dt=ss&dt=t&ie=UTF-8&oe=UTF-8&otf=1&ssel=0&tsel=0&tk=xxxx&q=%E5%88%86%E6%AF%8D%E7%9B%B8%E5%90%8C%E6%99%82%EF%BC%8C%E5%88%86%E5%AD%90%E8%B6%8A%E5%A4%A7%EF%BC%8C%E5%88%86%E6%95%B8%E5%80%BC%E8%B6%8A%E5%A4%A7%E9%82%84%E6%98%AF%E8%B6%8A%E5%B0%8F%EF%BC%9F "HTTP/2 200 OK"
2025-10-02 18:14:10,352 - INFO - HTTP Request: POST http://127.0.0.1:11434/api/chat "HTTP/1.1 200 OK"
2025-10-02 18:38:58,575 - INFO - HTTP Request: GET https://translate.googleapis.com/translate_a/single?client=gtx&sl=auto&tl=zh-tw&hl=zh-tw&dt=at&dt=bd&dt=ex&dt=ld&dt=md&dt=qca&dt=rw&dt=rm&dt=ss&dt=t&ie=UTF-8&oe=UTF-8&otf=1&ssel=0&tsel=0&tk=xxxx&q=%E5%88%86%E6%AF%8D%E7%9B%B8%E5%90%8C%E5%97%8E%EF%BC%9F "HTTP/2 200 OK"
2025-10-02 18:41:29,372 - INFO - HTTP Request: POST http://127.0.0.1:11434/api/chat "HTTP/1.1 200 OK"
2025-10-02 18:41:29,700 - INFO - HTTP Request: GET https://translate.googleapis.com/translate_a/single?client=gtx&sl=auto&tl=zh-tw&hl=zh-tw&dt=at&dt=bd&dt=ex&dt=ld&dt=md&dt=qca&dt=rw&dt=rm&dt=ss&dt=t&ie=UTF-8&oe=UTF-8&otf=1&ssel=0&tsel=0&tk=xxxx&q=%3Cdiv+style%3D%22font-size%3A1.1rem%3B%22%3E%E4%BD%A0%E5%9C%A8%E6%AF%94%E8%BE%83%E5%90%8C%E5%88%86%E6%AF%8D%E5%88%86%E6%95%B0%E7%9A%84%E5%A4%A7%E5%B0%8F%E6%97%B6%E5%81%9A%E5%BE%97%E4%B8%8D%E5%A4%9F%E5%A5%BD%E5%93%A6%E3%80%82%E6%AD%A3%E7%A1%AE%E7%9A%84%E6%96%B9%E6%B3%95%E6%98%AF%EF%BC%9A%E5%88%86%E6%AF%8D%E7%9B%B8%E5%90%8C%E6%97%B6%EF%BC%8C%E5%88%86%E5%AD%90%E5%A4%A7%E7%9A%84%E5%88%86%E6%95%B0%E8%BE%83%E5%A4%A7%E3%80%82%E5%BB%BA%E8%AE%AE%E4%BD%A0%E5%A4%9A%E5%81%9A%E4%B8%80%E4%BA%9B%E7%BB%83%E4%B9%A0%EF%BC%8C%E5%8A%A0%E6%B7%B1%E7%90%86%E8%A7%A3%E3%80%82%E5%8A%A0%E6%B2%B9%EF%BC%81%3C%2Fdiv%3E "HTTP/2 200 OK"
2025-10-02 18:45:30,365 - INFO - HTTP Request: POST http://127.0.0.1:11434/api/chat "HTTP/1.1 200 OK"
2025-10-02 18:45:30,677 - INFO - HTTP Request: GET https://translate.googleapis.com/translate_a/single?client=gtx&sl=auto&tl=zh-tw&hl=zh-tw&dt=at&dt=bd&dt=ex&dt=ld&dt=md&dt=qca&dt=rw&dt=rm&dt=ss&dt=t&ie=UTF-8&oe=UTF-8&otf=1&ssel=0&tsel=0&tk=xxxx&q=%3Cdiv+style%3D%22font-size%3A1.1rem%3B%22%3E%E4%BD%A0%E5%9C%A8%E6%AF%94%E8%BE%83%E5%90%8C%E5%88%86%E6%AF%8D%E5%88%86%E6%95%B0%E5%A4%A7%E5%B0%8F%E6%97%B6%E5%81%9A%E5%BE%97%E4%B8%8D%E9%94%99%EF%BC%8C%E7%9F%A5%E9%81%93%E5%88%86%E5%AD%90%E8%B6%8A%E5%A4%A7%E5%88%86%E6%95%B0%E5%80%BC%E8%B6%8A%E5%A4%A7%E3%80%82%E4%BD%86%E8%BF%98%E6%9C%89%E4%B8%80%E4%BA%9B%E5%8F%AF%E4%BB%A5%E6%94%B9%E8%BF%9B%E7%9A%84%E5%9C%B0%E6%96%B9%E3%80%82%3C%2Fdiv%3E%3Cdiv+style%3D%22font-size%3A1.1rem%3B+margin-top%3A8px%3B%22%3E%E5%BB%BA%E8%AE%AE%E4%BD%A0%E5%A4%9A%E7%BB%83%E4%B9%A0%E8%BF%99%E7%B1%BB%E9%A2%98%E7%9B%AE%EF%BC%8C%E5%8A%A0%E5%BC%BA%E7%90%86%E8%A7%A3%E3%80%82%E6%AF%8F%E5%A4%A9%E5%81%9A%E5%87%A0%E9%81%93%E8%BF%99%E6%A0%B7%E7%9A%84%E9%A2%98%EF%BC%8C%E7%9B%B8%E4%BF%A1%E4%BD%A0%E4%BC%9A%E8%B6%8A%E6%9D%A5%E8%B6%8A%E7%86%9F%E7%BB%83%E7%9A%84%EF%BC%81%E5%8A%A0%E6%B2%B9%E5%93%A6%EF%BC%81%3C%2Fdiv%3E "HTTP/2 200 OK"
2025-10-02 18:48:03,933 - INFO - HTTP Request: POST http://127.0.0.1:11434/api/chat "HTTP/1.1 200 OK"
2025-10-02 18:48:04,245 - INFO - HTTP Request: GET https://translate.googleapis.com/translate_a/single?client=gtx&sl=auto&tl=zh-tw&hl=zh-tw&dt=at&dt=bd&dt=ex&dt=ld&dt=md&dt=qca&dt=rw&dt=rm&dt=ss&dt=t&ie=UTF-8&oe=UTF-8&otf=1&ssel=0&tsel=0&tk=xxxx&q=%3Cdiv+style%3D%22font-size%3A1.1rem%3B%22%3E%E4%BD%A0%E5%9C%A8%E6%AF%94%E8%BE%83%E5%90%8C%E5%88%86%E6%AF%8D%E5%88%86%E6%95%B0%E7%9A%84%E5%A4%A7%E5%B0%8F%E6%97%B6%E8%BF%98%E6%9C%89%E6%8F%90%E5%8D%87%E7%A9%BA%E9%97%B4%E3%80%82%E8%AE%B0%E4%BD%8F%EF%BC%9A%E5%88%86%E6%AF%8D%E7%9B%B8%E5%90%8C%E6%97%B6%EF%BC%8C%E5%88%86%E5%AD%90%E5%A4%A7%E7%9A%84%E5%88%86%E6%95%B0%E5%80%BC%E6%9B%B4%E5%A4%A7%E5%93%A6%EF%BC%81%E5%8F%AF%E4%BB%A5%E5%A4%9A%E7%BB%83%E4%B9%A0%E8%BF%99%E7%A7%8D%E7%B1%BB%E5%9E%8B%E7%9A%84%E9%A2%98%E7%9B%AE%EF%BC%8C%E6%AF%94%E5%A6%82%E7%BB%99%E5%87%A0%E4%B8%AA%E5%88%86%E6%95%B0%E6%AF%94%E5%A4%A7%E5%B0%8F%EF%BC%8C%E5%8A%A0%E5%BC%BA%E7%90%86%E8%A7%A3%E3%80%82%E5%8A%A0%E6%B2%B9%EF%BC%81%3C%2Fdiv%3E "HTTP/2 200 OK"
2025-10-02 18:54:37,087 - INFO - HTTP Request: POST http://127.0.0.1:11434/api/chat "HTTP/1.1 200 OK"
2025-10-02 18:54:37,415 - INFO - HTTP Request: GET https://translate.googleapis.com/translate_a/single?client=gtx&sl=auto&tl=zh-tw&hl=zh-tw&dt=at&dt=bd&dt=ex&dt=ld&dt=md&dt=qca&dt=rw&dt=rm&dt=ss&dt=t&ie=UTF-8&oe=UTF-8&otf=1&ssel=0&tsel=0&tk=xxxx&q=%3Cdiv+style%3D%22font-size%3A1.1rem%3B%22%3E%E4%BD%A0%E7%9A%84%E5%90%8C%E5%88%86%E6%AF%8D%E5%88%86%E6%95%B0%E6%AF%94%E8%BE%83%E8%BF%99%E9%83%A8%E5%88%86%E5%81%9A%E5%BE%97%E4%B8%8D%E6%98%AF%E5%BE%88%E5%A5%BD%E5%93%A6%E3%80%82%E5%88%86%E6%AF%8D%E7%9B%B8%E5%90%8C%E7%9A%84%E5%88%86%E6%95%B0%EF%BC%8C%E5%88%86%E5%AD%90%E5%A4%A7%E7%9A%84%E5%88%86%E6%95%B0%E5%80%BC%E7%A1%AE%E5%AE%9E%E6%9B%B4%E5%A4%A7%EF%BC%8C%E8%BF%99%E4%B8%AA%E4%BD%A0%E9%9C%80%E8%A6%81%E5%86%8D%E5%A4%9A%E5%8A%A0%E7%BB%83%E4%B9%A0%E3%80%82%3C%2Fdiv%3E%3Cdiv+style%3D%22font-size%3A1.1rem%3B+margin-top%3A8px%3B%22%3E%E5%BB%BA%E8%AE%AE%E4%BD%A0%E5%A4%9A%E5%81%9A%E4%BA%9B%E5%90%8C%E5%88%86%E6%AF%8D%E5%88%86%E6%95%B0%E6%AF%94%E8%BE%83%E7%9A%84%E9%A2%98%E7%9B%AE%EF%BC%8C%E6%AF%94%E5%A6%82%E7%BB%99%E5%87%A0%E4%B8%AA%E5%88%86%E6%95%B0%E6%89%BE%E6%89%BE%E5%AE%83%E4%BB%AC%E7%9A%84%E5%A4%A7%E5%B0%8F%E9%A1%BA%E5%BA%8F%E3%80%82%E8%BF%99%E6%A0%B7%E5%A4%9A%E7%BB%83%E5%87%A0%E6%AC%A1%EF%BC%8C%E7%9B%B8%E4%BF%A1%E4%BD%A0%E8%83%BD%E5%BE%88%E5%BF%AB%E6%8E%8C%E6%8F%A1%E8%BF%99%E4%B8%AA%E7%9F%A5%E8%AF%86%E7%82%B9%E7%9A%84%EF%BC%81%3C%2Fdiv%3E "HTTP/2 200 OK"
2025-10-02 18:57:27,509 - INFO - HTTP Request: POST http://127.0.0.1:11434/api/chat "HTTP/1.1 200 OK"
2025-10-02 18:57:27,851 - INFO - HTTP Request: GET https://translate.googleapis.com/translate_a/single?client=gtx&sl=auto&tl=zh-tw&hl=zh-tw&dt=at&dt=bd&dt=ex&dt=ld&dt=md&dt=qca&dt=rw&dt=rm&dt=ss&dt=t&ie=UTF-8&oe=UTF-8&otf=1&ssel=0&tsel=0&tk=xxxx&q=%3Cdiv+style%3D%22font-size%3A1.1rem%3B%22%3E%E4%BD%A0%E5%9C%A8%E6%AF%94%E8%BE%83%E4%B8%A4%E4%B8%AA%E5%90%8C%E5%88%86%E6%AF%8D%E5%88%86%E6%95%B0%E7%9A%84%E5%A4%A7%E5%B0%8F%E6%97%B6%E8%BF%98%E6%9C%89%E4%BA%9B%E5%B0%8F%E5%A4%B1%E8%AF%AF%E3%80%82%E8%A6%81%E7%9F%A5%E9%81%93%EF%BC%8C%E5%BD%93%E5%88%86%E6%AF%8D%E7%9B%B8%E5%90%8C%E6%97%B6%EF%BC%8C%E5%88%86%E5%AD%90%E5%A4%A7%E7%9A%84%E5%88%86%E6%95%B0%E5%80%BC%E5%B0%B1%E5%A4%A7%E3%80%82%E4%BD%A0%E9%94%99%E4%BA%86%E4%B8%80%E4%B8%A4%E6%AC%A1%EF%BC%8C%E9%9C%80%E8%A6%81%E5%86%8D%E5%A4%9A%E7%BB%83%E4%B9%A0%E5%93%A6%EF%BC%81%3C%2Fdiv%3E%3Cdiv+style%3D%22font-size%3A1.1rem%3B+margin-top%3A8px%3B%22%3E%E5%BB%BA%E8%AE%AE%EF%BC%9A%3Cbr%3E1.+%E5%A4%9A%E5%81%9A%E5%87%A0%E9%81%93%E8%BF%99%E6%A0%B7%E7%9A%84%E9%A2%98%E7%9B%AE%EF%BC%8C%E7%86%9F%E6%82%89%E5%90%8C%E5%88%86%E6%AF%8D%E5%88%86%E6%95%B0%E6%AF%94%E8%BE%83%E7%9A%84%E6%96%B9%E6%B3%95%E3%80%82%3Cbr%3E2.+%E5%8F%AF%E4%BB%A5%E5%92%8C%E5%90%8C%E5%AD%A6%E4%B8%80%E8%B5%B7%E8%AE%A8%E8%AE%BA%EF%BC%8C%E4%BA%92%E7%9B%B8%E5%B8%AE%E5%8A%A9%E7%90%86%E8%A7%A3%E8%BF%99%E4%B8%AA%E7%9F%A5%E8%AF%86%E7%82%B9%E3%80%82%3C%2Fdiv%3E "HTTP/2 200 OK"
2025-10-02 19:04:41,729 - INFO - HTTP Request: POST http://127.0.0.1:11434/api/chat "HTTP/1.1 200 OK"
2025-10-02 19:04:42,041 - INFO - HTTP Request: GET https://translate.googleapis.com/translate_a/single?client=gtx&sl=auto&tl=zh-tw&hl=zh-tw&dt=at&dt=bd&dt=ex&dt=ld&dt=md&dt=qca&dt=rw&dt=rm&dt=ss&dt=t&ie=UTF-8&oe=UTF-8&otf=1&ssel=0&tsel=0&tk=xxxx&q=%3Cdiv+style%3D%22font-size%3A1.1rem%3B%22%3E%E4%BD%A0%E7%9A%84%E5%90%8C%E5%88%86%E6%AF%8D%E5%88%86%E6%95%B0%E6%AF%94%E8%BE%83%E8%83%BD%E5%8A%9B%E8%BF%9B%E6%AD%A5%E4%BA%86%E4%B8%8D%E5%B0%91%E5%93%A6%EF%BC%81%E4%BD%86%E8%BF%98%E6%9C%89%E6%8F%90%E5%8D%87%E7%A9%BA%E9%97%B4%E3%80%82%E5%BB%BA%E8%AE%AE%E4%BD%A0%E5%9C%A8%E5%81%9A%E9%A2%98%E6%97%B6%E5%A4%9A%E6%83%B3%E6%83%B3%E2%80%9C%E5%88%86%E5%AD%90%E5%A4%A7%E7%9A%84%E5%88%86%E6%95%B0%E5%80%BC%E5%B0%B1%E5%A4%A7%E2%80%9D%E8%BF%99%E4%B8%AA%E8%A7%84%E5%88%99%EF%BC%8C%E5%A4%9A%E7%BB%83%E4%B9%A0%E5%87%A0%E6%AC%A1%EF%BC%8C%E7%9B%B8%E4%BF%A1%E4%BD%A0%E8%83%BD%E5%81%9A%E5%BE%97%E6%9B%B4%E5%A5%BD%EF%BC%81%3C%2Fdiv%3E "HTTP/2 200 OK"
2025-10-02 19:13:28,743 - INFO - HTTP Request: GET https://translate.googleapis.com/translate_a/single?client=gtx&sl=auto&tl=zh-tw&hl=zh-tw&dt=at&dt=bd&dt=ex&dt=ld&dt=md&dt=qca&dt=rw&dt=rm&dt=ss&dt=t&ie=UTF-8&oe=UTF-8&otf=1&ssel=0&tsel=0&tk=xxxx&q=%E5%88%86%E6%AF%8D%E7%9B%B8%E5%90%8C%E5%97%8E%EF%BC%9F "HTTP/2 200 OK"
2025-10-02 19:22:33,446 - INFO - HTTP Request: POST http://127.0.0.1:11434/api/chat "HTTP/1.1 200 OK"
2025-10-02 19:22:33,767 - INFO - HTTP Request: GET https://translate.googleapis.com/translate_a/single?client=gtx&sl=auto&tl=zh-tw&hl=zh-tw&dt=at&dt=bd&dt=ex&dt=ld&dt=md&dt=qca&dt=rw&dt=rm&dt=ss&dt=t&ie=UTF-8&oe=UTF-8&otf=1&ssel=0&tsel=0&tk=xxxx&q=%3Cdiv+style%3D%22font-size%3A1.1rem%3B%22%3E%E4%BD%A0%E5%9C%A8%E8%BF%99%E6%96%B9%E9%9D%A2%E7%9A%84%E8%A1%A8%E7%8E%B0%E8%BF%98%E6%9C%89%E5%BE%85%E6%8F%90%E9%AB%98%E3%80%82%E5%9C%A8%E6%AF%94%E8%BE%83%E5%90%8C%E5%88%86%E6%AF%8D%E5%88%86%E6%95%B0%E7%9A%84%E5%A4%A7%E5%B0%8F%E6%97%B6%EF%BC%8C%E4%BD%A0%E8%BF%98%E6%B2%A1%E6%9C%89%E6%8E%8C%E6%8F%A1%E6%AD%A3%E7%A1%AE%E7%9A%84%E6%96%B9%E6%B3%95%E3%80%82%E5%BB%BA%E8%AE%AE%E5%A4%9A%E7%BB%83%E4%B9%A0%E8%BF%99%E7%B1%BB%E9%A2%98%E7%9B%AE%EF%BC%8C%E7%90%86%E8%A7%A3%E5%88%86%E5%AD%90%E8%B6%8A%E5%A4%A7%E7%9A%84%E5%88%86%E6%95%B0%E5%80%BC%E8%B6%8A%E5%A4%A7%E3%80%82%E7%BB%A7%E7%BB%AD%E5%8A%AA%E5%8A%9B%EF%BC%81%3C%2Fdiv%3E "HTTP/2 200 OK"
2025-10-02 19:23:26,651 - INFO - HTTP Request: GET https://translate.googleapis.com/translate_a/single?client=gtx&sl=auto&tl=zh-tw&hl=zh-tw&dt=at&dt=bd&dt=ex&dt=ld&dt=md&dt=qca&dt=rw&dt=rm&dt=ss&dt=t&ie=UTF-8&oe=UTF-8&otf=1&ssel=0&tsel=0&tk=xxxx&q=%E5%88%86%E6%AF%8D%E7%9B%B8%E5%90%8C%E5%97%8E%EF%BC%9F "HTTP/2 200 OK"
2025-10-02 19:23:49,267 - INFO - HTTP Request: GET https://translate.googleapis.com/translate_a/single?client=gtx&sl=auto&tl=zh-tw&hl=zh-tw&dt=at&dt=bd&dt=ex&dt=ld&dt=md&dt=qca&dt=rw&dt=rm&dt=ss&dt=t&ie=UTF-8&oe=UTF-8&otf=1&ssel=0&tsel=0&tk=xxxx&q=%E5%88%86%E6%AF%8D%E7%9B%B8%E5%90%8C%E5%97%8E%EF%BC%9F "HTTP/2 200 OK"
2025-10-02 19:24:04,139 - INFO - HTTP Request: POST http://127.0.0.1:11434/api/chat "HTTP/1.1 200 OK"
2025-10-02 19:24:04,452 - INFO - HTTP Request: GET https://translate.googleapis.com/translate_a/single?client=gtx&sl=auto&tl=zh-tw&hl=zh-tw&dt=at&dt=bd&dt=ex&dt=ld&dt=md&dt=qca&dt=rw&dt=rm&dt=ss&dt=t&ie=UTF-8&oe=UTF-8&otf=1&ssel=0&tsel=0&tk=xxxx&q=%3Cdiv+style%3D%22font-size%3A1.1rem%3B%22%3E%E4%BD%A0%E5%9C%A8%E6%AF%94%E8%BE%83%E5%90%8C%E5%88%86%E6%AF%8D%E5%88%86%E6%95%B0%E7%9A%84%E5%A4%A7%E5%B0%8F%E6%97%B6%E5%81%9A%E5%BE%97%E4%B8%8D%E9%94%99%EF%BC%8C%E7%9F%A5%E9%81%93%E5%88%86%E5%AD%90%E8%B6%8A%E5%A4%A7%E5%88%86%E6%95%B0%E5%80%BC%E5%B0%B1%E8%B6%8A%E5%A4%A7%E3%80%82%E4%BD%86%E8%BF%98%E6%B2%A1%E6%9C%89%E5%AE%8C%E5%85%A8%E6%8E%8C%E6%8F%A1%E5%A6%82%E4%BD%95%E6%AD%A3%E7%A1%AE%E8%AE%A1%E7%AE%97%E5%92%8C%E5%86%99%E5%87%BA%E4%B8%A4%E4%B8%AA%E5%90%8C%E5%88%86%E6%AF%8D%E5%88%86%E6%95%B0%E3%80%82%E5%BB%BA%E8%AE%AE%E4%BD%A0%E5%A4%9A%E7%BB%83%E4%B9%A0%E8%BF%99%E7%B1%BB%E9%A2%98%E7%9B%AE%EF%BC%8C%E5%8F%AF%E4%BB%A5%E6%89%BE%E4%B8%80%E4%BA%9B%E7%9B%B8%E5%85%B3%E4%B9%A0%E9%A2%98%E5%8A%A0%E5%BC%BA%E8%AE%AD%E7%BB%83%E3%80%82%E5%8A%A0%E6%B2%B9%EF%BC%81%3C%2Fdiv%3E "HTTP/2 200 OK"
2025-10-03 15:38:38,679 - INFO - HTTP Request: GET https://translate.googleapis.com/translate_a/single?client=gtx&sl=auto&tl=zh-tw&hl=zh-tw&dt=at&dt=bd&dt=ex&dt=ld&dt=md&dt=qca&dt=rw&dt=rm&dt=ss&dt=t&ie=UTF-8&oe=UTF-8&otf=1&ssel=0&tsel=0&tk=xxxx&q=%E5%88%86%E6%AF%8D%E7%9B%B8%E5%90%8C%E5%97%8E%EF%BC%9F "HTTP/2 200 OK"
2025-10-03 15:39:11,227 - INFO - HTTP Request: GET https://translate.googleapis.com/translate_a/single?client=gtx&sl=auto&tl=zh-tw&hl=zh-tw&dt=at&dt=bd&dt=ex&dt=ld&dt=md&dt=qca&dt=rw&dt=rm&dt=ss&dt=t&ie=UTF-8&oe=UTF-8&otf=1&ssel=0&tsel=0&tk=xxxx&q=%E5%88%86%E6%AF%8D%E5%85%B6%E5%AE%9E%E6%98%AF%E7%9B%B8%E5%90%8C%E7%9A%84%EF%BC%8C%E9%83%BD%E6%98%AF3%E3%80%82%E4%BD%A0%E8%A6%81%E5%86%8D%E4%BB%94%E7%BB%86%E7%9C%8B%E7%9C%8B%E4%B8%A4%E4%B8%AA%E5%88%86%E6%95%B0%E7%9A%84%E5%88%86%E6%AF%8D%E3%80%82 "HTTP/2 200 OK"
2025-10-08 10:15:42,009 - INFO - HTTP Request: GET https://translate.googleapis.com/translate_a/single?client=gtx&sl=auto&tl=zh-tw&hl=zh-tw&dt=at&dt=bd&dt=ex&dt=ld&dt=md&dt=qca&dt=rw&dt=rm&dt=ss&dt=t&ie=UTF-8&oe=UTF-8&otf=1&ssel=0&tsel=0&tk=xxxx&q=%E5%88%86%E6%AF%8D%E7%9B%B8%E5%90%8C%E5%97%8E%EF%BC%9F "HTTP/2 200 OK"
2025-10-08 10:16:49,187 - INFO - HTTP Request: GET https://translate.googleapis.com/translate_a/single?client=gtx&sl=auto&tl=zh-tw&hl=zh-tw&dt=at&dt=bd&dt=ex&dt=ld&dt=md&dt=qca&dt=rw&dt=rm&dt=ss&dt=t&ie=UTF-8&oe=UTF-8&otf=1&ssel=0&tsel=0&tk=xxxx&q=%E5%88%86%E6%AF%8D%E7%9B%B8%E5%90%8C%E6%99%82%EF%BC%8C%E5%88%86%E5%AD%90%E8%B6%8A%E5%A4%A7%EF%BC%8C%E5%88%86%E6%95%B8%E5%80%BC%E8%B6%8A%E5%A4%A7%E9%82%84%E6%98%AF%E8%B6%8A%E5%B0%8F%EF%BC%9F "HTTP/2 200 OK"
2025-10-08 10:17:26,787 - INFO - HTTP Request: GET https://translate.googleapis.com/translate_a/single?client=gtx&sl=auto&tl=zh-tw&hl=zh-tw&dt=at&dt=bd&dt=ex&dt=ld&dt=md&dt=qca&dt=rw&dt=rm&dt=ss&dt=t&ie=UTF-8&oe=UTF-8&otf=1&ssel=0&tsel=0&tk=xxxx&q=%E4%BD%A0%E7%9A%84%E6%83%B3%E6%B3%95%E6%9C%89%E7%82%B9%E5%84%BF%E5%8F%8D%E4%BA%86%E5%93%A6%EF%BC%81%E5%88%86%E6%AF%8D%E7%9B%B8%E5%90%8C%E7%9A%84%E6%97%B6%E5%80%99%EF%BC%8C%E5%88%86%E5%AD%90%E8%B6%8A%E5%A4%A7%EF%BC%8C%E5%88%86%E6%95%B0%E5%85%B6%E5%AE%9E%E8%B6%8A%E5%A4%A7%E3%80%82%E5%86%8D%E8%AE%A4%E7%9C%9F%E6%83%B3%E4%B8%80%E6%83%B3%EF%BC%8C%E8%AF%95%E8%AF%95%E6%94%B9%E6%AD%A3%E4%B8%80%E4%B8%8B%E5%90%A7%EF%BC%81 "HTTP/2 200 OK"
2025-10-08 10:22:59,313 - INFO - HTTP Request: GET https://translate.googleapis.com/translate_a/single?client=gtx&sl=auto&tl=zh-tw&hl=zh-tw&dt=at&dt=bd&dt=ex&dt=ld&dt=md&dt=qca&dt=rw&dt=rm&dt=ss&dt=t&ie=UTF-8&oe=UTF-8&otf=1&ssel=0&tsel=0&tk=xxxx&q=%E5%88%86%E6%AF%8D%E7%9B%B8%E5%90%8C%E5%97%8E%EF%BC%9F "HTTP/2 200 OK"
2025-10-08 10:26:43,619 - INFO - HTTP Request: POST http://127.0.0.1:11434/api/chat "HTTP/1.1 200 OK"
2025-10-08 10:26:43,869 - INFO - HTTP Request: GET https://translate.googleapis.com/translate_a/single?client=gtx&sl=auto&tl=zh-tw&hl=zh-tw&dt=at&dt=bd&dt=ex&dt=ld&dt=md&dt=qca&dt=rw&dt=rm&dt=ss&dt=t&ie=UTF-8&oe=UTF-8&otf=1&ssel=0&tsel=0&tk=xxxx&q=%3Cdiv+style%3D%22font-size%3A1.1rem%3B%22%3E%E4%BD%A0%E5%9C%A8%E6%AF%94%E8%BE%83%E5%90%8C%E5%88%86%E6%AF%8D%E5%88%86%E6%95%B0%E6%97%B6%E8%A1%A8%E7%8E%B0%E4%B8%80%E8%88%AC%E3%80%82%E5%B7%B2%E6%8E%8C%E6%8F%A1%E4%BA%86%E5%9F%BA%E6%9C%AC%E8%A7%84%E5%88%99%EF%BC%8C%E4%BD%86%E5%9C%A8%E5%AE%9E%E9%99%85%E5%BA%94%E7%94%A8%E4%B8%AD%E4%BB%8D%E6%9C%89%E5%B0%8F%E5%A4%B1%E8%AF%AF%E3%80%82%3C%2Fdiv%3E%3Cdiv+style%3D%22font-size%3A1.1rem%3B+margin-top%3A8px%3B%22%3E%E5%BB%BA%E8%AE%AE%E4%BD%A0%E5%A4%9A%E5%81%9A%E4%B8%80%E4%BA%9B%E7%BB%83%E4%B9%A0%E9%A2%98%EF%BC%8C%E5%B0%A4%E5%85%B6%E6%98%AF%E4%B8%8D%E5%90%8C%E5%88%86%E6%AF%8D%E7%9A%84%E5%88%86%E6%95%B0%E6%AF%94%E8%BE%83%EF%BC%8C%E8%BF%99%E6%A0%B7%E5%8F%AF%E4%BB%A5%E6%9B%B4%E5%A5%BD%E5%9C%B0%E7%90%86%E8%A7%A3%E5%88%86%E6%95%B0%E7%9A%84%E6%A6%82%E5%BF%B5%E3%80%82%E7%BB%A7%E7%BB%AD%E5%8A%A0%E6%B2%B9%EF%BC%81%3C%2Fdiv%3E "HTTP/2 200 OK"
2025-10-08 10:29:26,350 - INFO - HTTP Request: POST http://127.0.0.1:11434/api/chat "HTTP/1.1 200 OK"
2025-10-08 10:29:26,676 - INFO - HTTP Request: GET https://translate.googleapis.com/translate_a/single?client=gtx&sl=auto&tl=zh-tw&hl=zh-tw&dt=at&dt=bd&dt=ex&dt=ld&dt=md&dt=qca&dt=rw&dt=rm&dt=ss&dt=t&ie=UTF-8&oe=UTF-8&otf=1&ssel=0&tsel=0&tk=xxxx&q=%3Cdiv+style%3D%22font-size%3A1.1rem%3B%22%3E%E4%BD%A0%E5%9C%A8%E8%BF%99%E6%96%B9%E9%9D%A2%E7%9A%84%E8%A1%A8%E7%8E%B0%E4%B8%8D%E9%94%99%EF%BC%8C%E7%89%B9%E5%88%AB%E6%98%AF%E5%9C%A8%E6%AF%94%E8%BE%83%E4%B8%A4%E4%B8%AA%E5%90%8C%E5%88%86%E6%AF%8D%E5%88%86%E6%95%B0%E7%9A%84%E5%A4%A7%E5%B0%8F%E4%B8%8A%E5%81%9A%E5%BE%97%E5%BE%88%E5%A5%BD%E3%80%82%E4%BD%86%E6%98%AF%EF%BC%8C%E5%AF%B9%E4%BA%8E%E4%B8%89%E4%B8%AA%E5%90%8C%E5%88%86%E6%AF%8D%E5%88%86%E6%95%B0%E7%9A%84%E6%AF%94%E8%BE%83%E8%BF%98%E5%AD%98%E5%9C%A8%E5%9B%B0%E9%9A%BE%E3%80%82%E5%BB%BA%E8%AE%AE%E5%A4%9A%E5%81%9A%E4%B8%80%E4%BA%9B%E7%BB%83%E4%B9%A0%EF%BC%8C%E6%AF%94%E5%A6%82%E6%AF%94%E8%BE%83%E5%87%A0%E4%B8%AA%E7%9B%B8%E5%90%8C%E5%88%86%E6%AF%8D%E7%9A%84%E5%88%86%E6%95%B0%EF%BC%8C%E9%80%9A%E8%BF%87%E5%AE%9E%E8%B7%B5%E6%9D%A5%E5%8A%A0%E6%B7%B1%E7%90%86%E8%A7%A3%E3%80%82%E8%BF%99%E6%A0%B7%E5%8F%AF%E4%BB%A5%E8%AE%A9%E4%BD%A0%E6%9B%B4%E7%86%9F%E7%BB%83%E5%9C%B0%E6%8E%8C%E6%8F%A1%E8%BF%99%E4%B8%AA%E7%9F%A5%E8%AF%86%E7%82%B9%E5%93%A6%EF%BC%81%3C%2Fdiv%3E "HTTP/2 200 OK"
2025-10-08 10:47:34,643 - INFO - HTTP Request: GET https://translate.googleapis.com/translate_a/single?client=gtx&sl=auto&tl=zh-tw&hl=zh-tw&dt=at&dt=bd&dt=ex&dt=ld&dt=md&dt=qca&dt=rw&dt=rm&dt=ss&dt=t&ie=UTF-8&oe=UTF-8&otf=1&ssel=0&tsel=0&tk=xxxx&q=%E5%88%86%E6%AF%8D%E7%9B%B8%E5%90%8C%E5%97%8E%EF%BC%9F "HTTP/2 200 OK"
2025-10-08 10:47:57,245 - INFO - HTTP Request: POST http://127.0.0.1:11434/api/chat "HTTP/1.1 200 OK"
2025-10-08 10:47:57,591 - INFO - HTTP Request: GET https://translate.googleapis.com/translate_a/single?client=gtx&sl=auto&tl=zh-tw&hl=zh-tw&dt=at&dt=bd&dt=ex&dt=ld&dt=md&dt=qca&dt=rw&dt=rm&dt=ss&dt=t&ie=UTF-8&oe=UTF-8&otf=1&ssel=0&tsel=0&tk=xxxx&q=%3Cdiv+style%3D%22font-size%3A1.1rem%3B%22%3E%E4%BD%A0%E5%9C%A8%E6%AF%94%E8%BE%83%E4%B8%A4%E4%B8%AA%E5%90%8C%E5%88%86%E6%AF%8D%E5%88%86%E6%95%B0%E6%97%B6%E5%BE%97%E5%88%B0%E4%BA%862.5%E5%88%86%E3%80%82%E4%BD%A0%E5%B7%B2%E7%BB%8F%E6%8E%8C%E6%8F%A1%E4%BA%86%E5%88%86%E6%AF%8D%E7%9B%B8%E5%90%8C%E6%97%B6%EF%BC%8C%E5%88%86%E5%AD%90%E8%B6%8A%E5%A4%A7%E7%9A%84%E5%88%86%E6%95%B0%E5%80%BC%E8%B6%8A%E5%A4%A7%E7%9A%84%E8%A7%84%E5%88%99%EF%BC%8C%E5%B9%B6%E4%B8%94%E5%8F%AA%E7%8A%AF%E4%BA%861%E6%AC%A1%E9%94%99%E8%AF%AF%E3%80%82%E8%BF%99%E6%98%AF%E4%B8%AA%E4%B8%8D%E9%94%99%E7%9A%84%E8%BF%9B%E6%AD%A5%EF%BC%81%3C%2Fdiv%3E%3Cdiv+style%3D%22font-size%3A1.1rem%3B+margin-top%3A8px%3B%22%3E%E4%B8%8D%E8%BF%87%EF%BC%8C%E8%A6%81%E6%9B%B4%E4%B8%8A%E4%B8%80%E5%B1%82%E6%A5%BC%EF%BC%8C%E5%8F%AF%E4%BB%A5%E5%A4%9A%E5%81%9A%E4%BA%9B%E7%BB%83%E4%B9%A0%E6%9D%A5%E5%B7%A9%E5%9B%BA%E8%BF%99%E4%B8%AA%E7%9F%A5%E8%AF%86%E7%82%B9%E3%80%82%E5%BB%BA%E8%AE%AE%E4%BD%A0%E6%AF%8F%E5%A4%A9%E8%8A%B1%E5%87%A0%E5%88%86%E9%92%9F%E5%A4%8D%E4%B9%A0%E6%AF%94%E8%BE%83%E5%90%8C%E5%88%86%E6%AF%8D%E5%88%86%E6%95%B0%E5%A4%A7%E5%B0%8F%E7%9A%84%E6%96%B9%E6%B3%95%EF%BC%8C%E6%AF%94%E5%A6%82%E7%BB%99%E8%87%AA%E5%B7%B1%E4%B8%BE%E4%B8%80%E4%BA%9B%E4%BE%8B%E5%AD%90%E8%AF%95%E8%AF%95%E7%9C%8B%E3%80%82%E5%8A%A0%E6%B2%B9%EF%BC%81%3C%2Fdiv%3E "HTTP/2 200 OK"
2025-10-08 10:51:09,277 - INFO - HTTP Request: GET https://translate.googleapis.com/translate_a/single?client=gtx&sl=auto&tl=zh-tw&hl=zh-tw&dt=at&dt=bd&dt=ex&dt=ld&dt=md&dt=qca&dt=rw&dt=rm&dt=ss&dt=t&ie=UTF-8&oe=UTF-8&otf=1&ssel=0&tsel=0&tk=xxxx&q=%E5%88%86%E6%AF%8D%E7%9B%B8%E5%90%8C%E5%97%8E%EF%BC%9F "HTTP/2 200 OK"
